"C:/Users/David/Desktop/UnrealGameProjects/DesertSurvival/DesertSurvival.uproject" 1
"../../../Engine/Plugins/2D/Paper2D/Paper2D.uplugin" 2
"../../../Engine/Plugins/Developer/BlankPlugin/BlankPlugin.uplugin" 3
"../../../Engine/Plugins/Developer/GitSourceControl/GitSourceControl.uplugin" 4
"../../../Engine/Plugins/Developer/KDevelopSourceCodeAccess/KDevelopSourceCodeAccess.uplugin" 5
"../../../Engine/Plugins/Developer/NullSourceCodeAccess/NullSourceCodeAccess.uplugin" 6
"../../../Engine/Plugins/Developer/PerforceSourceControl/PerforceSourceControl.uplugin" 7
"../../../Engine/Plugins/Developer/SubversionSourceControl/SubversionSourceControl.uplugin" 8
"../../../Engine/Plugins/Developer/UObjectPlugin/UObjectPlugin.uplugin" 9
"../../../Engine/Plugins/Developer/VisualStudioSourceCodeAccess/VisualStudioSourceCodeAccess.uplugin" 10
"../../../Engine/Plugins/Developer/XCodeSourceCodeAccess/XCodeSourceCodeAccess.uplugin" 11
"../../../Engine/Plugins/Editor/EpicSurvey/EpicSurvey.uplugin" 12
"../../../Engine/Plugins/Editor/MacGraphicsSwitching/MacGraphicsSwitching.uplugin" 13
"../../../Engine/Plugins/Editor/PluginBrowser/PluginBrowser.uplugin" 14
"../../../Engine/Plugins/Editor/PluginCreator/PluginCreator.uplugin" 15
"../../../Engine/Plugins/Editor/SpeedTreeImporter/SpeedTreeImporter.uplugin" 16
"../../../Engine/Plugins/Experimental/BlueprintStats/BlueprintStats.uplugin" 17
"../../../Engine/Plugins/Experimental/CharacterAI/CharacterAI.uplugin" 18
"../../../Engine/Plugins/Experimental/CodeEditor/CodeEditor.uplugin" 19
"../../../Engine/Plugins/Experimental/CodeView/CodeView.uplugin" 20
"../../../Engine/Plugins/Experimental/HTML5Networking/HTML5Networking.uplugin" 21
"../../../Engine/Plugins/Experimental/LiveEditor/LiveEditor.uplugin" 22
"../../../Engine/Plugins/Experimental/Phya/Phya.uplugin" 23
"../../../Engine/Plugins/Experimental/SimpleHMD/SimpleHMD.uplugin" 24
"../../../Engine/Plugins/Experimental/StructBox/StructBox.uplugin" 25
"../../../Engine/Plugins/Media/AndroidMedia/AndroidMedia.uplugin" 26
"../../../Engine/Plugins/Media/AvfMedia/AvfMedia.uplugin" 27
"../../../Engine/Plugins/Media/MediaPlayerEditor/MediaPlayerEditor.uplugin" 28
"../../../Engine/Plugins/Media/WmfMedia/WmfMedia.uplugin" 29
"../../../Engine/Plugins/Messaging/MessagingDebugger/MessagingDebugger.uplugin" 30
"../../../Engine/Plugins/Messaging/UdpMessaging/UdpMessaging.uplugin" 31
"../../../Engine/Plugins/NetcodeUnitTest/NetcodeUnitTest/NetcodeUnitTest.uplugin" 32
"../../../Engine/Plugins/NetcodeUnitTest/NUTUnrealEngine4/NUTUnrealEngine4.uplugin" 33
"../../../Engine/Plugins/Runtime/Advertising/IOSTapJoy/IOSTapJoy.uplugin" 34
"../../../Engine/Plugins/Runtime/Analytics/AnalyticsBlueprintLibrary/AnalyticsBlueprintLibrary.uplugin" 35
"../../../Engine/Plugins/Runtime/Analytics/AnalyticsMulticast/AnalyticsMulticast.uplugin" 36
"../../../Engine/Plugins/Runtime/Analytics/Apsalar/IOSApsalar/IOSApsalar.uplugin" 37
"../../../Engine/Plugins/Runtime/Analytics/FileLogging/FileLogging.uplugin" 38
"../../../Engine/Plugins/Runtime/Analytics/Flurry/IOSFlurry/IOSFlurry.uplugin" 39
"../../../Engine/Plugins/Runtime/AndroidDeviceProfileSelector/AndroidDeviceProfileSelector.uplugin" 40
"../../../Engine/Plugins/Runtime/AndroidMoviePlayer/AndroidMoviePlayer.uplugin" 41
"../../../Engine/Plugins/Runtime/AppleMoviePlayer/AppleMoviePlayer.uplugin" 42
"../../../Engine/Plugins/Runtime/CableComponent/CableComponent.uplugin" 43
"../../../Engine/Plugins/Runtime/CustomMeshComponent/CustomMeshComponent.uplugin" 44
"../../../Engine/Plugins/Runtime/ExampleDeviceProfileSelector/ExampleDeviceProfileSelector.uplugin" 45
"../../../Engine/Plugins/Runtime/GearVR/GearVR.uplugin" 46
"../../../Engine/Plugins/Runtime/IOSDeviceProfileSelector/IOSDeviceProfileSelector.uplugin" 47
"../../../Engine/Plugins/Runtime/LeapMotionController/LeapMotionController.uplugin" 48
"../../../Engine/Plugins/Runtime/LiveEditorListenServer/LiveEditorListenServer.uplugin" 49
"../../../Engine/Plugins/Runtime/OculusAudio/OculusAudio.uplugin" 50
"../../../Engine/Plugins/Runtime/OculusRift/OculusRift.uplugin" 51
"../../../Engine/Plugins/Runtime/ProceduralMeshComponent/ProceduralMeshComponent.uplugin" 52
"../../../Engine/Plugins/Runtime/SoundMod/SoundMod.uplugin" 53
"../../../Engine/Plugins/Runtime/SoundVisualizations/SoundVisualizations.uplugin" 54
"../../../Engine/Plugins/Runtime/Steam/SteamController/SteamController.uplugin" 55
"../../../Engine/Plugins/Runtime/Steam/SteamVR/SteamVR.uplugin" 56
"../../../Engine/Plugins/Runtime/WebBrowserWidget/WebBrowserWidget.uplugin" 57
"../../../Engine/Plugins/Runtime/WindowsDeviceProfileSelector/WindowsDeviceProfileSelector.uplugin" 58
"../../../Engine/Plugins/Runtime/WindowsMoviePlayer/WindowsMoviePlayer.uplugin" 59
"../../../Engine/Plugins/ScriptGeneratorPlugin/ScriptGeneratorPlugin.uplugin" 60
"../../../Engine/Plugins/ScriptPlugin/ScriptPlugin.uplugin" 61
"../../../Engine/Plugins/Slate/SlateRemote/SlateRemote.uplugin" 62
"..\..\..\Engine\Content\Internationalization\icudt53l\cnvalias.icu" 63
"..\..\..\Engine\Content\Internationalization\icudt53l\en_US_POSIX.res" 64
"..\..\..\Engine\Content\Internationalization\icudt53l\pool.res" 65
"..\..\..\Engine\Content\Internationalization\icudt53l\en_US.res" 66
"..\..\..\Engine\Content\Internationalization\icudt53l\en.res" 67
"..\..\..\Engine\Content\Internationalization\icudt53l\root.res" 68
"C:/Users/David/AppData/Local/UnrealEngine/4.8/Saved/Config/Windows/Manifest.ini" 69
"../../../Engine/Config/Base.ini" 70
"../../../Engine/Config/BaseEngine.ini" 71
"C:/Users/David/Desktop/UnrealGameProjects/DesertSurvival/Config/DefaultEngine.ini" 72
"../../../Engine/Config/Windows/WindowsEngine.ini" 73
"C:/Users/David/AppData/Local/Unreal Engine/Engine/Config/UserEngine.ini" 74
"C:/Users/David/Desktop/UnrealGameProjects/DesertSurvival/Saved/Config/Windows/Engine.ini" 75
"../../../../../../Users/David/Desktop/UnrealGameProjects/DesertSurvival/Intermediate/Config/CoalescedSourceConfigs/Engine.ini" 76
"../../../Engine/Config/BaseGame.ini" 77
"C:/Users/David/Desktop/UnrealGameProjects/DesertSurvival/Config/DefaultGame.ini" 78
"C:/Users/David/Desktop/UnrealGameProjects/DesertSurvival/Saved/Config/Windows/Game.ini" 79
"../../../../../../Users/David/Desktop/UnrealGameProjects/DesertSurvival/Intermediate/Config/CoalescedSourceConfigs/Game.ini" 80
"../../../Engine/Config/BaseInput.ini" 81
"C:/Users/David/Desktop/UnrealGameProjects/DesertSurvival/Config/DefaultInput.ini" 82
"C:/Users/David/Desktop/UnrealGameProjects/DesertSurvival/Saved/Config/Windows/Input.ini" 83
"../../../../../../Users/David/Desktop/UnrealGameProjects/DesertSurvival/Intermediate/Config/CoalescedSourceConfigs/Input.ini" 84
"../../../Engine/Config/BaseEditor.ini" 85
"C:/Users/David/Desktop/UnrealGameProjects/DesertSurvival/Config/DefaultEditor.ini" 86
"C:/Users/David/Desktop/UnrealGameProjects/DesertSurvival/Saved/Config/Windows/Editor.ini" 87
"../../../../../../Users/David/Desktop/UnrealGameProjects/DesertSurvival/Intermediate/Config/CoalescedSourceConfigs/Editor.ini" 88
"../../../Engine/Config/BaseEditorPerProjectUserSettings.ini" 89
"C:/Users/David/Desktop/UnrealGameProjects/DesertSurvival/Saved/Config/Windows/EditorPerProjectUserSettings.ini" 90
"../../../../../../Users/David/Desktop/UnrealGameProjects/DesertSurvival/Intermediate/Config/CoalescedSourceConfigs/EditorPerProjectUserSettings.ini" 91
"../../../Engine/Config/BaseEditorSettings.ini" 92
"C:/Users/David/AppData/Local/UnrealEngine/4.8/Saved/Config/Windows/EditorSettings.ini" 93
"../../../../../../Users/David/Desktop/UnrealGameProjects/DesertSurvival/Intermediate/Config/CoalescedSourceConfigs/EditorSettings.ini" 94
"../../../Engine/Config/BaseEditorLayout.ini" 95
"C:/Users/David/AppData/Local/UnrealEngine/4.8/Saved/Config/Windows/EditorLayout.ini" 96
"../../../../../../Users/David/Desktop/UnrealGameProjects/DesertSurvival/Intermediate/Config/CoalescedSourceConfigs/EditorLayout.ini" 97
"../../../Engine/Config/BaseEditorKeyBindings.ini" 98
"C:/Users/David/AppData/Local/UnrealEngine/4.8/Saved/Config/Windows/EditorKeyBindings.ini" 99
"../../../../../../Users/David/Desktop/UnrealGameProjects/DesertSurvival/Intermediate/Config/CoalescedSourceConfigs/EditorKeyBindings.ini" 100
"../../../Engine/Config/BaseCompat.ini" 101
"C:/Users/David/Desktop/UnrealGameProjects/DesertSurvival/Saved/Config/Windows/Compat.ini" 102
"../../../../../../Users/David/Desktop/UnrealGameProjects/DesertSurvival/Intermediate/Config/CoalescedSourceConfigs/Compat.ini" 103
"../../../Engine/Config/BaseLightmass.ini" 104
"C:/Users/David/Desktop/UnrealGameProjects/DesertSurvival/Saved/Config/Windows/Lightmass.ini" 105
"../../../../../../Users/David/Desktop/UnrealGameProjects/DesertSurvival/Intermediate/Config/CoalescedSourceConfigs/Lightmass.ini" 106
"../../../Engine/Config/BaseScalability.ini" 107
"C:/Users/David/Desktop/UnrealGameProjects/DesertSurvival/Saved/Config/Windows/Scalability.ini" 108
"../../../../../../Users/David/Desktop/UnrealGameProjects/DesertSurvival/Intermediate/Config/CoalescedSourceConfigs/Scalability.ini" 109
"C:/Users/David/Desktop/UnrealGameProjects/DesertSurvival/Saved/Config/Windows/GameUserSettings.ini" 110
"../../../../../../Users/David/Desktop/UnrealGameProjects/DesertSurvival/Intermediate/Config/CoalescedSourceConfigs/GameUserSettings.ini" 111
"../../../Engine/Config/BaseDeviceProfiles.ini" 112
"C:/Users/David/Desktop/UnrealGameProjects/DesertSurvival/Saved/Config/Windows/DeviceProfiles.ini" 113
"../../../../../../Users/David/Desktop/UnrealGameProjects/DesertSurvival/Intermediate/Config/CoalescedSourceConfigs/DeviceProfiles.ini" 114
"../../../Engine/Config/ConsoleVariables.ini" 115
"..\..\..\Engine\Content\Internationalization\icudt53l\es.res" 116
"..\..\..\Engine\Content\Internationalization\icudt53l\ja.res" 117
"..\..\..\Engine\Content\Internationalization\icudt53l\ko.res" 118
"..\..\..\Engine\Content\Internationalization\icudt53l\pt_BR.res" 119
"..\..\..\Engine\Content\Internationalization\icudt53l\pt.res" 120
"..\..\..\Engine\Content\Internationalization\icudt53l\zh_CN.res" 121
"..\..\..\Engine\Content\Internationalization\icudt53l\zh_Hans_CN.res" 122
"..\..\..\Engine\Content\Internationalization\icudt53l\zh_Hans.res" 123
"..\..\..\Engine\Content\Internationalization\icudt53l\zh.res" 124
"C:/Program Files/Epic Games/4.8/Engine/Content/Localization/Editor/en/Editor.locres" 125
"C:/Program Files/Epic Games/4.8/Engine/Content/Localization/EditorTutorials/en/EditorTutorials.locres" 126
"C:/Program Files/Epic Games/4.8/Engine/Content/Localization/Keywords/en/Keywords.locres" 127
"C:/Program Files/Epic Games/4.8/Engine/Content/Localization/ToolTips/en/ToolTips.locres" 128
"C:/Program Files/Epic Games/4.8/Engine/Content/Localization/PropertyNames/en/PropertyNames.locres" 129
"C:/Program Files/Epic Games/4.8/Engine/Content/Localization/Engine/en/Engine.locres" 130
"../../../Engine/Content/Slate/Fonts/Roboto-Regular.ttf" 131
"../../../Engine/Content/Slate/Fonts/DroidSansMono.ttf" 132
"../../../Engine/Content/Slate/Fonts/Roboto-Bold.ttf" 133
"../../../Engine/Content/Slate/Fonts/Roboto-Light.ttf" 134
"C:/Program Files/Epic Games/4.8/Engine/Binaries/Win64/../../../Engine/Shaders/ParticleSpriteVertexFactory.usf" 135
"C:/Program Files/Epic Games/4.8/Engine/Binaries/Win64/../../../Engine/Shaders/VertexFactoryCommon.usf" 136
"C:/Program Files/Epic Games/4.8/Engine/Binaries/Win64/../../../Engine/Shaders/Common.usf" 137
"C:/Program Files/Epic Games/4.8/Engine/Binaries/Win64/../../../Engine/Shaders/MetalCommon.usf" 138
"C:/Program Files/Epic Games/4.8/Engine/Binaries/Win64/../../../Engine/Shaders/ShaderVersion.usf" 139
"C:/Program Files/Epic Games/4.8/Engine/Binaries/Win64/../../../Engine/Shaders/Definitions.usf" 140
"C:/Program Files/Epic Games/4.8/Engine/Binaries/Win64/../../../Engine/Shaders/Random.usf" 141
"C:/Program Files/Epic Games/4.8/Engine/Binaries/Win64/../../../Engine/Shaders/ParticleVertexFactoryCommon.usf" 142
"C:/Program Files/Epic Games/4.8/Engine/Binaries/Win64/../../../Engine/Shaders/ParticleGPUSpriteVertexFactory.usf" 143
"C:/Program Files/Epic Games/4.8/Engine/Binaries/Win64/../../../Engine/Shaders/ParticleBeamTrailVertexFactory.usf" 144
"C:/Program Files/Epic Games/4.8/Engine/Binaries/Win64/../../../Engine/Shaders/LocalVertexFactory.usf" 145
"C:/Program Files/Epic Games/4.8/Engine/Binaries/Win64/../../../Engine/Shaders/LocalVertexFactoryCommon.usf" 146
"C:/Program Files/Epic Games/4.8/Engine/Binaries/Win64/../../../Engine/Shaders/VectorFieldVisualizationVertexFactory.usf" 147
"C:/Program Files/Epic Games/4.8/Engine/Binaries/Win64/../../../Engine/Shaders/MeshParticleVertexFactory.usf" 148
"C:/Program Files/Epic Games/4.8/Engine/Binaries/Win64/../../../Engine/Shaders/GpuSkinVertexFactory.usf" 149
"C:/Program Files/Epic Games/4.8/Engine/Binaries/Win64/../../../Engine/Shaders/GpuSkinCacheCommon.usf" 150
"C:/Program Files/Epic Games/4.8/Engine/Binaries/Win64/../../../Engine/Shaders/LandscapeVertexFactory.usf" 151
"C:/Program Files/Epic Games/4.8/Engine/Binaries/Win64/../../../Engine/Shaders/SlateElementPixelShader.usf" 152
"C:/Program Files/Epic Games/4.8/Engine/Binaries/Win64/../../../Engine/Shaders/GammaCorrectionCommon.usf" 153
"C:/Program Files/Epic Games/4.8/Engine/Binaries/Win64/../../../Engine/Shaders/MaterialTemplate.usf" 154
"C:/Program Files/Epic Games/4.8/Engine/Binaries/Win64/../../../Engine/Shaders/DepthOfFieldCommon.usf" 155
"C:/Program Files/Epic Games/4.8/Engine/Binaries/Win64/../../../Engine/Shaders/SpeedTreeCommon.usf" 156
"C:/Program Files/Epic Games/4.8/Engine/Binaries/Win64/../../../Engine/Shaders/AtmosphereCommon.usf" 157
"C:/Program Files/Epic Games/4.8/Engine/Binaries/Win64/../../../Engine/Shaders/EyeAdaptationCommon.usf" 158
"C:/Program Files/Epic Games/4.8/Engine/Binaries/Win64/../../../Engine/Shaders/PostProcessCommon.usf" 159
"C:/Program Files/Epic Games/4.8/Engine/Binaries/Win64/../../../Engine/Shaders/DeferredShadingCommon.usf" 160
"C:/Program Files/Epic Games/4.8/Engine/Binaries/Win64/../../../Engine/Shaders/LightAccumulator.usf" 161
"C:/Program Files/Epic Games/4.8/Engine/Binaries/Win64/../../../Engine/Shaders/SlateVertexShader.usf" 162
"C:/Program Files/Epic Games/4.8/Engine/Binaries/Win64/../../../Engine/Shaders/ParticleSortKeyGen.usf" 163
"C:/Program Files/Epic Games/4.8/Engine/Binaries/Win64/../../../Engine/Shaders/ParticleBoundsShader.usf" 164
"C:/Program Files/Epic Games/4.8/Engine/Binaries/Win64/../../../Engine/Shaders/ParticleSimVisualizeShader.usf" 165
"C:/Program Files/Epic Games/4.8/Engine/Binaries/Win64/../../../Engine/Shaders/ParticleInjectionShader.usf" 166
"C:/Program Files/Epic Games/4.8/Engine/Binaries/Win64/../../../Engine/Shaders/ParticleSimulationShader.usf" 167
"C:/Program Files/Epic Games/4.8/Engine/Binaries/Win64/../../../Engine/Shaders/ParticleCurveInjectionShader.usf" 168
"C:/Program Files/Epic Games/4.8/Engine/Binaries/Win64/../../../Engine/Shaders/VectorFieldCompositeShaders.usf" 169
"C:/Program Files/Epic Games/4.8/Engine/Binaries/Win64/../../../Engine/Shaders/UpdateTextureShaders.usf" 170
"C:/Program Files/Epic Games/4.8/Engine/Binaries/Win64/../../../Engine/Shaders/SimpleElementColorChannelMaskPixelShader.usf" 171
"C:/Program Files/Epic Games/4.8/Engine/Binaries/Win64/../../../Engine/Shaders/SimpleElementHitProxyPixelShader.usf" 172
"C:/Program Files/Epic Games/4.8/Engine/Binaries/Win64/../../../Engine/Shaders/SimpleElementPixelShader.usf" 173
"C:/Program Files/Epic Games/4.8/Engine/Binaries/Win64/../../../Engine/Shaders/ColorUtils.usf" 174
"C:/Program Files/Epic Games/4.8/Engine/Binaries/Win64/../../../Engine/Shaders/IESLightProfilesCommon.usf" 175
"C:/Program Files/Epic Games/4.8/Engine/Binaries/Win64/../../../Engine/Shaders/SimpleElementVertexShader.usf" 176
"C:/Program Files/Epic Games/4.8/Engine/Binaries/Win64/../../../Engine/Shaders/ScreenVertexShader.usf" 177
"C:/Program Files/Epic Games/4.8/Engine/Binaries/Win64/../../../Engine/Shaders/ScreenPixelShader.usf" 178
"C:/Program Files/Epic Games/4.8/Engine/Binaries/Win64/../../../Engine/Shaders/RadixSortShaders.usf" 179
"C:/Program Files/Epic Games/4.8/Engine/Binaries/Win64/../../../Engine/Shaders/GpuSkinCacheComputeShader.usf" 180
"C:/Program Files/Epic Games/4.8/Engine/Binaries/Win64/../../../Engine/Shaders/NullPixelShader.usf" 181
"C:/Program Files/Epic Games/4.8/Engine/Binaries/Win64/../../../Engine/Shaders/LandscapeGrassWeight.usf" 182
"C:/Program Files/Epic Games/4.8/Engine/Binaries/Win64/../../../Engine/Shaders/SimpleElementTexture2DPreviewPixelShader.usf" 183
"C:/Program Files/Epic Games/4.8/Engine/Binaries/Win64/../../../Engine/Shaders/SimpleElementNormalMapPixelShader.usf" 184
"C:/Program Files/Epic Games/4.8/Engine/Binaries/Win64/../../../Engine/Shaders/meshpaintdilatepixelshader.usf" 185
"C:/Program Files/Epic Games/4.8/Engine/Binaries/Win64/../../../Engine/Shaders/meshpaintdilatevertexshader.usf" 186
"C:/Program Files/Epic Games/4.8/Engine/Binaries/Win64/../../../Engine/Shaders/MeshPaintPixelShader.usf" 187
"C:/Program Files/Epic Games/4.8/Engine/Binaries/Win64/../../../Engine/Shaders/MeshPaintVertexShader.usf" 188
"C:/Program Files/Epic Games/4.8/Engine/Binaries/Win64/../../../Engine/Shaders/VisualizeTexture.usf" 189
"C:/Program Files/Epic Games/4.8/Engine/Binaries/Win64/../../../Engine/Shaders/ScreenSpaceReflections.usf" 190
"C:/Program Files/Epic Games/4.8/Engine/Binaries/Win64/../../../Engine/Shaders/BRDF.usf" 191
"C:/Program Files/Epic Games/4.8/Engine/Binaries/Win64/../../../Engine/Shaders/MonteCarlo.usf" 192
"C:/Program Files/Epic Games/4.8/Engine/Binaries/Win64/../../../Engine/Shaders/ScreenSpaceRayCast.usf" 193
"C:/Program Files/Epic Games/4.8/Engine/Binaries/Win64/../../../Engine/Shaders/FilterVertexShader.usf" 194
"C:/Program Files/Epic Games/4.8/Engine/Binaries/Win64/../../../Engine/Shaders/FilterPixelShader.usf" 195
"C:/Program Files/Epic Games/4.8/Engine/Binaries/Win64/../../../Engine/Shaders/PostProcessVisualizeHDR.usf" 196
"C:/Program Files/Epic Games/4.8/Engine/Binaries/Win64/../../../Engine/Shaders/PostProcessHistogramCommon.usf" 197
"C:/Program Files/Epic Games/4.8/Engine/Binaries/Win64/../../../Engine/Shaders/TonemapCommon.usf" 198
"C:/Program Files/Epic Games/4.8/Engine/Binaries/Win64/../../../Engine/Shaders/ACES.usf" 199
"C:/Program Files/Epic Games/4.8/Engine/Binaries/Win64/../../../Engine/Shaders/MiniFontCommon.usf" 200
"C:/Program Files/Epic Games/4.8/Engine/Binaries/Win64/../../../Engine/Shaders/PostProcessVisualizeBuffer.usf" 201
"C:/Program Files/Epic Games/4.8/Engine/Binaries/Win64/../../../Engine/Shaders/PostProcessUpscale.usf" 202
"C:/Program Files/Epic Games/4.8/Engine/Binaries/Win64/../../../Engine/Shaders/PostProcessTonemap.usf" 203
"C:/Program Files/Epic Games/4.8/Engine/Binaries/Win64/../../../Engine/Shaders/PostProcessTestImage.usf" 204
"C:/Program Files/Epic Games/4.8/Engine/Binaries/Win64/../../../Engine/Shaders/PostProcessTemporalAA.usf" 205
"C:/Program Files/Epic Games/4.8/Engine/Binaries/Win64/../../../Engine/Shaders/PostProcessTemporalCommon.usf" 206
"C:/Program Files/Epic Games/4.8/Engine/Binaries/Win64/../../../Engine/Shaders/PostProcessSubsurface.usf" 207
"C:/Program Files/Epic Games/4.8/Engine/Binaries/Win64/../../../Engine/Shaders/SeparableSSS.usf" 208
"C:/Program Files/Epic Games/4.8/Engine/Binaries/Win64/../../../Engine/Shaders/PostProcessSelectionOutline.usf" 209
"C:/Program Files/Epic Games/4.8/Engine/Binaries/Win64/../../../Engine/Shaders/PostProcessSceneColorFringe.usf" 210
"C:/Program Files/Epic Games/4.8/Engine/Binaries/Win64/../../../Engine/Shaders/PostProcessNoiseBlur.usf" 211
"C:/Program Files/Epic Games/4.8/Engine/Binaries/Win64/../../../Engine/Shaders/PostProcessMotionBlur.usf" 212
"C:/Program Files/Epic Games/4.8/Engine/Binaries/Win64/../../../Engine/Shaders/PostProcessVelocityFlatten.usf" 213
"C:/Program Files/Epic Games/4.8/Engine/Binaries/Win64/../../../Engine/Shaders/MorpheusInclude.usf" 214
"C:/Program Files/Epic Games/4.8/Engine/Binaries/Win64/../../../Engine/Shaders/PostProcessMobile.usf" 215
"C:/Program Files/Epic Games/4.8/Engine/Binaries/Win64/../../../Engine/Shaders/PostProcessMaterialShaders.usf" 216
"C:/Program Files/Epic Games/4.8/Engine/Binaries/Win64/../../../Engine/Shaders/PostProcessLensFlares.usf" 217
"C:/Program Files/Epic Games/4.8/Engine/Binaries/Win64/../../../Engine/Shaders/PostProcessLensBlur.usf" 218
"C:/Program Files/Epic Games/4.8/Engine/Binaries/Win64/../../../Engine/Shaders/PostProcessBloom.usf" 219
"C:/Program Files/Epic Games/4.8/Engine/Binaries/Win64/../../../Engine/Shaders/PostProcessHMD.usf" 220
"C:/Program Files/Epic Games/4.8/Engine/Binaries/Win64/../../../Engine/Shaders/PostProcessHistogramReduce.usf" 221
"C:/Program Files/Epic Games/4.8/Engine/Binaries/Win64/../../../Engine/Shaders/PostProcessHistogram.usf" 222
"C:/Program Files/Epic Games/4.8/Engine/Binaries/Win64/../../../Engine/Shaders/PostProcessGBufferHints.usf" 223
"C:/Program Files/Epic Games/4.8/Engine/Binaries/Win64/../../../Engine/Shaders/PostProcessEyeAdaptation.usf" 224
"C:/Program Files/Epic Games/4.8/Engine/Binaries/Win64/../../../Engine/Shaders/PostProcessDownsample.usf" 225
"C:/Program Files/Epic Games/4.8/Engine/Binaries/Win64/../../../Engine/Shaders/PostProcessDOF.usf" 226
"C:/Program Files/Epic Games/4.8/Engine/Binaries/Win64/../../../Engine/Shaders/PostProcessCompositeEditorPrimitives.usf" 227
"C:/Program Files/Epic Games/4.8/Engine/Binaries/Win64/../../../Engine/Shaders/PostProcessCombineLUTs.usf" 228
"C:/Program Files/Epic Games/4.8/Engine/Binaries/Win64/../../../Engine/Shaders/PostProcessBusyWait.usf" 229
"C:/Program Files/Epic Games/4.8/Engine/Binaries/Win64/../../../Engine/Shaders/PostProcessBokehDOF.usf" 230
"C:/Program Files/Epic Games/4.8/Engine/Binaries/Win64/../../../Engine/Shaders/FXAAShader.usf" 231
"C:/Program Files/Epic Games/4.8/Engine/Binaries/Win64/../../../Engine/Shaders/Fxaa3_11.usf" 232
"C:/Program Files/Epic Games/4.8/Engine/Binaries/Win64/../../../Engine/Shaders/PostProcessPassThrough.usf" 233
"C:/Program Files/Epic Games/4.8/Engine/Binaries/Win64/../../../Engine/Shaders/PostProcessLpvIndirect.usf" 234
"C:/Program Files/Epic Games/4.8/Engine/Binaries/Win64/../../../Engine/Shaders/DeferredLightingCommon.usf" 235
"C:/Program Files/Epic Games/4.8/Engine/Binaries/Win64/../../../Engine/Shaders/DynamicLightingCommon.usf" 236
"C:/Program Files/Epic Games/4.8/Engine/Binaries/Win64/../../../Engine/Shaders/LPVFinalPass.usf" 237
"C:/Program Files/Epic Games/4.8/Engine/Binaries/Win64/../../../Engine/Shaders/LPVCommon.usf" 238
"C:/Program Files/Epic Games/4.8/Engine/Binaries/Win64/../../../Engine/Shaders/DeferredDecal.usf" 239
"C:/Program Files/Epic Games/4.8/Engine/Binaries/Win64/../../../Engine/Shaders/PostProcessAmbientOcclusion.usf" 240
"C:/Program Files/Epic Games/4.8/Engine/Binaries/Win64/../../../Engine/Shaders/PostProcessAmbient.usf" 241
"C:/Program Files/Epic Games/4.8/Engine/Binaries/Win64/../../../Engine/Shaders/CubemapCommon.usf" 242
"C:/Program Files/Epic Games/4.8/Engine/Binaries/Win64/../../../Engine/Shaders/VelocityShader.usf" 243
"C:/Program Files/Epic Games/4.8/Engine/Binaries/Win64/../../../Engine/Shaders/VelocityCommon.usf" 244
"C:/Program Files/Epic Games/4.8/Engine/Binaries/Win64/../../../Engine/Shaders/Tessellation.usf" 245
"C:/Program Files/Epic Games/4.8/Engine/Binaries/Win64/../../../Engine/Shaders/FlatTessellation.usf" 246
"C:/Program Files/Epic Games/4.8/Engine/Binaries/Win64/../../../Engine/Shaders/PNTriangles.usf" 247
"C:/Program Files/Epic Games/4.8/Engine/Binaries/Win64/../../../Engine/Shaders/TranslucentLightingShaders.usf" 248
"C:/Program Files/Epic Games/4.8/Engine/Binaries/Win64/../../../Engine/Shaders/SHCommon.usf" 249
"C:/Program Files/Epic Games/4.8/Engine/Binaries/Win64/../../../Engine/Shaders/ShadowProjectionCommon.usf" 250
"C:/Program Files/Epic Games/4.8/Engine/Binaries/Win64/../../../Engine/Shaders/TranslucentLightInjectionShaders.usf" 251
"C:/Program Files/Epic Games/4.8/Engine/Binaries/Win64/../../../Engine/Shaders/LightFunctionCommon.usf" 252
"C:/Program Files/Epic Games/4.8/Engine/Binaries/Win64/../../../Engine/Shaders/TranslucentShadowDepthShaders.usf" 253
"C:/Program Files/Epic Games/4.8/Engine/Binaries/Win64/../../../Engine/Shaders/ShadowDepthCommon.usf" 254
"C:/Program Files/Epic Games/4.8/Engine/Binaries/Win64/../../../Engine/Shaders/TiledDeferredLightShaders.usf" 255
"C:/Program Files/Epic Games/4.8/Engine/Binaries/Win64/../../../Engine/Shaders/SurfelTree.usf" 256
"C:/Program Files/Epic Games/4.8/Engine/Binaries/Win64/../../../Engine/Shaders/DistanceFieldLightingShared.usf" 257
"C:/Program Files/Epic Games/4.8/Engine/Binaries/Win64/../../../Engine/Shaders/SurfelMaterialShared.usf" 258
"C:/Program Files/Epic Games/4.8/Engine/Binaries/Win64/../../../Engine/Shaders/DistanceFieldAOShared.usf" 259
"C:/Program Files/Epic Games/4.8/Engine/Binaries/Win64/../../../Engine/Shaders/ShadowProjectionPixelShader.usf" 260
"C:/Program Files/Epic Games/4.8/Engine/Binaries/Win64/../../../Engine/Shaders/ShadowFilteringCommon.usf" 261
"C:/Program Files/Epic Games/4.8/Engine/Binaries/Win64/../../../Engine/Shaders/ShadowProjectionVertexShader.usf" 262
"C:/Program Files/Epic Games/4.8/Engine/Binaries/Win64/../../../Engine/Shaders/ShadowDepthPixelShader.usf" 263
"C:/Program Files/Epic Games/4.8/Engine/Binaries/Win64/../../../Engine/Shaders/LPVWriteVplCommon.usf" 264
"C:/Program Files/Epic Games/4.8/Engine/Binaries/Win64/../../../Engine/Shaders/LPVWriteCommon.usf" 265
"C:/Program Files/Epic Games/4.8/Engine/Binaries/Win64/../../../Engine/Shaders/ShadowDepthVertexShader.usf" 266
"C:/Program Files/Epic Games/4.8/Engine/Binaries/Win64/../../../Engine/Shaders/ShaderComplexityApplyPixelShader.usf" 267
"C:/Program Files/Epic Games/4.8/Engine/Binaries/Win64/../../../Engine/Shaders/ShaderComplexityApplyVertexShader.usf" 268
"C:/Program Files/Epic Games/4.8/Engine/Binaries/Win64/../../../Engine/Shaders/ShaderComplexityAccumulatePixelShader.usf" 269
"C:/Program Files/Epic Games/4.8/Engine/Binaries/Win64/../../../Engine/Shaders/HZBOcclusion.usf" 270
"C:/Program Files/Epic Games/4.8/Engine/Binaries/Win64/../../../Engine/Shaders/OcclusionQueryVertexShader.usf" 271
"C:/Program Files/Epic Games/4.8/Engine/Binaries/Win64/../../../Engine/Shaders/HitProxyPixelShader.usf" 272
"C:/Program Files/Epic Games/4.8/Engine/Binaries/Win64/../../../Engine/Shaders/HitProxyVertexShader.usf" 273
"C:/Program Files/Epic Games/4.8/Engine/Binaries/Win64/../../../Engine/Shaders/ReflectionEnvironmentShaders.usf" 274
"C:/Program Files/Epic Games/4.8/Engine/Binaries/Win64/../../../Engine/Shaders/ReflectionEnvironmentShared.usf" 275
"C:/Program Files/Epic Games/4.8/Engine/Binaries/Win64/../../../Engine/Shaders/SkyLightingShared.usf" 276
"C:/Program Files/Epic Games/4.8/Engine/Binaries/Win64/../../../Engine/Shaders/ReflectionEnvironmentComputeShaders.usf" 277
"C:/Program Files/Epic Games/4.8/Engine/Binaries/Win64/../../../Engine/Shaders/LightShaftShader.usf" 278
"C:/Program Files/Epic Games/4.8/Engine/Binaries/Win64/../../../Engine/Shaders/StationaryLightOverlapShaders.usf" 279
"C:/Program Files/Epic Games/4.8/Engine/Binaries/Win64/../../../Engine/Shaders/DeferredLightPixelShaders.usf" 280
"C:/Program Files/Epic Games/4.8/Engine/Binaries/Win64/../../../Engine/Shaders/DeferredLightVertexShaders.usf" 281
"C:/Program Files/Epic Games/4.8/Engine/Binaries/Win64/../../../Engine/Shaders/LPVVisualise.usf" 282
"C:/Program Files/Epic Games/4.8/Engine/Binaries/Win64/../../../Engine/Shaders/LPVGeometryVolumeCommon.usf" 283
"C:/Program Files/Epic Games/4.8/Engine/Binaries/Win64/../../../Engine/Shaders/LPVDirectLightInject.usf" 284
"C:/Program Files/Epic Games/4.8/Engine/Binaries/Win64/../../../Engine/Shaders/LPVPropagate.usf" 285
"C:/Program Files/Epic Games/4.8/Engine/Binaries/Win64/../../../Engine/Shaders/LPVBuildGeometryVolume.usf" 286
"C:/Program Files/Epic Games/4.8/Engine/Binaries/Win64/../../../Engine/Shaders/LPVInject_AccumulateVplLists.usf" 287
"C:/Program Files/Epic Games/4.8/Engine/Binaries/Win64/../../../Engine/Shaders/LPVInject_GenerateVplLists.usf" 288
"C:/Program Files/Epic Games/4.8/Engine/Binaries/Win64/../../../Engine/Shaders/LPVClearLists.usf" 289
"C:/Program Files/Epic Games/4.8/Engine/Binaries/Win64/../../../Engine/Shaders/LPVClear.usf" 290
"C:/Program Files/Epic Games/4.8/Engine/Binaries/Win64/../../../Engine/Shaders/LightMapDensityShader.usf" 291
"C:/Program Files/Epic Games/4.8/Engine/Binaries/Win64/../../../Engine/Shaders/LightFunctionPixelShader.usf" 292
"C:/Program Files/Epic Games/4.8/Engine/Binaries/Win64/../../../Engine/Shaders/LightFunctionVertexShader.usf" 293
"C:/Program Files/Epic Games/4.8/Engine/Binaries/Win64/../../../Engine/Shaders/HeightfieldLighting.usf" 294
"C:/Program Files/Epic Games/4.8/Engine/Binaries/Win64/../../../Engine/Shaders/DistanceFieldShadowingShared.usf" 295
"C:/Program Files/Epic Games/4.8/Engine/Binaries/Win64/../../../Engine/Shaders/HdrCustomResolveShaders.usf" 296
"C:/Program Files/Epic Games/4.8/Engine/Binaries/Win64/../../../Engine/Shaders/GPUBenchmark.usf" 297
"C:/Program Files/Epic Games/4.8/Engine/Binaries/Win64/../../../Engine/Shaders/GammaCorrection.usf" 298
"C:/Program Files/Epic Games/4.8/Engine/Binaries/Win64/../../../Engine/Shaders/BasePassForForwardShadingPixelShader.usf" 299
"C:/Program Files/Epic Games/4.8/Engine/Binaries/Win64/../../../Engine/Shaders/BasePassForForwardShadingCommon.usf" 300
"C:/Program Files/Epic Games/4.8/Engine/Binaries/Win64/../../../Engine/Shaders/LightmapCommon.usf" 301
"C:/Program Files/Epic Games/4.8/Engine/Binaries/Win64/../../../Engine/Shaders/BasePassForForwardShadingVertexShader.usf" 302
"C:/Program Files/Epic Games/4.8/Engine/Binaries/Win64/../../../Engine/Shaders/HeightFogCommon.usf" 303
"C:/Program Files/Epic Games/4.8/Engine/Binaries/Win64/../../../Engine/Shaders/HeightFogPixelShader.usf" 304
"C:/Program Files/Epic Games/4.8/Engine/Binaries/Win64/../../../Engine/Shaders/HeightFogVertexShader.usf" 305
"C:/Program Files/Epic Games/4.8/Engine/Binaries/Win64/../../../Engine/Shaders/DistortAccumulatePS.usf" 306
"C:/Program Files/Epic Games/4.8/Engine/Binaries/Win64/../../../Engine/Shaders/DistortAccumulateVS.usf" 307
"C:/Program Files/Epic Games/4.8/Engine/Binaries/Win64/../../../Engine/Shaders/DistortApplyScreenPS.usf" 308
"C:/Program Files/Epic Games/4.8/Engine/Binaries/Win64/../../../Engine/Shaders/DistanceFieldSurfaceCacheLighting.usf" 309
"C:/Program Files/Epic Games/4.8/Engine/Binaries/Win64/../../../Engine/Shaders/SkyLighting.usf" 310
"C:/Program Files/Epic Games/4.8/Engine/Binaries/Win64/../../../Engine/Shaders/DistanceFieldGlobalIllumination.usf" 311
"C:/Program Files/Epic Games/4.8/Engine/Binaries/Win64/../../../Engine/Shaders/DistanceFieldLightingPost.usf" 312
"C:/Program Files/Epic Games/4.8/Engine/Binaries/Win64/../../../Engine/Shaders/DistanceFieldSurfaceCacheLightingCompute.usf" 313
"C:/Program Files/Epic Games/4.8/Engine/Binaries/Win64/../../../Engine/Shaders/DistanceFieldShadowing.usf" 314
"C:/Program Files/Epic Games/4.8/Engine/Binaries/Win64/../../../Engine/Shaders/DepthOnlyPixelShader.usf" 315
"C:/Program Files/Epic Games/4.8/Engine/Binaries/Win64/../../../Engine/Shaders/DepthOnlyVertexShader.usf" 316
"C:/Program Files/Epic Games/4.8/Engine/Binaries/Win64/../../../Engine/Shaders/PositionOnlyDepthVertexShader.usf" 317
"C:/Program Files/Epic Games/4.8/Engine/Binaries/Win64/../../../Engine/Shaders/DownsampleDepthPixelShader.usf" 318
"C:/Program Files/Epic Games/4.8/Engine/Binaries/Win64/../../../Engine/Shaders/EvaluateSurfelMaterial.usf" 319
"C:/Program Files/Epic Games/4.8/Engine/Binaries/Win64/../../../Engine/Shaders/ConvertToUniformMesh.usf" 320
"C:/Program Files/Epic Games/4.8/Engine/Binaries/Win64/../../../Engine/Shaders/BasePassPixelShader.usf" 321
"C:/Program Files/Epic Games/4.8/Engine/Binaries/Win64/../../../Engine/Shaders/BasePassCommon.usf" 322
"C:/Program Files/Epic Games/4.8/Engine/Binaries/Win64/../../../Engine/Shaders/ForEachLight.usf" 323
"C:/Program Files/Epic Games/4.8/Engine/Binaries/Win64/../../../Engine/Shaders/BasePassVertexShader.usf" 324
"C:/Program Files/Epic Games/4.8/Engine/Binaries/Win64/../../../Engine/Shaders/BasePassVertexCommon.usf" 325
"C:/Program Files/Epic Games/4.8/Engine/Binaries/Win64/../../../Engine/Shaders/BasePassTessellationShaders.usf" 326
"C:/Program Files/Epic Games/4.8/Engine/Binaries/Win64/../../../Engine/Shaders/AtmospherePrecompute.usf" 327
"C:/Program Files/Epic Games/4.8/Engine/Binaries/Win64/../../../Engine/Shaders/AtmospherePrecomputeCommon.usf" 328
"C:/Program Files/Epic Games/4.8/Engine/Binaries/Win64/../../../Engine/Shaders/AtmospherePrecomputeInscatter.usf" 329
"C:/Program Files/Epic Games/4.8/Engine/Binaries/Win64/../../../Engine/Shaders/AtmosphericFogShader.usf" 330
"C:/Program Files/Epic Games/4.8/Engine/Binaries/Win64/../../../Engine/Shaders/ResolveVertexShader.usf" 331
"C:/Program Files/Epic Games/4.8/Engine/Binaries/Win64/../../../Engine/Shaders/ResolvePixelShader.usf" 332
"C:/Program Files/Epic Games/4.8/Engine/Binaries/Win64/../../../Engine/Shaders/OneColorShader.usf" 333
"C:/Program Files/Epic Games/4.8/Engine/Binaries/Win64/../../../Engine/Shaders/ClearReplacementShaders.usf" 334
"../../../Engine/Config/Android/AndroidEngine.ini" 335
"../../../Engine/Config/HTML5/HTML5Engine.ini" 336
"../../../Engine/Config/IOS/IOSEngine.ini" 337
"../../../Engine/Config/Linux/LinuxEngine.ini" 338
"C:/Users/David/AppData/Local/UnrealEngine/4.8/DerivedDataCache/Boot.ddc" 339
"../../../Engine/DerivedDataCache/Compressed.ddp" 340
"../../../Engine/Content/EditorResources/S_Actor.uasset" 341
"../../../Engine/Content/Maps/Templates/Thumbnails/Default.uasset" 342
"../../../Engine/Content/EditorMaterials/ParticleSystems/PSysThumbnail_NoImage.uasset" 343
"../../../Engine/Content/EditorMaterials/ParticleSystems/PSysThumbnail_OOD.uasset" 344
"../../../Engine/Content/EditorLandscapeResources/DataLayer.uasset" 345
"../../../Engine/Content/EngineFonts/Roboto.uasset" 346
"../../../Engine/Content/EngineMaterials/Widget3DPassThrough_Translucent.uasset" 347
"../../../Engine/Content/EngineMaterials/Widget3DPassThrough.uasset" 348
"../../../Engine/Content/EngineResources/WhiteSquareTexture.uasset" 349
"../../../Engine/Content/Functions/Engine_MaterialFunctions01/Shading/PowerToRoughness.uasset" 350
"../../../Engine/Content/Functions/Engine_MaterialFunctions01/Shading/ConvertFromDiffSpec.uasset" 351
"../../../Engine/Content/EngineMaterials/WorldGridMaterial.uasset" 352
"../../../Engine/Content/Functions/Engine_MaterialFunctions01/Opacity/CameraDepthFade.uasset" 353
"../../../Engine/Content/EngineMaterials/T_Default_Material_Grid_M.uasset" 354
"../../../Engine/Content/EngineMaterials/T_Default_Material_Grid_N.uasset" 355
"../../../Engine/Content/EngineMaterials/DefaultDeferredDecalMaterial.uasset" 356
"../../../Engine/Content/EngineMaterials/DefaultDiffuse.uasset" 357
"../../../Engine/Content/EngineMaterials/DefaultLightFunctionMaterial.uasset" 358
"../../../Engine/Content/EngineMaterials/DefaultPostProcessMaterial.uasset" 359
"../../../Engine/Content/Functions/Engine_MaterialFunctions02/Utility/BreakOutFloat2Components.uasset" 360
"../../../Engine/Content/EngineResources/DefaultTexture.uasset" 361
"../../../Engine/Content/EngineMaterials/Widget3DPassThrough_Translucent_OneSided.uasset" 362
"../../../Engine/Content/EngineMaterials/Widget3DPassThrough_Opaque.uasset" 363
"../../../Engine/Content/EngineMaterials/Widget3DPassThrough_Opaque_OneSided.uasset" 364
"../../../Engine/Content/EngineDamageTypes/DmgTypeBP_Environmental.uasset" 365
"..\..\..\Engine\Content\Internationalization\icudt53l\numberingSystems.res" 366
"..\..\..\Engine\Content\Internationalization\icudt53l\curr\supplementalData.res" 367
"..\..\..\Engine\Content\Internationalization\icudt53l\curr\pool.res" 368
"..\..\..\Engine\Content\Internationalization\icudt53l\curr\en.res" 369
"..\..\..\Engine\Content\Internationalization\icudt53l\curr\root.res" 370
"../../../Engine/Content/EngineMeshes/Sphere.uasset" 371
"../../../Engine/Content/EngineFonts/RobotoDistanceField.uasset" 372
"../../../Engine/Content/EngineMaterials/DefaultTextMaterialOpaque.uasset" 373
"../../../Engine/Content/EditorResources/S_Trigger.uasset" 374
"../../../Engine/Content/EngineResources/GradientTexture0.uasset" 375
"../../../Engine/Content/EngineResources/Black.uasset" 376
"../../../Engine/Content/EditorMaterials/MatineeGroups/MAT_Groups_Float.uasset" 377
"../../../Engine/Content/EditorMaterials/MatineeGroups/MAT_Groups_Director.uasset" 378
"../../../Engine/Content/EditorMaterials/MatineeGroups/MAT_Groups_Event.uasset" 379
"../../../Engine/Content/EditorMaterials/MatineeGroups/MAT_Groups_Anim.uasset" 380
"../../../Engine/Content/EditorMaterials/MatineeGroups/MAT_Groups_Fade.uasset" 381
"../../../Engine/Content/EditorMaterials/MatineeGroups/MAT_Groups_Move.uasset" 382
"../../../Engine/Content/EditorMaterials/MatineeGroups/MAT_Groups_Slomo.uasset" 383
"../../../Engine/Content/EditorMaterials/MatineeGroups/MAT_ColorTrack.uasset" 384
"../../../Engine/Content/EditorMaterials/MAT_Groups_Toggle.uasset" 385
"../../../Engine/Content/EditorMaterials/MatineeGroups/MAT_Groups_AudioMaster.uasset" 386
"../../../Engine/Content/EditorMaterials/MatineeGroups/MAT_Groups_Sound.uasset" 387
"../../../Engine/Content/EditorMaterials/MatineeGroups/MAT_Groups_Vector.uasset" 388
"../../../Engine/Content/EditorMaterials/MAT_Groups_Visibility.uasset" 389
"../../../Engine/Content/EngineResources/DefaultTextureCube.uasset" 390
"../../../Engine/Content/EngineSounds/Master.uasset" 391
"../../../Engine/Content/EngineSounds/Music.uasset" 392
"../../../Engine/Content/EngineSounds/SFX.uasset" 393
"../../../Engine/Content/EngineSounds/Normal_Attack.uasset" 394
"../../../Engine/Content/EngineSounds/Special_Attack_PSM.uasset" 395
"../../../Engine/Content/EngineSounds/Duck_Normal_Attack_MixMod.uasset" 396
"../../../Engine/Content/EngineSounds/Voice.uasset" 397
"../../../Engine/Content/EngineMeshes/Cylinder.uasset" 398
"../../../Engine/Content/EngineMaterials/DefaultMaterial.uasset" 399
"../../../Engine/Content/EngineTireTypes/DefaultTireType.uasset" 400
"../../../Engine/Content/Editor/Slate/Fonts/FontAwesome.ttf" 401
"../../../Engine/Content/Editor/Slate/Fonts/DroidSansMono.ttf" 402
"../../../Engine/Content/Editor/Slate/Fonts/Roboto-BoldCondensed.ttf" 403
"../../../Engine/Content/Editor/Slate/Fonts/Roboto-Black.ttf" 404
"../../../Engine/Content/Editor/Slate/Fonts/Roboto-Italic.ttf" 405
"../../../Engine/Content/Editor/Slate/Fonts/Roboto-BoldCondensedItalic.ttf" 406
"..\..\..\Engine\Content\Internationalization\icudt53l\coll\ucadata.icu" 407
"..\..\..\Engine\Content\Internationalization\icudt53l\nfc.nrm" 408
"..\..\..\Engine\Content\Internationalization\icudt53l\coll\en_US.res" 409
"..\..\..\Engine\Content\Internationalization\icudt53l\coll\en.res" 410
"..\..\..\Engine\Content\Internationalization\icudt53l\coll\root.res" 411
"../../../Engine/Content/EngineResources/AICON-Red.uasset" 412
"../../../Engine/Content/EngineResources/AICON-Green.uasset" 413
"../../../Engine/Plugins/2D/Paper2D/Content/MaskedUnlitSpriteMaterial.uasset" 414
"../../../Engine/Plugins/2D/Paper2D/Content/DefaultSpriteMaterial.uasset" 415
"../../../Engine/Plugins/2D/Paper2D/Content/DummySpriteTexture.uasset" 416
"../../../Engine/Plugins/2D/Paper2D/Content/PlaceholderTextures/DummySpriteTexture.uasset" 417
"../../../Engine/Plugins/2D/Paper2D/Content/OpaqueUnlitSpriteMaterial.uasset" 418
"../../../Engine/Plugins/2D/Paper2D/Content/DefaultPaperTerrainMaterial.uasset" 419
"../../../Engine/Plugins/2D/Paper2D/Content/DummySprite.uasset" 420
"C:/Users/David/AppData/Local/UnrealEngine/4.8/Saved/Config/Windows/SourceControlSettings.ini" 421
"../../../../../../Users/David/Desktop/UnrealGameProjects/DesertSurvival/Intermediate/Config/CoalescedSourceConfigs/SourceControlSettings.ini" 422
"C:/Users/David/Desktop/UnrealGameProjects/DesertSurvival/Saved/Config/Windows/SourceControlSettings.ini" 423
"../../../Engine/Plugins/Runtime/LeapMotionController/Content/LM_CapsuleMesh.uasset" 424
"../../../Engine/Plugins/Runtime/LeapMotionController/Content/LM_TorusMesh.uasset" 425
"../../../Engine/Plugins/Runtime/LeapMotionController/Content/LM_HandColor.uasset" 426
"../../../Engine/Content/EngineMaterials/RemoveSurfaceMaterial.uasset" 427
"../../../Engine/Content/EngineDebugMaterials/DebugMeshMaterial.uasset" 428
"../../../Engine/Content/EngineMaterials/M_InvalidLightmapSettings.uasset" 429
"../../../Engine/Content/EngineMaterials/InvalidLightmapSettings.uasset" 430
"../../../Engine/Content/EditorMaterials/GizmoMaterial.uasset" 431
"../../../Engine/Content/EngineMaterials/Good64x64TilingNoiseHighFreq.uasset" 432
"../../../Engine/Content/EngineMaterials/DefaultBokeh.uasset" 433
"../../../Engine/Content/EngineMaterials/PreintegratedSkinBRDF.uasset" 434
"../../../Engine/Content/EngineMaterials/MiniFont.uasset" 435
"../../../Engine/Content/EngineMaterials/WeightMapPlaceholderTexture.uasset" 436
"../../../Engine/Content/EngineMaterials/DefaultWhiteGrid.uasset" 437
"../../../Engine/Content/EngineMaterials/DefaultPhysicalMaterial.uasset" 438
"../../../Engine/Content/EngineFonts/RobotoTiny.uasset" 439
"../../../../../../Users/David/Desktop/UnrealGameProjects/DesertSurvival/Intermediate/CachedAssetRegistry.bin" 440
"../../../../../../Users/David/Desktop/UnrealGameProjects/DesertSurvival/Content/Maps/Map1.umap" 441
"../../../../../../Users/David/Desktop/UnrealGameProjects/DesertSurvival/Content/PlayerStuffs/PlayerElement.uasset" 442
"../../../../../../Users/David/Desktop/UnrealGameProjects/DesertSurvival/Saved/Autosaves/Game/Maps/MAinMenuWidget_Auto1.uasset" 443
"../../../../../../Users/David/Desktop/UnrealGameProjects/DesertSurvival/Saved/Autosaves/Game/Maps/MAinMenuWidget_Auto2.uasset" 444
"../../../../../../Users/David/Desktop/UnrealGameProjects/DesertSurvival/Saved/Autosaves/Game/Maps/MAinMenuWidget_Auto3.uasset" 445
"../../../../../../Users/David/Desktop/UnrealGameProjects/DesertSurvival/Saved/Autosaves/Game/Maps/MAinMenuWidget_Auto4.uasset" 446
"../../../../../../Users/David/Desktop/UnrealGameProjects/DesertSurvival/Saved/Autosaves/Game/Maps/MAinMenuWidget_Auto5.uasset" 447
"../../../../../../Users/David/Desktop/UnrealGameProjects/DesertSurvival/Saved/Autosaves/Game/Maps/Map1_Auto4.umap" 448
"../../../../../../Users/David/Desktop/UnrealGameProjects/DesertSurvival/Saved/Autosaves/Game/Maps/Map1_Auto6.umap" 449
"../../../../../../Users/David/Desktop/UnrealGameProjects/DesertSurvival/Saved/Autosaves/Game/Maps/Map1_Auto7.umap" 450
"../../../../../../Users/David/Desktop/UnrealGameProjects/DesertSurvival/Saved/Autosaves/Game/PlayerStuffs/PlayerElement_Auto0.uasset" 451
"../../../../../../Users/David/Desktop/UnrealGameProjects/DesertSurvival/Saved/Autosaves/Game/PlayerStuffs/PlayerElement_Auto1.uasset" 452
"../../../../../../Users/David/Desktop/UnrealGameProjects/DesertSurvival/Saved/Autosaves/Game/PlayerStuffs/PlayerElement_Auto2.uasset" 453
"../../../../../../Users/David/Desktop/UnrealGameProjects/DesertSurvival/Saved/Autosaves/Game/PlayerStuffs/PlayerElement_Auto3.uasset" 454
"../../../../../../Users/David/Desktop/UnrealGameProjects/DesertSurvival/Saved/Autosaves/Game/PlayerStuffs/PlayerElement_Auto4.uasset" 455
"../../../../../../Users/David/Desktop/UnrealGameProjects/DesertSurvival/Saved/Autosaves/Game/PlayerStuffs/PlayerElement_Auto5.uasset" 456
"../../../../../../Users/David/Desktop/UnrealGameProjects/DesertSurvival/Saved/Autosaves/Game/PlayerStuffs/PlayerElement_Auto6.uasset" 457
"../../../../../../Users/David/Desktop/UnrealGameProjects/DesertSurvival/Saved/Autosaves/Game/PlayerStuffs/PlayerElement_Auto7.uasset" 458
"../../../../../../Users/David/Desktop/UnrealGameProjects/DesertSurvival/Saved/Autosaves/Game/PlayerStuffs/PlayerElement_Auto8.uasset" 459
"../../../../../../Users/David/Desktop/UnrealGameProjects/DesertSurvival/Saved/Autosaves/Game/PlayerStuffs/PlayerElement_Auto9.uasset" 460
"../../../../../../Users/David/Desktop/UnrealGameProjects/DesertSurvival/Saved/Autosaves/Game/TestAssets/TestBall_Auto1.uasset" 461
"../../../../../../Users/David/Desktop/UnrealGameProjects/DesertSurvival/Saved/Autosaves/Game/TestAssets/TestBall_Auto2.uasset" 462
"../../../../../../Users/David/Desktop/UnrealGameProjects/DesertSurvival/Saved/Autosaves/Game/TestAssets/TestBall_Auto3.uasset" 463
"../../../../../../Users/David/Desktop/UnrealGameProjects/DesertSurvival/Saved/Autosaves/Game/TestAssets/TestBall_Auto4.uasset" 464
"C:/Users/David/Desktop/UnrealGameProjects/DesertSurvival/Saved/Cooked/WindowsNoEditor/DesertSurvival/CookedIniVersion.txt" 465
"../../../Engine/Content/MobileResources/HUD/VirtualJoystick_Thumb.uasset" 466
"../../../Engine/Content/EditorResources/BSPVertex.uasset" 467
"../../../Engine/Content/EngineDebugMaterials/WireframeMaterial.uasset" 468
"../../../Engine/Content/EngineDebugMaterials/GeomMaterial.uasset" 469
"../../../Engine/Content/EngineDebugMaterials/LevelColorationLitMaterial.uasset" 470
"../../../Engine/Content/EngineDebugMaterials/LevelColorationUnlitMaterial.uasset" 471
"../../../Engine/Content/EngineDebugMaterials/MAT_LevelColorationLitLightmapUV.uasset" 472
"../../../Engine/Content/EngineDebugMaterials/ShadedLevelColorationLitMaterial.uasset" 473
"../../../Engine/Content/EngineDebugMaterials/ShadedLevelColorationUnlitMateri.uasset" 474
"../../../Engine/Content/EngineDebugMaterials/VertexColorMaterial.uasset" 475
"../../../Engine/Content/EngineDebugMaterials/VertexColorViewMode_ColorOnly.uasset" 476
"../../../Engine/Content/EngineDebugMaterials/VertexColorViewMode_AlphaAsColor.uasset" 477
"../../../Engine/Content/EngineDebugMaterials/VertexColorViewMode_RedOnly.uasset" 478
"../../../Engine/Content/EngineDebugMaterials/VertexColorViewMode_GreenOnly.uasset" 479
"../../../Engine/Content/EngineDebugMaterials/VertexColorViewMode_BlueOnly.uasset" 480
"../../../Engine/Content/EngineDebugMaterials/BoneWeightMaterial.uasset" 481
"../../../Engine/Content/EngineDebugMaterials/HeatmapGradient.uasset" 482
"../../../Engine/Content/EditorMaterials/PhAT_JointLimitMaterial.uasset" 483
"../../../Engine/Content/EditorMaterials/PreviewShadowIndicatorMaterial.uasset" 484
"../../../Engine/Content/EditorMaterials/PreviewShadowIndicator.uasset" 485
"../../../Engine/Content/EngineMaterials/EditorBrushMaterial.uasset" 486
"../../../Engine/Content/EditorMeshes/ColorCalibrator/SM_ColorCalibrator.uasset" 487
"../../../Engine/Content/EditorMeshes/ColorCalibrator/M_ChromeBall.uasset" 488
"../../../Engine/Content/EditorMeshes/ColorCalibrator/M_ClearCoat.uasset" 489
"../../../Engine/Content/EditorMeshes/ColorCalibrator/M_ClearCoatBlack.uasset" 490
"../../../Engine/Content/EditorMeshes/ColorCalibrator/M_ColorGrid.uasset" 491
"../../../Engine/Content/EditorMeshes/ColorCalibrator/T_ColorGrid.uasset" 492
"../../../Engine/Content/EditorMeshes/ColorCalibrator/M_GreyBall.uasset" 493
"../../../Engine/Content/MobileResources/HUD/DefaultVirtualJoysticks.uasset" 494
"../../../Engine/Content/MobileResources/HUD/VirtualJoystick_Background.uasset" 495
"../../../Engine/Content/MobileResources/HUD/T_Castle_ThumbstickInner.uasset" 496
"../../../Engine/Content/MobileResources/HUD/MobileHUDDirectionPad3.uasset" 497
"../../../Engine/Content/MobileResources/HUD/MobileHUDButton2_off.uasset" 498
"../../../Engine/Content/MobileResources/HUD/LeftVirtualJoystickOnly.uasset" 499
"../../../Engine/Content/MobileResources/HUD/AnalogHat.uasset" 500
"../../../Engine/Content/MobileResources/T_MobileControls_texture.uasset" 501
"../../../Engine/Content/EditorBlueprintResources/ActorMacros.uasset" 502
"../../../../../../Users/David/Desktop/UnrealGameProjects/DesertSurvival/Content/PlayerStuffs/MPPlayerController.uasset" 503
"../../../../../../Users/David/Desktop/UnrealGameProjects/DesertSurvival/Content/TestAssets/TestBall.uasset" 504
"../../../Engine/Content/BasicShapes/BasicShapeMaterial.uasset" 505
"../../../Engine/Content/BasicShapes/Cube.uasset" 506
"../../../../../../Users/David/Desktop/UnrealGameProjects/DesertSurvival/Content/PlayerStuffs/TestMat.uasset" 507
"../../../Engine/Content/Functions/Engine_MaterialFunctions01/Gradient/DiamondGradient.uasset" 508
"../../../Engine/Content/Functions/Engine_MaterialFunctions01/Gradient/LinearGradient.uasset" 509
"../../../Engine/Content/Functions/Engine_MaterialFunctions02/ValueStep.uasset" 510
"../../../Engine/Content/BasicShapes/Sphere.uasset" 511
"../../../../../../Users/David/Desktop/UnrealGameProjects/DesertSurvival/Content/PlayerStuffs/PlayerTestMat.uasset" 512
"C:/Users/David/AppData/Local/UnrealEngine/Common/DerivedDataCache/3/6/8/MATSM_983AFA3849534FAA8491540B994BD32E_PCD3D_SM5_2__BC5N_DEV_SL_NODBUF0FBD6632__3103ECD61ACF24C9051A7AB9C906FC3FF21A385D.udd" 513
"C:/Users/David/AppData/Local/UnrealEngine/Common/DerivedDataCache/0/9/5/MATSM_983AFA3849534FAA8491540B994BD32E_PCD3D_SM4_2__BC5N_DEV_SL_NODBUF0FBD6632__04681BC3518DBBB03C8C42822603667E91C5E202.udd" 514
"../../../../../../Users/David/Desktop/UnrealGameProjects/DesertSurvival/Content/PlayerStuffs/NewBlueprint.uasset" 515
"../../../../../../Users/David/Desktop/UnrealGameProjects/DesertSurvival/Content/PlayerStuffs/FloorTestMat.uasset" 516
"C:/Users/David/AppData/Local/UnrealEngine/Common/DerivedDataCache/1/6/0/MATSM_983AFA3849534FAA8491540B994BD32E_PCD3D_SM5_2__BC5N_DEV_SL_NODBUF49954F22__5C6CD4219BA525A26AC570DFF9D9019AF7E4B5AD.udd" 517
"C:/Users/David/AppData/Local/UnrealEngine/Common/DerivedDataCache/7/9/2/MATSM_983AFA3849534FAA8491540B994BD32E_PCD3D_SM4_2__BC5N_DEV_SL_NODBUF49954F22__21B18C97F987BB325A5EF8430B9298AE29E4FC3F.udd" 518
"../../../../../../Users/David/Desktop/UnrealGameProjects/DesertSurvival/Content/Maps/SurvivalGameMode.uasset" 519
"../../../../../../Users/David/Desktop/UnrealGameProjects/DesertSurvival/Content/Maps/MAinMenuWidget.uasset" 520
"../../../Engine/Content/MobileResources/HUD/MobileHUDButton3.uasset" 521
"../../../Engine/Content/MobileResources/HUD/MobileHUDButton1_on.uasset" 522
"../../../Engine/Content/MobileResources/T_MobileMenu2.uasset" 523
"../../../Engine/Content/MobileResources/HUD/MobileHUDDirectionStick.uasset" 524
"../../../Engine/Content/MobileResources/HUD/MobileHUDDirectionPad.uasset" 525
"../../../Engine/Content/MobileResources/HUD/MobileHUDButton2_on.uasset" 526
"C:/Users/David/AppData/Local/UnrealEngine/Common/DerivedDataCache/1/8/4/PHYSX_$7B1F0627AE$2DABEB$2D4206$2D8D78$2DE16BEB5DDC7E$7D_PHYSXPC_57433F094C8BF1493A6B58B962586B89__1_0_13107_0.udd" 527
"C:/Users/David/AppData/Local/UnrealEngine/Common/DerivedDataCache/6/3/8/PHYSX_$7B1F0627AE$2DABEB$2D4206$2D8D78$2DE16BEB5DDC7E$7D_PHYSXPC_79A6A3434532B871827E1A8E8783E596__1_0_13107_0.udd" 528
"C:/Users/David/AppData/Local/UnrealEngine/Common/DerivedDataCache/1/9/7/TEXTURE_814DCC3DC72143F49509781513CB9855_AUTODXT_5D9E4A7841FF4299BA11A6A593DC7__19DAAE83AA6F7B6DEF7C61912A2C2F8021855643.udd" 529
"C:/Users/David/AppData/Local/UnrealEngine/Common/DerivedDataCache/3/6/5/TEXTURE_814DCC3DC72143F49509781513CB9855_AUTODXT_66D4D6744320F9B910E4D2B9A5AB4__6DA3421C78DA6E31E4A9F73301A67D39DB8484B0.udd" 530
"C:/Users/David/AppData/Local/UnrealEngine/Common/DerivedDataCache/6/0/6/TEXTURE_814DCC3DC72143F49509781513CB9855_AUTODXT_5D9E4A7841FF4299BA11A6A593DC7__4A6F0902A8E0C52A1703AB7C1FE87929759D5EFA.udd" 531
"C:/Users/David/AppData/Local/UnrealEngine/Common/DerivedDataCache/7/0/5/TEXTURE_814DCC3DC72143F49509781513CB9855_AUTODXT_66D4D6744320F9B910E4D2B9A5AB4__87CB02387B173608E135D388F6C818178679EDD3.udd" 532
"C:/Users/David/AppData/Local/UnrealEngine/Common/DerivedDataCache/3/3/5/TEXTURE_814DCC3DC72143F49509781513CB9855_DXT1_927C6F8042C3BBA9FE7813BC63067666__EA8E862D440EE983B8959FD481796FD56D3AF48C.udd" 533
"C:/Users/David/AppData/Local/UnrealEngine/Common/DerivedDataCache/3/8/7/TEXTURE_814DCC3DC72143F49509781513CB9855_DXT1_461EF64444570C4A59FF8D89BD46AE26__A6CD7794FBA53869A815C1CDF28CE82209740047.udd" 534
"C:/Users/David/AppData/Local/UnrealEngine/Common/DerivedDataCache/7/7/8/TEXTURE_814DCC3DC72143F49509781513CB9855_BGRA8_100B855048ACCFFDA994169382C3A82__AA134922236874C7B1B1CB4933B6D112C12A0F2F.udd" 535
"C:/Users/David/AppData/Local/UnrealEngine/Common/DerivedDataCache/9/8/0/TEXTURE_814DCC3DC72143F49509781513CB9855_DXT1_927C6F8042C3BBA9FE7813BC63067666__EBB79B786C1F0010F7AE807964DB82C9A1F64ACC.udd" 536
"C:/Users/David/AppData/Local/UnrealEngine/Common/DerivedDataCache/0/1/9/TEXTURE_814DCC3DC72143F49509781513CB9855_DXT1_461EF64444570C4A59FF8D89BD46AE26__79CE06307F93EDA01F9B4DFCA3230B433A5DA281.udd" 537
"C:/Users/David/AppData/Local/UnrealEngine/Common/DerivedDataCache/1/0/3/TEXTURE_814DCC3DC72143F49509781513CB9855_BGRA8_5E91C3DF4923C5B364805398A793037__5BCE1774A601AABDCD712A0B1F2897DE357B7D76.udd" 538
"C:/Users/David/AppData/Local/UnrealEngine/Common/DerivedDataCache/2/3/8/TEXTURE_814DCC3DC72143F49509781513CB9855_BGRA8_100B855048ACCFFDA994169382C3A82__562731291B84E2A3395FE150E47B1A341A99B033.udd" 539
"C:/Users/David/AppData/Local/UnrealEngine/Common/DerivedDataCache/4/5/2/TEXTURE_814DCC3DC72143F49509781513CB9855_BGRA8_5E91C3DF4923C5B364805398A793037__082C77C3F168DD805F9E5D20080E80C445D61432.udd" 540
"../../../Engine/Content/EditorResources/EmptyActor.uasset" 541
"../../../Engine/Content/MobileResources/HUD/T_Castle_ThumbstickOutter.uasset" 542
"../../../Engine/Content/MobileResources/HUD/MobileHUDButton1_off.uasset" 543
"../../../Engine/Content/MobileResources/HUD/MobileHUDDirectionPad2.uasset" 544
"../../../../../../Users/David/Desktop/UnrealGameProjects/DesertSurvival/Content/Maps/MainMenu.umap" 545
"../../../Engine/Content/MobileResources/HUD/MobileHUDButtonFire.uasset" 546
