[2015.06.15-20.03.22:681][  0]Log file open, 06/15/15 13:03:22
[2015.06.15-20.03.22:681][  0]LogInit:Display: Running engine for game: DesertSurvival
[2015.06.15-20.03.22:681][  0]LogInit:Display: Project file not found: ../../../DesertSurvival/DesertSurvival.uproject
[2015.06.15-20.03.22:681][  0]LogInit:Display: 	Attempting to find via project info helper.
[2015.06.15-20.03.22:681][  0]LogUProjectInfo: Found projects:
[2015.06.15-20.03.22:681][  0]LogModuleManager:Warning: ModuleManager: Module 'HTTPChunkInstaller' not found - its StaticallyLinkedModuleInitializers function is null.
[2015.06.15-20.03.22:681][  0]LogTaskGraph: Started task graph with 4 named threads and 7 total threads.
[2015.06.15-20.03.22:681][  0]LogStats: Stats thread started
[2015.06.15-20.03.22:681][  0]LogInit: Version: 4.8.0-2579680+++depot+UE4-Releases+4.8
[2015.06.15-20.03.22:681][  0]LogInit: API Version: 2579680
[2015.06.15-20.03.22:681][  0]LogInit: Compiled (64-bit): Jun  8 2015 03:43:14
[2015.06.15-20.03.22:681][  0]LogInit: Compiled with Visual C++: 18.00.21005.01
[2015.06.15-20.03.22:681][  0]LogInit: Build Configuration: Development
[2015.06.15-20.03.22:681][  0]LogInit: Branch Name: ++depot+UE4-Releases+4.8
[2015.06.15-20.03.22:681][  0]LogInit: Command line:  
[2015.06.15-20.03.22:681][  0]LogInit: Base directory: C:/Users/David/Desktop/Git Hub/Desert-Survival/WindowsNoEditor/Engine/Binaries/Win64/
[2015.06.15-20.03.22:681][  0]LogInit: Rocket: 0
[2015.06.15-20.03.22:682][  0]LogInit: Using libcurl 7.41.0
[2015.06.15-20.03.22:682][  0]LogInit:  - built for x86_64-pc-win32
[2015.06.15-20.03.22:682][  0]LogInit:  - supports SSL with WinSSL
[2015.06.15-20.03.22:682][  0]LogInit:  - other features:
[2015.06.15-20.03.22:682][  0]LogInit:      CURL_VERSION_SSL
[2015.06.15-20.03.22:682][  0]LogInit:      CURL_VERSION_IPV6
[2015.06.15-20.03.22:682][  0]LogInit:      CURL_VERSION_ASYNCHDNS
[2015.06.15-20.03.22:682][  0]LogInit:      CURL_VERSION_LARGEFILE
[2015.06.15-20.03.22:682][  0]LogInit:      CURL_VERSION_IDN
[2015.06.15-20.03.22:682][  0]LogInit:  CurlRequestOptions (configurable via config and command line):
[2015.06.15-20.03.22:682][  0]LogInit:  - bVerifyPeer = true  - Libcurl will verify peer certificate
[2015.06.15-20.03.22:682][  0]LogInit:  - bUseHttpProxy = false  - Libcurl will NOT use HTTP proxy
[2015.06.15-20.03.22:682][  0]LogInit:  - bDontReuseConnections = false  - Libcurl will reuse connections
[2015.06.15-20.03.22:682][  0]LogInit:  - CertBundlePath = nullptr  - Libcurl will use whatever was configured at build time.
[2015.06.15-20.03.22:682][  0]LogOnline:Warning: No default platform service specified for OnlineSubsystem
[2015.06.15-20.03.22:684][  0]LogInit: Presizing for 0 objects not considered by GC, pre-allocating 0 bytes.
[2015.06.15-20.03.22:689][  0]LogInit: Object subsystem initialized
[2015.06.15-20.03.22:690][  0]LogConsoleResponse:Warning: Skipping Unknown console variable: 'TranslucentSortAxis = (X=0.000000,Y=-1.000000,Z=0.000000)'
[2015.06.15-20.03.22:690][  0]LogConsoleResponse:Warning:   Found in ini file '../../../DesertSurvival/Saved/Config/WindowsNoEditor/Engine.ini', in section '[/Script/Engine.RendererSettings]'
[2015.06.15-20.03.22:690][  0]LogConsoleResponse:Warning: Skipping Unknown console variable: 'UIScaleRule = ShortestSide'
[2015.06.15-20.03.22:690][  0]LogConsoleResponse:Warning:   Found in ini file '../../../DesertSurvival/Saved/Config/WindowsNoEditor/Engine.ini', in section '[/Script/Engine.RendererSettings]'
[2015.06.15-20.03.22:690][  0]LogConsoleResponse:Warning: Skipping Unknown console variable: 'UIScaleCurve = (EditorCurveData=(Keys=),ExternalCurve=None)'
[2015.06.15-20.03.22:690][  0]LogConsoleResponse:Warning:   Found in ini file '../../../DesertSurvival/Saved/Config/WindowsNoEditor/Engine.ini', in section '[/Script/Engine.RendererSettings]'
[2015.06.15-20.03.22:709][  0]LogInit: Selected Device Profile: [WindowsNoEditor]
[2015.06.15-20.03.22:709][  0]LogInit: Applying CVar settings loaded from the selected device profile: [WindowsNoEditor]
[2015.06.15-20.03.22:714][  0]LogInit: Computer: DAVOPCX64
[2015.06.15-20.03.22:714][  0]LogInit: User: David
[2015.06.15-20.03.22:714][  0]LogInit: CPU Page size=4096, Cores=4
[2015.06.15-20.03.22:714][  0]LogInit: High frequency timer resolution =3.418017 MHz
[2015.06.15-20.03.22:714][  0]LogMemory: Memory total: Physical=7.9GB (8GB approx)
[2015.06.15-20.03.22:714][  0]LogMemory: Platform Memory Stats for WindowsNoEditor
[2015.06.15-20.03.22:714][  0]LogMemory: Process Physical Memory: 31.23 MB used, 31.23 MB peak
[2015.06.15-20.03.22:714][  0]LogMemory: Process Virtual Memory: 19.82 MB used, 19.82 MB peak
[2015.06.15-20.03.22:714][  0]LogMemory: Physical Memory: 4473.22 MB used, 8073.93 MB total
[2015.06.15-20.03.22:714][  0]LogMemory: Virtual Memory: 181.17 MB used, 8388608.00 MB total
[2015.06.15-20.03.22:846][  0]LogTextLocalizationManager: The requested culture ('en_US') has no localization data; parent culture's ('en') localization data will be used.
[2015.06.15-20.03.23:023][  0]LogD3D11RHI: Found D3D11 adapter 0: AMD Radeon HD 7800 Series (Feature Level 11_0)
[2015.06.15-20.03.23:023][  0]LogD3D11RHI: Adapter has 1003MB of dedicated video memory, 0MB of dedicated system memory, and 3780MB of shared system memory, 2 output[s]
[2015.06.15-20.03.23:026][  0]LogD3D11RHI: Found D3D11 adapter 1: Intel(R) HD Graphics 4000 (Feature Level 11_0)
[2015.06.15-20.03.23:026][  0]LogD3D11RHI: Adapter has 64MB of dedicated video memory, 0MB of dedicated system memory, and 1632MB of shared system memory, 1 output[s]
[2015.06.15-20.03.23:026][  0]LogD3D11RHI: Chosen D3D11 Adapter Id = 0
[2015.06.15-20.03.23:030][  0]LogRHI: Texture pool is 702 MB (70% of 1003 MB)
[2015.06.15-20.03.23:035][  0]LogD3D11RHI: Async texture creation disabled: no driver support
[2015.06.15-20.03.23:123][  0]LogInit: Selected Device Profile: [WindowsNoEditor]
[2015.06.15-20.03.23:218][  0]LogInit: WinSock: version 1.1 (2.2), MaxSocks=32767, MaxUdp=65467
[2015.06.15-20.03.23:306][  0]LogWindowsMoviePlayer: Unable to load movie: ../../../DesertSurvival/Content/Movies/Default_Startup.mp4
[2015.06.15-20.03.23:340][  0]LogObj: 21750 objects as part of root set at end of initial load.
[2015.06.15-20.03.23:340][  0]LogUObjectAllocator: 4322120 out of 0 bytes used by permanent object pool.
[2015.06.15-20.03.23:340][  0]LogStreaming:Warning: Failed to read file '../../../Engine/Content/Editor/Slate/Common/TableViewHeader.png' error.
[2015.06.15-20.03.23:340][  0]LogSlate: Could not find file for Slate resource: ../../../Engine/Content/Editor/Slate/Common/TableViewHeader.png
[2015.06.15-20.03.23:340][  0]LogStreaming:Warning: Failed to read file '../../../Engine/Content/Editor/Slate//Docking/TabContentArea.png' error.
[2015.06.15-20.03.23:340][  0]LogSlate: Could not find file for Slate resource: ../../../Engine/Content/Editor/Slate//Docking/TabContentArea.png
[2015.06.15-20.03.23:340][  0]LogStreaming:Warning: Failed to read file '../../../Engine/Content/Editor/Slate/Common/ProgressBar_Background.png' error.
[2015.06.15-20.03.23:340][  0]LogSlate: Could not find file for Slate resource: ../../../Engine/Content/Editor/Slate/Common/ProgressBar_Background.png
[2015.06.15-20.03.23:340][  0]LogStreaming:Warning: Failed to read file '../../../Engine/Content/Editor/Slate/Common/TaskGraph_Normal.png' error.
[2015.06.15-20.03.23:340][  0]LogSlate: Could not find file for Slate resource: ../../../Engine/Content/Editor/Slate/Common/TaskGraph_Normal.png
[2015.06.15-20.03.23:340][  0]LogStreaming:Warning: Failed to read file '../../../Engine/Content/Editor/Slate/Common/TaskGraph_Selected.png' error.
[2015.06.15-20.03.23:340][  0]LogSlate: Could not find file for Slate resource: ../../../Engine/Content/Editor/Slate/Common/TaskGraph_Selected.png
[2015.06.15-20.03.23:340][  0]LogStreaming:Warning: Failed to read file '../../../Engine/Content/Editor/Slate/Common/TaskGraph_Mono.png' error.
[2015.06.15-20.03.23:340][  0]LogSlate: Could not find file for Slate resource: ../../../Engine/Content/Editor/Slate/Common/TaskGraph_Mono.png
[2015.06.15-20.03.23:340][  0]LogStreaming:Warning: Failed to read file '../../../Engine/Content/Editor/Slate/Common/SortUpArrow.png' error.
[2015.06.15-20.03.23:340][  0]LogSlate: Could not find file for Slate resource: ../../../Engine/Content/Editor/Slate/Common/SortUpArrow.png
[2015.06.15-20.03.23:340][  0]LogStreaming:Warning: Failed to read file '../../../Engine/Content/Editor/Slate/Common/SortDownArrow.png' error.
[2015.06.15-20.03.23:340][  0]LogSlate: Could not find file for Slate resource: ../../../Engine/Content/Editor/Slate/Common/SortDownArrow.png
[2015.06.15-20.03.23:340][  0]LogStreaming:Warning: Failed to read file '../../../Engine/Content/Editor/Slate/Icons/Home16x16.png' error.
[2015.06.15-20.03.23:340][  0]LogSlate: Could not find file for Slate resource: ../../../Engine/Content/Editor/Slate/Icons/Home16x16.png
[2015.06.15-20.03.23:340][  0]LogStreaming:Warning: Failed to read file '../../../Engine/Content/Editor/Slate/Icons/ToParent.png' error.
[2015.06.15-20.03.23:340][  0]LogSlate: Could not find file for Slate resource: ../../../Engine/Content/Editor/Slate/Icons/ToParent.png
[2015.06.15-20.03.23:340][  0]LogStreaming:Warning: Failed to read file '../../../Engine/Content/Editor/Slate/Common/ComboArrow.png' error.
[2015.06.15-20.03.23:340][  0]LogSlate: Could not find file for Slate resource: ../../../Engine/Content/Editor/Slate/Common/ComboArrow.png
[2015.06.15-20.03.23:351][  0]LogEngine: Initializing Engine...
[2015.06.15-20.03.23:353][  0]LogHMD: Can't find Oculus library dev build: is proper Runtime installed? Version: 0.6.0.0
[2015.06.15-20.03.23:362][  0]LogHMD:Warning: SteamVR failed to initialize.  Error: 100
[2015.06.15-20.03.23:416][  0]LogInit: XAudio2 using 'Speakers (Realtek High Definition Audio)' : 2 channels at 48 kHz using 32 bits per sample (channel mask 0x3)
[2015.06.15-20.03.23:431][  0]LogInit: FAudioDevice initialized.
[2015.06.15-20.03.23:431][  0]LogInit: Texture streaming: Disabled
[2015.06.15-20.03.23:431][  0]LogAnalytics: Creating configured Analytics provider AnalyticsET
[2015.06.15-20.03.23:431][  0]LogAnalytics: [UEGame.UnrealEngine.Release|85E7D6CD49F0F3FCF365188A5BDF5A03|UE4Game] APIServer = http://et2.epicgames.com/ET2/. AppVersion = 4.8.0-2579680+++depot+UE4-Releases+4.8
[2015.06.15-20.03.23:431][  0]LogAnalytics: [UEGame.UnrealEngine.Release|85E7D6CD49F0F3FCF365188A5BDF5A03|UE4Game] SetUserId 63bad7584199a80b18f5d19af3640327|847b49c4ca63452480b7439378717c51|d31b456e-061b-4b71-818e-0d4e346df735
[2015.06.15-20.03.23:431][  0]LogAnalytics: [UEGame.UnrealEngine.Release|85E7D6CD49F0F3FCF365188A5BDF5A03|UE4Game] AnalyticsET::StartSession
[2015.06.15-20.03.23:441][  0]LogNet: Browse: /Game/Maps/MainMenu?Name=Player
[2015.06.15-20.03.23:441][  0]LogLoad: LoadMap: /Game/Maps/MainMenu?Name=Player
[2015.06.15-20.03.23:448][  0]LogParticles: Destroying 0 GPU particle simulations for FXSystem 0x00000000094AA500
[2015.06.15-20.03.23:453][  0]LogMemory: Platform Memory Stats for WindowsNoEditor
[2015.06.15-20.03.23:453][  0]LogMemory: Process Physical Memory: 138.41 MB used, 138.42 MB peak
[2015.06.15-20.03.23:453][  0]LogMemory: Process Virtual Memory: 116.29 MB used, 116.29 MB peak
[2015.06.15-20.03.23:453][  0]LogMemory: Physical Memory: 4601.41 MB used, 8073.93 MB total
[2015.06.15-20.03.23:453][  0]LogMemory: Virtual Memory: 469.59 MB used, 8388608.00 MB total
[2015.06.15-20.03.23:453][  0]LogMemory: 
[2015.06.15-20.03.23:454][  0]LogMemory: Allocator Stats for binned:
[2015.06.15-20.03.23:454][  0]LogMemory: Current Memory 36.75 MB used, plus 3.56 MB waste
[2015.06.15-20.03.23:454][  0]LogMemory: Peak Memory 45.41 MB used, plus 2.71 MB waste
[2015.06.15-20.03.23:454][  0]LogMemory: Current OS Memory 40.31 MB, peak 48.11 MB
[2015.06.15-20.03.23:454][  0]LogMemory: Current Waste 0.70 MB, peak 0.99 MB
[2015.06.15-20.03.23:454][  0]LogMemory: Current Used 36.75 MB, peak 45.41 MB
[2015.06.15-20.03.23:454][  0]LogMemory: Current Slack 2.86 MB
[2015.06.15-20.03.23:454][  0]LogMemory: Allocs       106555 Current /  1039005 Total
[2015.06.15-20.03.23:454][  0]LogMemory: 
[2015.06.15-20.03.23:454][  0]LogMemory: Block Size Num Pools Max Pools Cur Allocs Total Allocs Min Req Max Req Mem Used Mem Slack Mem Waste Efficiency
[2015.06.15-20.03.23:454][  0]LogMemory: ---------- --------- --------- ---------- ------------ ------- ------- -------- --------- --------- ----------
[2015.06.15-20.03.23:454][  0]LogMemory:          8         0         0          0            0       8       0       0K        0K        0K    100.00%
[2015.06.15-20.03.23:454][  0]LogMemory:         16         4         4      13245       208622      16      16     206K       50K        0K    100.00%
[2015.06.15-20.03.23:454][  0]LogMemory:         32         9         9      17584        95989      32      32     549K       27K        0K    100.00%
[2015.06.15-20.03.23:454][  0]LogMemory:         48         8         8       9244        41685      48      48     433K       79K        0K    100.00%
[2015.06.15-20.03.23:454][  0]LogMemory:         64        16        16      15934        73477      64      64     995K       29K        0K    100.00%
[2015.06.15-20.03.23:454][  0]LogMemory:         80         7         7       5534        44772      80      80     432K       16K        0K    100.00%
[2015.06.15-20.03.23:454][  0]LogMemory:         96         5         5       2957        33127      96      96     277K       43K        0K    100.00%
[2015.06.15-20.03.23:454][  0]LogMemory:        112         4         4       1510        27544     112     112     165K       91K        0K    100.00%
[2015.06.15-20.03.23:454][  0]LogMemory:        128        33        33      16710        43427     128     128    2088K       24K        0K    100.00%
[2015.06.15-20.03.23:454][  0]LogMemory:        160         7        13       2598        67659     144     160     405K       43K       16K     96.43%
[2015.06.15-20.03.23:454][  0]LogMemory:        192        17        17       5199       120859     176     192     974K      113K       40K     96.32%
[2015.06.15-20.03.23:454][  0]LogMemory:        224         4         4        969       101776     208     224     211K       45K        9K     96.48%
[2015.06.15-20.03.23:454][  0]LogMemory:        256        18        31       4374        63552     240     256    1093K       59K       49K     95.75%
[2015.06.15-20.03.23:454][  0]LogMemory:        288         5         5       1112        43179     272     288     312K        8K       12K     96.25%
[2015.06.15-20.03.23:454][  0]LogMemory:        320         4         4        689        15027     304     320     215K       40K        6K     97.66%
[2015.06.15-20.03.23:454][  0]LogMemory:        384        12        12       1948        17982     336     384     730K       35K       48K     93.75%
[2015.06.15-20.03.23:454][  0]LogMemory:        448        12        12       1674         9906     400     448     732K       35K       25K     96.74%
[2015.06.15-20.03.23:454][  0]LogMemory:        512        10        10       1152         6583     464     512     576K       64K       30K     95.31%
[2015.06.15-20.03.23:454][  0]LogMemory:        576        11        11        885         1919     528     576     497K      203K       29K     95.88%
[2015.06.15-20.03.23:454][  0]LogMemory:        640         9        10        574         1258     592     640     358K      216K       20K     96.53%
[2015.06.15-20.03.23:454][  0]LogMemory:        704         4         4        269          658     656     704     184K       72K        4K     98.44%
[2015.06.15-20.03.23:454][  0]LogMemory:        768         3         3        194         2511     720     768     145K       47K        3K     98.44%
[2015.06.15-20.03.23:454][  0]LogMemory:        896         3         4        206          661     784     896     180K       12K        8K     95.83%
[2015.06.15-20.03.23:454][  0]LogMemory:       1024         2         3        105          571     912    1024     105K       23K        2K     98.44%
[2015.06.15-20.03.23:454][  0]LogMemory:       1168         3         3        112          644    1040    1168     127K       65K        6K     96.88%
[2015.06.15-20.03.23:454][  0]LogMemory:       1360         7         7        278         3237    1184    1360     369K       78K       24K     94.64%
[2015.06.15-20.03.23:454][  0]LogMemory:       1632         7         8        265          654    1376    1632     422K       25K       27K     93.97%
[2015.06.15-20.03.23:454][  0]LogMemory:       2048         8         8        182          675    1648    2048     364K      148K       39K     92.38%
[2015.06.15-20.03.23:454][  0]LogMemory:       2336         3         4         72         3399    2064    2336     164K       28K       17K     91.15%
[2015.06.15-20.03.23:454][  0]LogMemory:       2720         5         6        104          504    2352    2720     276K       43K       14K     95.63%
[2015.06.15-20.03.23:454][  0]LogMemory:       3264         9        10        146         2147    2736    3264     465K      109K       24K     95.83%
[2015.06.15-20.03.23:454][  0]LogMemory:       4096        12        14        159          703    3280    4096     636K      132K       53K     93.10%
[2015.06.15-20.03.23:454][  0]LogMemory:       4672         7         9         77         1385    4112    4672     351K       97K       11K     97.54%
[2015.06.15-20.03.23:454][  0]LogMemory:       5456         9        14         94          393    4688    5456     500K       76K       41K     92.88%
[2015.06.15-20.03.23:454][  0]LogMemory:       6544        13        15        107          322    5472    6544     683K      148K       56K     93.27%
[2015.06.15-20.03.23:454][  0]LogMemory:       8192         7         9         46          920    6560    8192     368K       80K       26K     94.20%
[2015.06.15-20.03.23:454][  0]LogMemory:       9360         6         6         37          115    8208    9360     338K       46K       20K     94.79%
[2015.06.15-20.03.23:454][  0]LogMemory:      10912         4         5         24           60    9376   10896     255K        1K       18K     92.97%
[2015.06.15-20.03.23:454][  0]LogMemory:      13104         6         6         25           85   10976   13104     319K       65K       22K     94.27%
[2015.06.15-20.03.23:454][  0]LogMemory:      16384         9        11         28          160   13120   16384     448K      128K       29K     94.97%
[2015.06.15-20.03.23:454][  0]LogMemory:      21840        11        12         31           86   16400   21776     661K       43K      108K     84.66%
[2015.06.15-20.03.23:454][  0]LogMemory:      32768         7         8         14           72   21904   32736     448K        0K       96K     78.57%
[2015.06.15-20.03.23:454][  0]LogMemory: 
[2015.06.15-20.03.23:454][  0]LogMemory: 21760K allocated in pools (with 2686K slack and 932K waste). Efficiency 95.72%
[2015.06.15-20.03.23:454][  0]LogMemory: Allocations 106468 Current / 1038306 Total (in 340 pools)
[2015.06.15-20.03.23:454][  0]LogMemory: 
[2015.06.15-20.03.23:461][  0]LogLinker:Warning: CreateImport: Failed to load Outer for resource 'WidgetTree': WidgetBlueprint /Script/UMGEditor.Default__WidgetBlueprint
[2015.06.15-20.03.23:465][  0]LogModuleManager:Warning: ModuleManager: Module 'GameplayDebugger' not found - its StaticallyLinkedModuleInitializers function is null.
[2015.06.15-20.03.23:465][  0]LogAIModule: Creating AISystem for world MainMenu
[2015.06.15-20.03.23:465][  0]LogWorld: Game class is 'GameMode'
[2015.06.15-20.03.23:467][  0]LogWorld: Bringing World /Game/Maps/MainMenu.MainMenu up for play (max tick rate 0) at 2015.06.15-13.03.23
[2015.06.15-20.03.23:468][  0]LogWorld: Bringing up level for play took: 0.000553
[2015.06.15-20.03.23:468][  0]LogGameMode: Warning - PATHS NOT DEFINED or NO PLAYERSTART with positive rating
[2015.06.15-20.03.23:476][  0]LogInit:Display: Game Engine Initialized.
[2015.06.15-20.03.23:681][  0]LogAssetRegistry: FAssetRegistry took 0.0042 seconds to start up
[2015.06.15-20.03.23:682][  0]LogLoad: Full Startup: 1.79 seconds (BP compile: 0.00 seconds)
[2015.06.15-20.03.23:704][  0]LogContentStreaming: Texture pool size is 1000.000000MB
[2015.06.15-20.03.23:827][  2]LogRenderer: Reallocating scene render targets to support 1600x1000 (Frame:2).
[2015.06.15-20.03.25:415][ 61]LogPackageName: SearchForPackageOnDisk took   0.308s to resolve Map1.umap
[2015.06.15-20.03.25:416][ 61]LogBlueprintUserMessages: Creation Succeeded
[2015.06.15-20.03.25:702][ 61]LogPackageName: SearchForPackageOnDisk took   0.286s to resolve Map1.umap
[2015.06.15-20.03.25:702][ 61]LogNet: Browse: /Game/Maps/Map1?listen
[2015.06.15-20.03.25:702][ 61]LogLoad: LoadMap: /Game/Maps/Map1?listen
[2015.06.15-20.03.25:709][ 61]LogParticles: Destroying 0 GPU particle simulations for FXSystem 0x00000000094A9EC0
[2015.06.15-20.03.25:714][ 61]LogMemory: Platform Memory Stats for WindowsNoEditor
[2015.06.15-20.03.25:714][ 61]LogMemory: Process Physical Memory: 159.77 MB used, 164.68 MB peak
[2015.06.15-20.03.25:714][ 61]LogMemory: Process Virtual Memory: 132.80 MB used, 139.54 MB peak
[2015.06.15-20.03.25:714][ 61]LogMemory: Physical Memory: 4721.70 MB used, 8073.93 MB total
[2015.06.15-20.03.25:714][ 61]LogMemory: Virtual Memory: 476.41 MB used, 8388608.00 MB total
[2015.06.15-20.03.25:714][ 61]LogMemory: 
[2015.06.15-20.03.25:714][ 61]LogMemory: Allocator Stats for binned:
[2015.06.15-20.03.25:714][ 61]LogMemory: Current Memory 44.80 MB used, plus 1.50 MB waste
[2015.06.15-20.03.25:714][ 61]LogMemory: Peak Memory 48.39 MB used, plus 0.57 MB waste
[2015.06.15-20.03.25:714][ 61]LogMemory: Current OS Memory 46.30 MB, peak 48.95 MB
[2015.06.15-20.03.25:714][ 61]LogMemory: Current Waste 0.78 MB, peak 0.99 MB
[2015.06.15-20.03.25:714][ 61]LogMemory: Current Used 44.80 MB, peak 48.39 MB
[2015.06.15-20.03.25:714][ 61]LogMemory: Current Slack 0.73 MB
[2015.06.15-20.03.25:714][ 61]LogMemory: Allocs       110130 Current /  1973257 Total
[2015.06.15-20.03.25:714][ 61]LogMemory: 
[2015.06.15-20.03.25:714][ 61]LogMemory: Block Size Num Pools Max Pools Cur Allocs Total Allocs Min Req Max Req Mem Used Mem Slack Mem Waste Efficiency
[2015.06.15-20.03.25:714][ 61]LogMemory: ---------- --------- --------- ---------- ------------ ------- ------- -------- --------- --------- ----------
[2015.06.15-20.03.25:714][ 61]LogMemory:          8         0         0          0            0       8       0       0K        0K        0K    100.00%
[2015.06.15-20.03.25:714][ 61]LogMemory:         16         4         4      14255       568689      16      16     222K       34K        0K    100.00%
[2015.06.15-20.03.25:714][ 61]LogMemory:         32        10        10      18440       118126      32      32     576K       64K        0K    100.00%
[2015.06.15-20.03.25:714][ 61]LogMemory:         48         8         8       9721        53860      48      48     455K       57K        0K    100.00%
[2015.06.15-20.03.25:714][ 61]LogMemory:         64        17        17      16321       154916      64      64    1020K       68K        0K    100.00%
[2015.06.15-20.03.25:714][ 61]LogMemory:         80         7         7       5599        69967      80      80     437K       11K        0K    100.00%
[2015.06.15-20.03.25:714][ 61]LogMemory:         96         5         5       3022        64764      96      96     283K       37K        0K    100.00%
[2015.06.15-20.03.25:714][ 61]LogMemory:        112         4         4       1587        58973     112     112     173K       83K        0K    100.00%
[2015.06.15-20.03.25:714][ 61]LogMemory:        128        33        34      16811        86068     128     128    2101K       11K        0K    100.00%
[2015.06.15-20.03.25:714][ 61]LogMemory:        160         7        13       2748       125922     144     160     429K       19K       26K     94.20%
[2015.06.15-20.03.25:714][ 61]LogMemory:        192        17        17       5245       154433     176     192     983K      104K       44K     95.96%
[2015.06.15-20.03.25:714][ 61]LogMemory:        224         4         4       1067       215595     208     224     233K       23K       10K     96.09%
[2015.06.15-20.03.25:714][ 61]LogMemory:        256        18        31       4397        95788     240     256    1099K       53K       45K     96.09%
[2015.06.15-20.03.25:714][ 61]LogMemory:        288         6         6       1118        83698     272     288     314K       70K       14K     96.35%
[2015.06.15-20.03.25:714][ 61]LogMemory:        320         4         4        714        16939     304     320     223K       32K        6K     97.66%
[2015.06.15-20.03.25:714][ 61]LogMemory:        384        12        12       1986        37966     336     384     744K       21K       35K     95.44%
[2015.06.15-20.03.25:714][ 61]LogMemory:        448        12        12       1717        17291     400     448     751K       16K       28K     96.35%
[2015.06.15-20.03.25:714][ 61]LogMemory:        512        10        10       1154        20157     464     512     577K       63K       44K     93.13%
[2015.06.15-20.03.25:714][ 61]LogMemory:        576        11        11        908         3219     528     576     510K      190K       31K     95.60%
[2015.06.15-20.03.25:714][ 61]LogMemory:        640         9        10        574         1345     592     640     358K      216K       19K     96.70%
[2015.06.15-20.03.25:714][ 61]LogMemory:        704         4         4        285          826     656     704     195K       61K        5K     98.05%
[2015.06.15-20.03.25:714][ 61]LogMemory:        768         3         3        192         2610     720     768     144K       48K        3K     98.44%
[2015.06.15-20.03.25:714][ 61]LogMemory:        896         4         4        210         1196     784     896     183K       73K       12K     95.31%
[2015.06.15-20.03.25:714][ 61]LogMemory:       1024         2         3        103          765     912    1024     103K       25K        2K     98.44%
[2015.06.15-20.03.25:714][ 61]LogMemory:       1168         3         3        120         1669    1040    1168     136K       56K        7K     96.35%
[2015.06.15-20.03.25:714][ 61]LogMemory:       1360         7         7        279         3504    1184    1360     370K       77K       25K     94.42%
[2015.06.15-20.03.25:714][ 61]LogMemory:       1632         8         8        266          762    1376    1632     423K       87K       32K     93.75%
[2015.06.15-20.03.25:715][ 61]LogMemory:       2048         8         8        182         1340    1648    2048     364K      148K       29K     94.34%
[2015.06.15-20.03.25:715][ 61]LogMemory:       2336         3         4         70         3416    2064    2336     159K       33K       17K     91.15%
[2015.06.15-20.03.25:715][ 61]LogMemory:       2720         5         6        105          516    2352    2720     278K       41K       14K     95.63%
[2015.06.15-20.03.25:715][ 61]LogMemory:       3264         9        10        146         2664    2736    3264     465K      109K       26K     95.49%
[2015.06.15-20.03.25:715][ 61]LogMemory:       4096        12        14        154          750    3280    4096     616K      152K       48K     93.75%
[2015.06.15-20.03.25:715][ 61]LogMemory:       4672         6         9         74         1399    4112    4672     337K       47K       11K     97.14%
[2015.06.15-20.03.25:715][ 61]LogMemory:       5456         9        14         96          462    4688    5456     511K       65K       38K     93.40%
[2015.06.15-20.03.25:715][ 61]LogMemory:       6544        13        15        108          403    5472    6544     690K      141K       52K     93.75%
[2015.06.15-20.03.25:715][ 61]LogMemory:       8192         8        10         48         1387    6560    8192     384K      128K       33K     93.55%
[2015.06.15-20.03.25:715][ 61]LogMemory:       9360         6         6         37          122    8208    9360     338K       46K       20K     94.79%
[2015.06.15-20.03.25:715][ 61]LogMemory:      10912         5         5         23          187    9376   10896     245K       75K       16K     95.00%
[2015.06.15-20.03.25:715][ 61]LogMemory:      13104         6         6         27           94   10976   13104     345K       39K       24K     93.75%
[2015.06.15-20.03.25:715][ 61]LogMemory:      16384        12        13         33          199   13120   16384     528K      240K       31K     95.96%
[2015.06.15-20.03.25:715][ 61]LogMemory:      21840        12        12         30           93   16400   21776     639K      129K      104K     86.46%
[2015.06.15-20.03.25:715][ 61]LogMemory:      32768         7        10         14           81   21904   32736     448K        0K       98K     78.13%
[2015.06.15-20.03.25:715][ 61]LogMemory: 
[2015.06.15-20.03.25:715][ 61]LogMemory: 22400K allocated in pools (with 2992K slack and 949K waste). Efficiency 95.76%
[2015.06.15-20.03.25:715][ 61]LogMemory: Allocations 109987 Current / 1972162 Total (in 350 pools)
[2015.06.15-20.03.25:715][ 61]LogMemory: 
[2015.06.15-20.03.25:736][ 61]LogAIModule: Creating AISystem for world Map1
[2015.06.15-20.03.25:736][ 61]LogWorld: Game class is 'SurvivalGameMode_C'
[2015.06.15-20.03.25:736][ 61]LogInit: WinSock: Socket queue 131072 / 131072
[2015.06.15-20.03.25:739][ 61]LogInit: WinSock: I am DavoPCx64 (10.10.1.165:0)
[2015.06.15-20.03.25:740][ 61]LogNet: GameNetDriver IpNetDriver_0 IpNetDriver listening on port 7777
[2015.06.15-20.03.25:741][ 61]LogWorld: Bringing World /Game/Maps/Map1.Map1 up for play (max tick rate 0) at 2015.06.15-13.03.25
[2015.06.15-20.03.25:742][ 61]LogWorld: Bringing up level for play took: 0.000914
[2015.06.15-20.03.25:747][ 62]LogCharacterMovement:Warning: GetSimulationTimeStep() - Max iterations 8 hit while remaining time 0.058081 > MaxSimulationTimeStep (0.050) for 'PlayerElement_C_0'
[2015.06.15-20.03.35:503][655]LogEngine: All Windows Closed
[2015.06.15-20.03.35:503][655]LogWindows: FPlatformMisc::RequestExit(0)
[2015.06.15-20.03.36:364][656]LogNet: World NetDriver shutdown IpNetDriver_0 [GameNetDriver]
[2015.06.15-20.03.36:364][656]LogNet: DestroyNamedNetDriver IpNetDriver_0 [GameNetDriver]
[2015.06.15-20.03.36:364][656]LogExit: GameNetDriver IpNetDriver_0 shut down
[2015.06.15-20.03.36:533][656]LogExit: Preparing to exit.
[2015.06.15-20.03.36:607][656]LogExit: Game engine shut down
[2015.06.15-20.03.36:607][656]LogParticles: Destroying 0 GPU particle simulations for FXSystem 0x00000000094A1540
[2015.06.15-20.03.36:658][656]LogExit: Object subsystem successfully closed.
[2015.06.15-20.03.36:677][656]LogModuleManager: Shutting down and abandoning module AssetRegistry (52)
[2015.06.15-20.03.36:677][656]LogModuleManager: Shutting down and abandoning module AutomationWorker (51)
[2015.06.15-20.03.36:677][656]LogModuleManager: Shutting down and abandoning module CharacterAI (50)
[2015.06.15-20.03.36:677][656]LogModuleManager: Shutting down and abandoning module AIModule (48)
[2015.06.15-20.03.36:677][656]LogModuleManager: Shutting down and abandoning module GameLiveStreaming (47)
[2015.06.15-20.03.36:678][656]LogModuleManager: Shutting down and abandoning module StreamingPauseRendering (46)
[2015.06.15-20.03.36:678][656]LogModuleManager: Shutting down and abandoning module AnalyticsET (45)
[2015.06.15-20.03.36:678][656]LogModuleManager: Shutting down and abandoning module Analytics (44)
[2015.06.15-20.03.36:678][656]LogModuleManager: Shutting down and abandoning module ProfilerService (43)
[2015.06.15-20.03.36:843][656]LogModuleManager: Shutting down and abandoning module TaskGraph (42)
[2015.06.15-20.03.36:843][656]LogModuleManager: Shutting down and abandoning module SlateRemote (41)
[2015.06.15-20.03.36:843][656]LogModuleManager: Shutting down and abandoning module SteamVRController (40)
[2015.06.15-20.03.36:843][656]LogModuleManager: Shutting down and abandoning module SteamVR (39)
[2015.06.15-20.03.36:843][656]LogModuleManager: Shutting down and abandoning module ProceduralMeshComponent (38)
[2015.06.15-20.03.36:843][656]LogModuleManager: Shutting down and abandoning module OculusRift (37)
[2015.06.15-20.03.36:843][656]LogModuleManager: Shutting down and abandoning module CustomMeshComponent (36)
[2015.06.15-20.03.36:843][656]LogModuleManager: Shutting down and abandoning module CableComponent (35)
[2015.06.15-20.03.36:843][656]LogModuleManager: Shutting down and abandoning module UdpMessaging (34)
[2015.06.15-20.03.36:843][656]LogModuleManager: Shutting down and abandoning module Paper2D (33)
[2015.06.15-20.03.36:843][656]LogModuleManager: Shutting down and abandoning module WindowsMoviePlayer (32)
[2015.06.15-20.03.36:844][656]LogModuleManager: Shutting down and abandoning module Media (31)
[2015.06.15-20.03.36:844][656]LogModuleManager: Shutting down and abandoning module WmfMedia (30)
[2015.06.15-20.03.36:845][656]LogModuleManager: Shutting down and abandoning module ImageWrapper (29)
[2015.06.15-20.03.36:845][656]LogModuleManager: Shutting down and abandoning module UMG (28)
[2015.06.15-20.03.36:845][656]LogModuleManager: Shutting down and abandoning module Slate (27)
[2015.06.15-20.03.36:845][656]LogModuleManager: Shutting down and abandoning module SessionServices (26)
[2015.06.15-20.03.36:845][656]LogModuleManager: Shutting down and abandoning module Messaging (25)
[2015.06.15-20.03.36:845][656]LogModuleManager: Shutting down and abandoning module HeadMountedDisplay (24)
[2015.06.15-20.03.36:845][656]LogModuleManager: Shutting down and abandoning module XAudio2 (23)
[2015.06.15-20.03.36:845][656]LogModuleManager: Shutting down and abandoning module Networking (21)
[2015.06.15-20.03.36:845][656]LogModuleManager: Shutting down and abandoning module Core (20)
[2015.06.15-20.03.36:845][656]LogModuleManager: Shutting down and abandoning module LeapMotionController (19)
[2015.06.15-20.03.36:859][656]LogModuleManager: Shutting down and abandoning module InputCore (18)
[2015.06.15-20.03.36:859][656]LogModuleManager: Shutting down and abandoning module OnlineSubsystem (16)
[2015.06.15-20.03.36:859][656]LogModuleManager: Shutting down and abandoning module HTTP (15)
[2015.06.15-20.03.36:859][656]LogModuleManager: Shutting down and abandoning module ExampleDeviceProfileSelector (14)
[2015.06.15-20.03.36:859][656]LogModuleManager: Shutting down and abandoning module ShaderCore (13)
[2015.06.15-20.03.36:859][656]LogModuleManager: Shutting down and abandoning module Landscape (12)
[2015.06.15-20.03.36:859][656]LogModuleManager: Shutting down and abandoning module SlateRHIRenderer (11)
[2015.06.15-20.03.36:859][656]LogModuleManager: Shutting down and abandoning module OpenGLDrv (10)
[2015.06.15-20.03.36:859][656]LogModuleManager: Shutting down and abandoning module D3D11RHI (9)
[2015.06.15-20.03.36:859][656]LogModuleManager: Shutting down and abandoning module Renderer (8)
[2015.06.15-20.03.36:859][656]LogModuleManager: Shutting down and abandoning module Engine (7)
[2015.06.15-20.03.36:859][656]LogModuleManager: Shutting down and abandoning module CoreUObject (6)
[2015.06.15-20.03.36:859][656]LogModuleManager: Shutting down and abandoning module NetworkFile (5)
[2015.06.15-20.03.36:859][656]LogModuleManager: Shutting down and abandoning module StreamingFile (4)
[2015.06.15-20.03.36:859][656]LogModuleManager: Shutting down and abandoning module SandboxFile (3)
[2015.06.15-20.03.36:859][656]LogModuleManager: Shutting down and abandoning module PakFile (1)
[2015.06.15-20.03.36:860][656]LogExit: Exiting.
[2015.06.15-20.03.36:861][656]Log file closed, 06/15/15 13:03:36
