[2015.06.15-22.03.32:823][  0]Log file open, 06/15/15 15:03:32
[2015.06.15-22.03.32:823][  0]LogInit:Display: Running engine for game: DesertSurvival
[2015.06.15-22.03.32:823][  0]LogInit:Display: Project file not found: ../../../DesertSurvival/DesertSurvival.uproject
[2015.06.15-22.03.32:823][  0]LogInit:Display: 	Attempting to find via project info helper.
[2015.06.15-22.03.32:823][  0]LogUProjectInfo: Found projects:
[2015.06.15-22.03.32:823][  0]LogModuleManager:Warning: ModuleManager: Module 'HTTPChunkInstaller' not found - its StaticallyLinkedModuleInitializers function is null.
[2015.06.15-22.03.32:823][  0]LogTaskGraph: Started task graph with 4 named threads and 7 total threads.
[2015.06.15-22.03.32:823][  0]LogStats: Stats thread started
[2015.06.15-22.03.32:823][  0]LogInit: Version: 4.8.0-2579680+++depot+UE4-Releases+4.8
[2015.06.15-22.03.32:823][  0]LogInit: API Version: 2579680
[2015.06.15-22.03.32:823][  0]LogInit: Compiled (64-bit): Jun  8 2015 03:43:14
[2015.06.15-22.03.32:823][  0]LogInit: Compiled with Visual C++: 18.00.21005.01
[2015.06.15-22.03.32:823][  0]LogInit: Build Configuration: Development
[2015.06.15-22.03.32:823][  0]LogInit: Branch Name: ++depot+UE4-Releases+4.8
[2015.06.15-22.03.32:823][  0]LogInit: Command line:  
[2015.06.15-22.03.32:823][  0]LogInit: Base directory: C:/Users/David/Desktop/Git Hub/Desert-Survival/WindowsNoEditor/Engine/Binaries/Win64/
[2015.06.15-22.03.32:823][  0]LogInit: Rocket: 0
[2015.06.15-22.03.32:824][  0]LogInit: Using libcurl 7.41.0
[2015.06.15-22.03.32:824][  0]LogInit:  - built for x86_64-pc-win32
[2015.06.15-22.03.32:824][  0]LogInit:  - supports SSL with WinSSL
[2015.06.15-22.03.32:824][  0]LogInit:  - other features:
[2015.06.15-22.03.32:824][  0]LogInit:      CURL_VERSION_SSL
[2015.06.15-22.03.32:824][  0]LogInit:      CURL_VERSION_IPV6
[2015.06.15-22.03.32:824][  0]LogInit:      CURL_VERSION_ASYNCHDNS
[2015.06.15-22.03.32:824][  0]LogInit:      CURL_VERSION_LARGEFILE
[2015.06.15-22.03.32:824][  0]LogInit:      CURL_VERSION_IDN
[2015.06.15-22.03.32:824][  0]LogInit:  CurlRequestOptions (configurable via config and command line):
[2015.06.15-22.03.32:824][  0]LogInit:  - bVerifyPeer = true  - Libcurl will verify peer certificate
[2015.06.15-22.03.32:824][  0]LogInit:  - bUseHttpProxy = false  - Libcurl will NOT use HTTP proxy
[2015.06.15-22.03.32:824][  0]LogInit:  - bDontReuseConnections = false  - Libcurl will reuse connections
[2015.06.15-22.03.32:824][  0]LogInit:  - CertBundlePath = nullptr  - Libcurl will use whatever was configured at build time.
[2015.06.15-22.03.32:824][  0]LogOnline:Warning: No default platform service specified for OnlineSubsystem
[2015.06.15-22.03.32:826][  0]LogInit: Presizing for 0 objects not considered by GC, pre-allocating 0 bytes.
[2015.06.15-22.03.32:831][  0]LogInit: Object subsystem initialized
[2015.06.15-22.03.32:832][  0]LogConsoleResponse:Warning: Skipping Unknown console variable: 'TranslucentSortAxis = (X=0.000000,Y=-1.000000,Z=0.000000)'
[2015.06.15-22.03.32:832][  0]LogConsoleResponse:Warning:   Found in ini file '../../../DesertSurvival/Saved/Config/WindowsNoEditor/Engine.ini', in section '[/Script/Engine.RendererSettings]'
[2015.06.15-22.03.32:832][  0]LogConsoleResponse:Warning: Skipping Unknown console variable: 'UIScaleRule = ShortestSide'
[2015.06.15-22.03.32:832][  0]LogConsoleResponse:Warning:   Found in ini file '../../../DesertSurvival/Saved/Config/WindowsNoEditor/Engine.ini', in section '[/Script/Engine.RendererSettings]'
[2015.06.15-22.03.32:832][  0]LogConsoleResponse:Warning: Skipping Unknown console variable: 'UIScaleCurve = (EditorCurveData=(Keys=),ExternalCurve=None)'
[2015.06.15-22.03.32:832][  0]LogConsoleResponse:Warning:   Found in ini file '../../../DesertSurvival/Saved/Config/WindowsNoEditor/Engine.ini', in section '[/Script/Engine.RendererSettings]'
[2015.06.15-22.03.32:853][  0]LogInit: Selected Device Profile: [WindowsNoEditor]
[2015.06.15-22.03.32:853][  0]LogInit: Applying CVar settings loaded from the selected device profile: [WindowsNoEditor]
[2015.06.15-22.03.32:858][  0]LogInit: Computer: DAVOPCX64
[2015.06.15-22.03.32:858][  0]LogInit: User: David
[2015.06.15-22.03.32:858][  0]LogInit: CPU Page size=4096, Cores=4
[2015.06.15-22.03.32:858][  0]LogInit: High frequency timer resolution =3.418017 MHz
[2015.06.15-22.03.32:858][  0]LogMemory: Memory total: Physical=7.9GB (8GB approx)
[2015.06.15-22.03.32:858][  0]LogMemory: Platform Memory Stats for WindowsNoEditor
[2015.06.15-22.03.32:858][  0]LogMemory: Process Physical Memory: 31.18 MB used, 31.18 MB peak
[2015.06.15-22.03.32:858][  0]LogMemory: Process Virtual Memory: 19.74 MB used, 19.74 MB peak
[2015.06.15-22.03.32:858][  0]LogMemory: Physical Memory: 4610.40 MB used, 8073.93 MB total
[2015.06.15-22.03.32:858][  0]LogMemory: Virtual Memory: 181.09 MB used, 8388608.00 MB total
[2015.06.15-22.03.32:896][  0]LogTextLocalizationManager: The requested culture ('en_US') has no localization data; parent culture's ('en') localization data will be used.
[2015.06.15-22.03.32:984][  0]LogD3D11RHI: Found D3D11 adapter 0: AMD Radeon HD 7800 Series (Feature Level 11_0)
[2015.06.15-22.03.32:984][  0]LogD3D11RHI: Adapter has 1003MB of dedicated video memory, 0MB of dedicated system memory, and 3780MB of shared system memory, 2 output[s]
[2015.06.15-22.03.32:988][  0]LogD3D11RHI: Found D3D11 adapter 1: Intel(R) HD Graphics 4000 (Feature Level 11_0)
[2015.06.15-22.03.32:988][  0]LogD3D11RHI: Adapter has 64MB of dedicated video memory, 0MB of dedicated system memory, and 1632MB of shared system memory, 1 output[s]
[2015.06.15-22.03.32:988][  0]LogD3D11RHI: Chosen D3D11 Adapter Id = 0
[2015.06.15-22.03.32:992][  0]LogRHI: Texture pool is 702 MB (70% of 1003 MB)
[2015.06.15-22.03.32:999][  0]LogD3D11RHI: Async texture creation disabled: no driver support
[2015.06.15-22.03.33:095][  0]LogInit: Selected Device Profile: [WindowsNoEditor]
[2015.06.15-22.03.33:184][  0]LogInit: WinSock: version 1.1 (2.2), MaxSocks=32767, MaxUdp=65467
[2015.06.15-22.03.33:273][  0]LogWindowsMoviePlayer: Unable to load movie: ../../../DesertSurvival/Content/Movies/Default_Startup.mp4
[2015.06.15-22.03.33:308][  0]LogObj: 21750 objects as part of root set at end of initial load.
[2015.06.15-22.03.33:308][  0]LogUObjectAllocator: 4322120 out of 0 bytes used by permanent object pool.
[2015.06.15-22.03.33:308][  0]LogStreaming:Warning: Failed to read file '../../../Engine/Content/Editor/Slate/Common/TableViewHeader.png' error.
[2015.06.15-22.03.33:308][  0]LogSlate: Could not find file for Slate resource: ../../../Engine/Content/Editor/Slate/Common/TableViewHeader.png
[2015.06.15-22.03.33:308][  0]LogStreaming:Warning: Failed to read file '../../../Engine/Content/Editor/Slate//Docking/TabContentArea.png' error.
[2015.06.15-22.03.33:308][  0]LogSlate: Could not find file for Slate resource: ../../../Engine/Content/Editor/Slate//Docking/TabContentArea.png
[2015.06.15-22.03.33:308][  0]LogStreaming:Warning: Failed to read file '../../../Engine/Content/Editor/Slate/Common/ProgressBar_Background.png' error.
[2015.06.15-22.03.33:308][  0]LogSlate: Could not find file for Slate resource: ../../../Engine/Content/Editor/Slate/Common/ProgressBar_Background.png
[2015.06.15-22.03.33:308][  0]LogStreaming:Warning: Failed to read file '../../../Engine/Content/Editor/Slate/Common/TaskGraph_Normal.png' error.
[2015.06.15-22.03.33:308][  0]LogSlate: Could not find file for Slate resource: ../../../Engine/Content/Editor/Slate/Common/TaskGraph_Normal.png
[2015.06.15-22.03.33:308][  0]LogStreaming:Warning: Failed to read file '../../../Engine/Content/Editor/Slate/Common/TaskGraph_Selected.png' error.
[2015.06.15-22.03.33:308][  0]LogSlate: Could not find file for Slate resource: ../../../Engine/Content/Editor/Slate/Common/TaskGraph_Selected.png
[2015.06.15-22.03.33:308][  0]LogStreaming:Warning: Failed to read file '../../../Engine/Content/Editor/Slate/Common/TaskGraph_Mono.png' error.
[2015.06.15-22.03.33:308][  0]LogSlate: Could not find file for Slate resource: ../../../Engine/Content/Editor/Slate/Common/TaskGraph_Mono.png
[2015.06.15-22.03.33:308][  0]LogStreaming:Warning: Failed to read file '../../../Engine/Content/Editor/Slate/Common/SortUpArrow.png' error.
[2015.06.15-22.03.33:308][  0]LogSlate: Could not find file for Slate resource: ../../../Engine/Content/Editor/Slate/Common/SortUpArrow.png
[2015.06.15-22.03.33:308][  0]LogStreaming:Warning: Failed to read file '../../../Engine/Content/Editor/Slate/Common/SortDownArrow.png' error.
[2015.06.15-22.03.33:308][  0]LogSlate: Could not find file for Slate resource: ../../../Engine/Content/Editor/Slate/Common/SortDownArrow.png
[2015.06.15-22.03.33:308][  0]LogStreaming:Warning: Failed to read file '../../../Engine/Content/Editor/Slate/Icons/Home16x16.png' error.
[2015.06.15-22.03.33:308][  0]LogSlate: Could not find file for Slate resource: ../../../Engine/Content/Editor/Slate/Icons/Home16x16.png
[2015.06.15-22.03.33:308][  0]LogStreaming:Warning: Failed to read file '../../../Engine/Content/Editor/Slate/Icons/ToParent.png' error.
[2015.06.15-22.03.33:308][  0]LogSlate: Could not find file for Slate resource: ../../../Engine/Content/Editor/Slate/Icons/ToParent.png
[2015.06.15-22.03.33:308][  0]LogStreaming:Warning: Failed to read file '../../../Engine/Content/Editor/Slate/Common/ComboArrow.png' error.
[2015.06.15-22.03.33:308][  0]LogSlate: Could not find file for Slate resource: ../../../Engine/Content/Editor/Slate/Common/ComboArrow.png
[2015.06.15-22.03.33:319][  0]LogEngine: Initializing Engine...
[2015.06.15-22.03.33:321][  0]LogHMD: Can't find Oculus library dev build: is proper Runtime installed? Version: 0.6.0.0
[2015.06.15-22.03.33:323][  0]LogHMD:Warning: SteamVR failed to initialize.  Error: 100
[2015.06.15-22.03.33:351][  0]LogInit: XAudio2 using 'Speakers (Realtek High Definition Audio)' : 2 channels at 48 kHz using 32 bits per sample (channel mask 0x3)
[2015.06.15-22.03.33:363][  0]LogInit: FAudioDevice initialized.
[2015.06.15-22.03.33:363][  0]LogInit: Texture streaming: Disabled
[2015.06.15-22.03.33:363][  0]LogAnalytics: Creating configured Analytics provider AnalyticsET
[2015.06.15-22.03.33:363][  0]LogAnalytics: [UEGame.UnrealEngine.Release|85E7D6CD49F0F3FCF365188A5BDF5A03|UE4Game] APIServer = http://et2.epicgames.com/ET2/. AppVersion = 4.8.0-2579680+++depot+UE4-Releases+4.8
[2015.06.15-22.03.33:364][  0]LogAnalytics: [UEGame.UnrealEngine.Release|85E7D6CD49F0F3FCF365188A5BDF5A03|UE4Game] SetUserId 63bad7584199a80b18f5d19af3640327|847b49c4ca63452480b7439378717c51|d31b456e-061b-4b71-818e-0d4e346df735
[2015.06.15-22.03.33:364][  0]LogAnalytics: [UEGame.UnrealEngine.Release|85E7D6CD49F0F3FCF365188A5BDF5A03|UE4Game] AnalyticsET::StartSession
[2015.06.15-22.03.33:373][  0]LogNet: Browse: /Game/Maps/MainMenu?Name=Player
[2015.06.15-22.03.33:373][  0]LogLoad: LoadMap: /Game/Maps/MainMenu?Name=Player
[2015.06.15-22.03.33:399][  0]LogParticles: Destroying 0 GPU particle simulations for FXSystem 0x000000000948A0A0
[2015.06.15-22.03.33:410][  0]LogMemory: Platform Memory Stats for WindowsNoEditor
[2015.06.15-22.03.33:410][  0]LogMemory: Process Physical Memory: 135.33 MB used, 137.82 MB peak
[2015.06.15-22.03.33:410][  0]LogMemory: Process Virtual Memory: 112.13 MB used, 115.55 MB peak
[2015.06.15-22.03.33:410][  0]LogMemory: Physical Memory: 4694.01 MB used, 8073.93 MB total
[2015.06.15-22.03.33:410][  0]LogMemory: Virtual Memory: 465.35 MB used, 8388608.00 MB total
[2015.06.15-22.03.33:411][  0]LogMemory: 
[2015.06.15-22.03.33:411][  0]LogMemory: Allocator Stats for binned:
[2015.06.15-22.03.33:411][  0]LogMemory: Current Memory 36.97 MB used, plus 3.41 MB waste
[2015.06.15-22.03.33:411][  0]LogMemory: Peak Memory 46.25 MB used, plus 2.41 MB waste
[2015.06.15-22.03.33:411][  0]LogMemory: Current OS Memory 40.38 MB, peak 48.66 MB
[2015.06.15-22.03.33:411][  0]LogMemory: Current Waste 0.71 MB, peak 0.98 MB
[2015.06.15-22.03.33:411][  0]LogMemory: Current Used 36.97 MB, peak 46.25 MB
[2015.06.15-22.03.33:411][  0]LogMemory: Current Slack 2.70 MB
[2015.06.15-22.03.33:411][  0]LogMemory: Allocs       106567 Current /  811640 Total
[2015.06.15-22.03.33:411][  0]LogMemory: 
[2015.06.15-22.03.33:411][  0]LogMemory: Block Size Num Pools Max Pools Cur Allocs Total Allocs Min Req Max Req Mem Used Mem Slack Mem Waste Efficiency
[2015.06.15-22.03.33:411][  0]LogMemory: ---------- --------- --------- ---------- ------------ ------- ------- -------- --------- --------- ----------
[2015.06.15-22.03.33:411][  0]LogMemory:          8         0         0          0            0       8       0       0K        0K        0K    100.00%
[2015.06.15-22.03.33:411][  0]LogMemory:         16         4         4      13245       173113      16      16     206K       50K        0K    100.00%
[2015.06.15-22.03.33:411][  0]LogMemory:         32         9         9      17583        95542      32      32     549K       27K        0K    100.00%
[2015.06.15-22.03.33:411][  0]LogMemory:         48         8         8       9243        40796      48      48     433K       79K        0K    100.00%
[2015.06.15-22.03.33:411][  0]LogMemory:         64        16        16      15934        65664      64      64     995K       29K        0K    100.00%
[2015.06.15-22.03.33:411][  0]LogMemory:         80         7         7       5534        40860      80      80     432K       16K        0K    100.00%
[2015.06.15-22.03.33:411][  0]LogMemory:         96         5         5       2956        29592      96      96     277K       43K        0K    100.00%
[2015.06.15-22.03.33:411][  0]LogMemory:        112         4         4       1511        22191     112     112     165K       91K        0K    100.00%
[2015.06.15-22.03.33:411][  0]LogMemory:        128        33        33      16709        37719     128     128    2088K       24K        0K    100.00%
[2015.06.15-22.03.33:411][  0]LogMemory:        160         7        13       2598        43465     144     160     405K       43K       16K     96.43%
[2015.06.15-22.03.33:411][  0]LogMemory:        192        17        17       5201        74126     176     192     975K      112K       42K     96.14%
[2015.06.15-22.03.33:411][  0]LogMemory:        224         4         4        970        59724     208     224     212K       44K        9K     96.48%
[2015.06.15-22.03.33:411][  0]LogMemory:        256        18        31       4374        44106     240     256    1093K       59K       51K     95.57%
[2015.06.15-22.03.33:411][  0]LogMemory:        288         5         5       1112        29472     272     288     312K        8K       12K     96.25%
[2015.06.15-22.03.33:411][  0]LogMemory:        320         4         4        689         9635     304     320     215K       40K        6K     97.66%
[2015.06.15-22.03.33:411][  0]LogMemory:        384        12        12       1948        12683     336     384     730K       35K       47K     93.88%
[2015.06.15-22.03.33:411][  0]LogMemory:        448        12        12       1674         7768     400     448     732K       35K       32K     95.83%
[2015.06.15-22.03.33:411][  0]LogMemory:        512        10        10       1152         5277     464     512     576K       64K       27K     95.78%
[2015.06.15-22.03.33:411][  0]LogMemory:        576        11        11        885         1913     528     576     497K      203K       29K     95.88%
[2015.06.15-22.03.33:411][  0]LogMemory:        640         9        10        574         1237     592     640     358K      216K       20K     96.53%
[2015.06.15-22.03.33:411][  0]LogMemory:        704         4         4        267          637     656     704     183K       73K        4K     98.44%
[2015.06.15-22.03.33:411][  0]LogMemory:        768         3         3        195         1528     720     768     146K       46K        3K     98.44%
[2015.06.15-22.03.33:411][  0]LogMemory:        896         3         4        206          660     784     896     180K       12K        8K     95.83%
[2015.06.15-22.03.33:411][  0]LogMemory:       1024         2         3        106          551     912    1024     106K       22K        2K     98.44%
[2015.06.15-22.03.33:411][  0]LogMemory:       1168         3         3        112          560    1040    1168     127K       65K        6K     96.88%
[2015.06.15-22.03.33:411][  0]LogMemory:       1360         7         7        278         2321    1184    1360     369K       78K       27K     93.97%
[2015.06.15-22.03.33:411][  0]LogMemory:       1632         7         8        265          654    1376    1632     422K       25K       27K     93.97%
[2015.06.15-22.03.33:411][  0]LogMemory:       2048         8         8        182          673    1648    2048     364K      148K       39K     92.38%
[2015.06.15-22.03.33:411][  0]LogMemory:       2336         3         4         72         2511    2064    2336     164K       28K       17K     91.15%
[2015.06.15-22.03.33:411][  0]LogMemory:       2720         5         6        104          504    2352    2720     276K       43K       14K     95.63%
[2015.06.15-22.03.33:411][  0]LogMemory:       3264        10        10        146         1655    2736    3264     465K      173K       26K     95.94%
[2015.06.15-22.03.33:411][  0]LogMemory:       4096        12        14        159          703    3280    4096     636K      132K       53K     93.10%
[2015.06.15-22.03.33:411][  0]LogMemory:       4672         7         9         77          892    4112    4672     351K       97K       13K     97.10%
[2015.06.15-22.03.33:411][  0]LogMemory:       5456         9        14         94          392    4688    5456     500K       76K       41K     92.88%
[2015.06.15-22.03.33:411][  0]LogMemory:       6544        13        15        107          322    5472    6544     683K      148K       56K     93.27%
[2015.06.15-22.03.33:411][  0]LogMemory:       8192         7         9         46          920    6560    8192     368K       80K       26K     94.20%
[2015.06.15-22.03.33:411][  0]LogMemory:       9360         6         6         37          114    8208    9360     338K       46K       20K     94.79%
[2015.06.15-22.03.33:411][  0]LogMemory:      10912         4         5         24           60    9376   10896     255K        1K       18K     92.97%
[2015.06.15-22.03.33:411][  0]LogMemory:      13104         6         6         26           86   10976   13104     332K       52K       22K     94.27%
[2015.06.15-22.03.33:411][  0]LogMemory:      16384         9        11         27          159   13120   16384     432K      144K       27K     95.31%
[2015.06.15-22.03.33:411][  0]LogMemory:      21840        11        12         31           86   16400   21776     661K       43K      108K     84.66%
[2015.06.15-22.03.33:411][  0]LogMemory:      32768         7         8         14           72   21904   32736     448K        0K       96K     78.57%
[2015.06.15-22.03.33:411][  0]LogMemory: 
[2015.06.15-22.03.33:411][  0]LogMemory: 21824K allocated in pools (with 2750K slack and 944K waste). Efficiency 95.67%
[2015.06.15-22.03.33:411][  0]LogMemory: Allocations 106468 Current / 810944 Total (in 341 pools)
[2015.06.15-22.03.33:411][  0]LogMemory: 
[2015.06.15-22.03.33:418][  0]LogLinker:Warning: CreateImport: Failed to load Outer for resource 'WidgetTree': WidgetBlueprint /Script/UMGEditor.Default__WidgetBlueprint
[2015.06.15-22.03.33:421][  0]LogModuleManager:Warning: ModuleManager: Module 'GameplayDebugger' not found - its StaticallyLinkedModuleInitializers function is null.
[2015.06.15-22.03.33:421][  0]LogAIModule: Creating AISystem for world MainMenu
[2015.06.15-22.03.33:421][  0]LogWorld: Game class is 'GameMode'
[2015.06.15-22.03.33:424][  0]LogWorld: Bringing World /Game/Maps/MainMenu.MainMenu up for play (max tick rate 0) at 2015.06.15-15.03.33
[2015.06.15-22.03.33:424][  0]LogWorld: Bringing up level for play took: 0.000486
[2015.06.15-22.03.33:424][  0]LogGameMode: Warning - PATHS NOT DEFINED or NO PLAYERSTART with positive rating
[2015.06.15-22.03.33:430][  0]LogInit:Display: Game Engine Initialized.
[2015.06.15-22.03.33:632][  0]LogAssetRegistry: FAssetRegistry took 0.0020 seconds to start up
[2015.06.15-22.03.33:632][  0]LogLoad: Full Startup: 1.61 seconds (BP compile: 0.00 seconds)
[2015.06.15-22.03.33:653][  0]LogContentStreaming: Texture pool size is 1000.000000MB
[2015.06.15-22.03.33:773][  2]LogRenderer: Reallocating scene render targets to support 1600x1000 (Frame:2).
[2015.06.15-22.03.39:551][140]LogBlueprintUserMessages: 127.0.0.1
[2015.06.15-22.03.39:677][147]LogBlueprintUserMessages: 127.0.0.1
[2015.06.15-22.03.39:677][147]LogBlueprintUserMessages: open 127.0.0.1
[2015.06.15-22.03.39:677][147]LogNet: Browse: 127.0.0.1//Game/Maps/MainMenu
[2015.06.15-22.03.39:678][147]LogInit: WinSock: Socket queue 32768 / 32768
[2015.06.15-22.03.39:681][147]LogInit: WinSock: I am DavoPCx64 (10.10.1.165:0)
[2015.06.15-22.03.39:681][147]LogNet: Game client on port 7777, rate 10000
[2015.06.15-22.03.39:681][147]LogNet: GetLocalNetworkVersion: GEngineNetVersion: 2579680, ProjectName: desertsurvival, ProjectVersion: 1.0.0.0, InternalProtocolVersion: 8, LocalNetworkVersion: 821238849
[2015.06.15-22.03.39:713][149]LogNet: Welcomed by server (Level: /Game/Maps/Map1, Game: /Game/Maps/SurvivalGameMode.SurvivalGameMode_C)
[2015.06.15-22.03.39:713][149]LogLoad: LoadMap: 127.0.0.1//Game/Maps/Map1?game=/Game/Maps/SurvivalGameMode.SurvivalGameMode_C
[2015.06.15-22.03.39:719][149]LogParticles: Destroying 0 GPU particle simulations for FXSystem 0x000000000948A000
[2015.06.15-22.03.39:734][149]LogMemory: Platform Memory Stats for WindowsNoEditor
[2015.06.15-22.03.39:734][149]LogMemory: Process Physical Memory: 158.35 MB used, 171.69 MB peak
[2015.06.15-22.03.39:734][149]LogMemory: Process Virtual Memory: 128.87 MB used, 133.99 MB peak
[2015.06.15-22.03.39:734][149]LogMemory: Physical Memory: 5071.81 MB used, 8073.93 MB total
[2015.06.15-22.03.39:734][149]LogMemory: Virtual Memory: 506.66 MB used, 8388608.00 MB total
[2015.06.15-22.03.39:734][149]LogMemory: 
[2015.06.15-22.03.39:734][149]LogMemory: Allocator Stats for binned:
[2015.06.15-22.03.39:734][149]LogMemory: Current Memory 42.76 MB used, plus 3.87 MB waste
[2015.06.15-22.03.39:734][149]LogMemory: Peak Memory 46.64 MB used, plus 2.99 MB waste
[2015.06.15-22.03.39:734][149]LogMemory: Current OS Memory 46.63 MB, peak 49.63 MB
[2015.06.15-22.03.39:734][149]LogMemory: Current Waste 0.78 MB, peak 0.98 MB
[2015.06.15-22.03.39:734][149]LogMemory: Current Used 42.76 MB, peak 46.64 MB
[2015.06.15-22.03.39:734][149]LogMemory: Current Slack 3.09 MB
[2015.06.15-22.03.39:734][149]LogMemory: Allocs       110330 Current /  913793 Total
[2015.06.15-22.03.39:734][149]LogMemory: 
[2015.06.15-22.03.39:734][149]LogMemory: Block Size Num Pools Max Pools Cur Allocs Total Allocs Min Req Max Req Mem Used Mem Slack Mem Waste Efficiency
[2015.06.15-22.03.39:734][149]LogMemory: ---------- --------- --------- ---------- ------------ ------- ------- -------- --------- --------- ----------
[2015.06.15-22.03.39:734][149]LogMemory:          8         0         0          0            0       8       0       0K        0K        0K    100.00%
[2015.06.15-22.03.39:734][149]LogMemory:         16         4         4      14312       187675      16      16     223K       33K        0K    100.00%
[2015.06.15-22.03.39:734][149]LogMemory:         32        10        10      18470       103211      32      32     577K       63K        0K    100.00%
[2015.06.15-22.03.39:734][149]LogMemory:         48         8         8       9728        58068      48      48     456K       56K        0K    100.00%
[2015.06.15-22.03.39:734][149]LogMemory:         64        17        17      16331        76293      64      64    1020K       68K        0K    100.00%
[2015.06.15-22.03.39:734][149]LogMemory:         80         7         7       5603        44748      80      80     437K       11K        0K    100.00%
[2015.06.15-22.03.39:734][149]LogMemory:         96         5         5       3036        33107      96      96     284K       36K        0K    100.00%
[2015.06.15-22.03.39:734][149]LogMemory:        112         4         4       1590        34178     112     112     173K       83K        0K    100.00%
[2015.06.15-22.03.39:734][149]LogMemory:        128        33        33      16814        39718     128     128    2101K       11K        0K    100.00%
[2015.06.15-22.03.39:734][149]LogMemory:        160         7        13       2755        46023     144     160     430K       18K       18K     95.98%
[2015.06.15-22.03.39:734][149]LogMemory:        192        17        17       5248        77337     176     192     984K      103K       43K     96.05%
[2015.06.15-22.03.39:734][149]LogMemory:        224         4         4       1075        63283     208     224     235K       21K       10K     96.09%
[2015.06.15-22.03.39:734][149]LogMemory:        256        18        31       4399        46696     240     256    1099K       53K       50K     95.66%
[2015.06.15-22.03.39:734][149]LogMemory:        288         6         6       1118        30795     272     288     314K       70K       12K     96.88%
[2015.06.15-22.03.39:734][149]LogMemory:        320         4         4        715        11027     304     320     223K       32K        6K     97.66%
[2015.06.15-22.03.39:734][149]LogMemory:        384        12        12       1985        15481     336     384     744K       21K       48K     93.75%
[2015.06.15-22.03.39:734][149]LogMemory:        448        12        12       1717         9706     400     448     751K       16K       30K     96.09%
[2015.06.15-22.03.39:734][149]LogMemory:        512        10        10       1158         5635     464     512     579K       61K       27K     95.78%
[2015.06.15-22.03.39:734][149]LogMemory:        576        11        11        910         3201     528     576     511K      189K       22K     96.88%
[2015.06.15-22.03.39:734][149]LogMemory:        640         9        10        576         1424     592     640     360K      214K       19K     96.70%
[2015.06.15-22.03.39:734][149]LogMemory:        704         4         4        282          851     656     704     193K       63K        4K     98.44%
[2015.06.15-22.03.39:734][149]LogMemory:        768         3         3        192         1723     720     768     144K       48K        3K     98.44%
[2015.06.15-22.03.39:734][149]LogMemory:        896         4         4        215         2403     784     896     188K       68K       15K     94.14%
[2015.06.15-22.03.39:734][149]LogMemory:       1024         2         3        102          927     912    1024     102K       26K        1K     99.22%
[2015.06.15-22.03.39:734][149]LogMemory:       1168         3         3        117         1399    1040    1168     133K       59K        6K     96.88%
[2015.06.15-22.03.39:734][149]LogMemory:       1360         7         7        280         2698    1184    1360     371K       76K       28K     93.75%
[2015.06.15-22.03.39:734][149]LogMemory:       1632         8         8        266         1589    1376    1632     423K       87K       46K     91.02%
[2015.06.15-22.03.39:734][149]LogMemory:       2048         8         8        185         1508    1648    2048     370K      142K       34K     93.36%
[2015.06.15-22.03.39:735][149]LogMemory:       2336         3         4         70         2537    2064    2336     159K       33K       17K     91.15%
[2015.06.15-22.03.39:735][149]LogMemory:       2720         5         6        104          517    2352    2720     276K       43K       14K     95.63%
[2015.06.15-22.03.39:735][149]LogMemory:       3264        10        10        147         2117    2736    3264     468K      170K       32K     95.00%
[2015.06.15-22.03.39:735][149]LogMemory:       4096        12        14        154          760    3280    4096     616K      152K       48K     93.75%
[2015.06.15-22.03.39:735][149]LogMemory:       4672         6         9         74          906    4112    4672     337K       47K       13K     96.61%
[2015.06.15-22.03.39:735][149]LogMemory:       5456         9        14         96          549    4688    5456     511K       65K       34K     94.10%
[2015.06.15-22.03.39:735][149]LogMemory:       6544        13        15        108          494    5472    6544     690K      141K       48K     94.23%
[2015.06.15-22.03.39:735][149]LogMemory:       8192         9        11         49         2411    6560    8192     392K      184K       39K     93.23%
[2015.06.15-22.03.39:735][149]LogMemory:       9360         6         7         36          151    8208    9360     329K       55K       22K     94.27%
[2015.06.15-22.03.39:735][149]LogMemory:      10912         4         5         22          365    9376   10896     234K       22K       15K     94.14%
[2015.06.15-22.03.39:735][149]LogMemory:      13104         6         6         28           95   10976   13104     358K       26K       24K     93.75%
[2015.06.15-22.03.39:735][149]LogMemory:      16384        11        13         34          201   13120   16384     544K      160K       32K     95.45%
[2015.06.15-22.03.39:735][149]LogMemory:      21840        12        12         30           93   16400   21776     639K      129K      104K     86.46%
[2015.06.15-22.03.39:735][149]LogMemory:      32768         8        10         14           81   21904   32736     448K       64K       98K     80.86%
[2015.06.15-22.03.39:735][149]LogMemory: 
[2015.06.15-22.03.39:735][149]LogMemory: 22464K allocated in pools (with 3019K slack and 962K waste). Efficiency 95.72%
[2015.06.15-22.03.39:735][149]LogMemory: Allocations 110146 Current / 911982 Total (in 351 pools)
[2015.06.15-22.03.39:735][149]LogMemory: 
[2015.06.15-22.03.39:763][149]LogAIModule: Creating AISystem for world Map1
[2015.06.15-22.03.39:765][149]LogWorld: Bringing World /Game/Maps/Map1.Map1 up for play (max tick rate 0) at 2015.06.15-15.03.39
[2015.06.15-22.03.39:765][149]LogWorld: Bringing up level for play took: 0.000651
[2015.06.15-22.04.12:459][487]LogNetPlayerMovement:Warning: CreateSavedMove: Hit limit of 96 saved moves (timing out or very bad ping?)
[2015.06.15-22.05.13:830][241]LogEngine: All Windows Closed
[2015.06.15-22.05.13:830][241]LogWindows: FPlatformMisc::RequestExit(0)
[2015.06.15-22.05.14:337][242]LogNet: World NetDriver shutdown IpNetDriver_0 [GameNetDriver]
[2015.06.15-22.05.14:337][242]LogNet: DestroyNamedNetDriver IpNetDriver_0 [GameNetDriver]
[2015.06.15-22.05.14:337][242]LogNet: UNetConnection::Close: Name: IpConnection_0, Driver: GameNetDriver IpNetDriver_0, PC: MPPlayerController_C_0, Owner: MPPlayerController_C_0, Channels: 50, RemoteAddr: 127.0.0.1:7777, Time: 2015.06.15-22.05.14
[2015.06.15-22.05.14:337][242]LogNet: UChannel::Close: Sending CloseBunch. ChIndex == 0. Name: ControlChannel_0
[2015.06.15-22.05.14:337][242]LogExit: GameNetDriver IpNetDriver_0 shut down
[2015.06.15-22.05.14:461][242]LogExit: Preparing to exit.
[2015.06.15-22.05.14:537][242]LogExit: Game engine shut down
[2015.06.15-22.05.14:538][242]LogParticles: Destroying 0 GPU particle simulations for FXSystem 0x0000000009481900
[2015.06.15-22.05.14:587][242]LogExit: Object subsystem successfully closed.
[2015.06.15-22.05.14:626][242]LogModuleManager: Shutting down and abandoning module AssetRegistry (52)
[2015.06.15-22.05.14:626][242]LogModuleManager: Shutting down and abandoning module AutomationWorker (51)
[2015.06.15-22.05.14:626][242]LogModuleManager: Shutting down and abandoning module CharacterAI (50)
[2015.06.15-22.05.14:626][242]LogModuleManager: Shutting down and abandoning module AIModule (48)
[2015.06.15-22.05.14:626][242]LogModuleManager: Shutting down and abandoning module GameLiveStreaming (47)
[2015.06.15-22.05.14:626][242]LogModuleManager: Shutting down and abandoning module StreamingPauseRendering (46)
[2015.06.15-22.05.14:626][242]LogModuleManager: Shutting down and abandoning module AnalyticsET (45)
[2015.06.15-22.05.14:626][242]LogModuleManager: Shutting down and abandoning module Analytics (44)
[2015.06.15-22.05.14:626][242]LogModuleManager: Shutting down and abandoning module ProfilerService (43)
[2015.06.15-22.05.14:852][242]LogModuleManager: Shutting down and abandoning module TaskGraph (42)
[2015.06.15-22.05.14:852][242]LogModuleManager: Shutting down and abandoning module SlateRemote (41)
[2015.06.15-22.05.14:852][242]LogModuleManager: Shutting down and abandoning module SteamVRController (40)
[2015.06.15-22.05.14:852][242]LogModuleManager: Shutting down and abandoning module SteamVR (39)
[2015.06.15-22.05.14:852][242]LogModuleManager: Shutting down and abandoning module ProceduralMeshComponent (38)
[2015.06.15-22.05.14:852][242]LogModuleManager: Shutting down and abandoning module OculusRift (37)
[2015.06.15-22.05.14:852][242]LogModuleManager: Shutting down and abandoning module CustomMeshComponent (36)
[2015.06.15-22.05.14:852][242]LogModuleManager: Shutting down and abandoning module CableComponent (35)
[2015.06.15-22.05.14:852][242]LogModuleManager: Shutting down and abandoning module UdpMessaging (34)
[2015.06.15-22.05.14:853][242]LogModuleManager: Shutting down and abandoning module Paper2D (33)
[2015.06.15-22.05.14:853][242]LogModuleManager: Shutting down and abandoning module WindowsMoviePlayer (32)
[2015.06.15-22.05.14:853][242]LogModuleManager: Shutting down and abandoning module Media (31)
[2015.06.15-22.05.14:853][242]LogModuleManager: Shutting down and abandoning module WmfMedia (30)
[2015.06.15-22.05.14:854][242]LogModuleManager: Shutting down and abandoning module ImageWrapper (29)
[2015.06.15-22.05.14:854][242]LogModuleManager: Shutting down and abandoning module UMG (28)
[2015.06.15-22.05.14:854][242]LogModuleManager: Shutting down and abandoning module Slate (27)
[2015.06.15-22.05.14:854][242]LogModuleManager: Shutting down and abandoning module SessionServices (26)
[2015.06.15-22.05.14:854][242]LogModuleManager: Shutting down and abandoning module Messaging (25)
[2015.06.15-22.05.14:854][242]LogModuleManager: Shutting down and abandoning module HeadMountedDisplay (24)
[2015.06.15-22.05.14:854][242]LogModuleManager: Shutting down and abandoning module XAudio2 (23)
[2015.06.15-22.05.14:854][242]LogModuleManager: Shutting down and abandoning module Networking (21)
[2015.06.15-22.05.14:854][242]LogModuleManager: Shutting down and abandoning module Core (20)
[2015.06.15-22.05.14:854][242]LogModuleManager: Shutting down and abandoning module LeapMotionController (19)
[2015.06.15-22.05.14:861][242]LogModuleManager: Shutting down and abandoning module InputCore (18)
[2015.06.15-22.05.14:861][242]LogModuleManager: Shutting down and abandoning module OnlineSubsystem (16)
[2015.06.15-22.05.14:861][242]LogModuleManager: Shutting down and abandoning module HTTP (15)
[2015.06.15-22.05.14:861][242]LogModuleManager: Shutting down and abandoning module ExampleDeviceProfileSelector (14)
[2015.06.15-22.05.14:861][242]LogModuleManager: Shutting down and abandoning module ShaderCore (13)
[2015.06.15-22.05.14:861][242]LogModuleManager: Shutting down and abandoning module Landscape (12)
[2015.06.15-22.05.14:861][242]LogModuleManager: Shutting down and abandoning module SlateRHIRenderer (11)
[2015.06.15-22.05.14:861][242]LogModuleManager: Shutting down and abandoning module OpenGLDrv (10)
[2015.06.15-22.05.14:861][242]LogModuleManager: Shutting down and abandoning module D3D11RHI (9)
[2015.06.15-22.05.14:861][242]LogModuleManager: Shutting down and abandoning module Renderer (8)
[2015.06.15-22.05.14:861][242]LogModuleManager: Shutting down and abandoning module Engine (7)
[2015.06.15-22.05.14:861][242]LogModuleManager: Shutting down and abandoning module CoreUObject (6)
[2015.06.15-22.05.14:861][242]LogModuleManager: Shutting down and abandoning module NetworkFile (5)
[2015.06.15-22.05.14:861][242]LogModuleManager: Shutting down and abandoning module StreamingFile (4)
[2015.06.15-22.05.14:861][242]LogModuleManager: Shutting down and abandoning module SandboxFile (3)
[2015.06.15-22.05.14:861][242]LogModuleManager: Shutting down and abandoning module PakFile (1)
[2015.06.15-22.05.14:861][242]LogExit: Exiting.
[2015.06.15-22.05.14:862][242]Log file closed, 06/15/15 15:05:14
