[2015.06.15-22.05.29:503][  0]Log file open, 06/15/15 15:05:29
[2015.06.15-22.05.29:503][  0]LogInit:Display: Running engine for game: DesertSurvival
[2015.06.15-22.05.29:503][  0]LogInit:Display: Project file not found: ../../../DesertSurvival/DesertSurvival.uproject
[2015.06.15-22.05.29:503][  0]LogInit:Display: 	Attempting to find via project info helper.
[2015.06.15-22.05.29:503][  0]LogUProjectInfo: Found projects:
[2015.06.15-22.05.29:503][  0]LogModuleManager:Warning: ModuleManager: Module 'HTTPChunkInstaller' not found - its StaticallyLinkedModuleInitializers function is null.
[2015.06.15-22.05.29:503][  0]LogTaskGraph: Started task graph with 4 named threads and 7 total threads.
[2015.06.15-22.05.29:503][  0]LogStats: Stats thread started
[2015.06.15-22.05.29:503][  0]LogInit: Version: 4.8.0-2579680+++depot+UE4-Releases+4.8
[2015.06.15-22.05.29:503][  0]LogInit: API Version: 2579680
[2015.06.15-22.05.29:503][  0]LogInit: Compiled (64-bit): Jun  8 2015 03:43:14
[2015.06.15-22.05.29:503][  0]LogInit: Compiled with Visual C++: 18.00.21005.01
[2015.06.15-22.05.29:503][  0]LogInit: Build Configuration: Development
[2015.06.15-22.05.29:503][  0]LogInit: Branch Name: ++depot+UE4-Releases+4.8
[2015.06.15-22.05.29:503][  0]LogInit: Command line:  
[2015.06.15-22.05.29:503][  0]LogInit: Base directory: C:/Users/David/Desktop/Git Hub/Desert-Survival/WindowsNoEditor/Engine/Binaries/Win64/
[2015.06.15-22.05.29:503][  0]LogInit: Rocket: 0
[2015.06.15-22.05.29:504][  0]LogInit: Using libcurl 7.41.0
[2015.06.15-22.05.29:504][  0]LogInit:  - built for x86_64-pc-win32
[2015.06.15-22.05.29:504][  0]LogInit:  - supports SSL with WinSSL
[2015.06.15-22.05.29:504][  0]LogInit:  - other features:
[2015.06.15-22.05.29:504][  0]LogInit:      CURL_VERSION_SSL
[2015.06.15-22.05.29:504][  0]LogInit:      CURL_VERSION_IPV6
[2015.06.15-22.05.29:504][  0]LogInit:      CURL_VERSION_ASYNCHDNS
[2015.06.15-22.05.29:504][  0]LogInit:      CURL_VERSION_LARGEFILE
[2015.06.15-22.05.29:504][  0]LogInit:      CURL_VERSION_IDN
[2015.06.15-22.05.29:504][  0]LogInit:  CurlRequestOptions (configurable via config and command line):
[2015.06.15-22.05.29:504][  0]LogInit:  - bVerifyPeer = true  - Libcurl will verify peer certificate
[2015.06.15-22.05.29:504][  0]LogInit:  - bUseHttpProxy = false  - Libcurl will NOT use HTTP proxy
[2015.06.15-22.05.29:504][  0]LogInit:  - bDontReuseConnections = false  - Libcurl will reuse connections
[2015.06.15-22.05.29:504][  0]LogInit:  - CertBundlePath = nullptr  - Libcurl will use whatever was configured at build time.
[2015.06.15-22.05.29:504][  0]LogOnline:Warning: No default platform service specified for OnlineSubsystem
[2015.06.15-22.05.29:506][  0]LogInit: Presizing for 0 objects not considered by GC, pre-allocating 0 bytes.
[2015.06.15-22.05.29:511][  0]LogInit: Object subsystem initialized
[2015.06.15-22.05.29:512][  0]LogConsoleResponse:Warning: Skipping Unknown console variable: 'TranslucentSortAxis = (X=0.000000,Y=-1.000000,Z=0.000000)'
[2015.06.15-22.05.29:512][  0]LogConsoleResponse:Warning:   Found in ini file '../../../DesertSurvival/Saved/Config/WindowsNoEditor/Engine.ini', in section '[/Script/Engine.RendererSettings]'
[2015.06.15-22.05.29:512][  0]LogConsoleResponse:Warning: Skipping Unknown console variable: 'UIScaleRule = ShortestSide'
[2015.06.15-22.05.29:512][  0]LogConsoleResponse:Warning:   Found in ini file '../../../DesertSurvival/Saved/Config/WindowsNoEditor/Engine.ini', in section '[/Script/Engine.RendererSettings]'
[2015.06.15-22.05.29:512][  0]LogConsoleResponse:Warning: Skipping Unknown console variable: 'UIScaleCurve = (EditorCurveData=(Keys=),ExternalCurve=None)'
[2015.06.15-22.05.29:512][  0]LogConsoleResponse:Warning:   Found in ini file '../../../DesertSurvival/Saved/Config/WindowsNoEditor/Engine.ini', in section '[/Script/Engine.RendererSettings]'
[2015.06.15-22.05.29:532][  0]LogInit: Selected Device Profile: [WindowsNoEditor]
[2015.06.15-22.05.29:532][  0]LogInit: Applying CVar settings loaded from the selected device profile: [WindowsNoEditor]
[2015.06.15-22.05.29:537][  0]LogInit: Computer: DAVOPCX64
[2015.06.15-22.05.29:537][  0]LogInit: User: David
[2015.06.15-22.05.29:537][  0]LogInit: CPU Page size=4096, Cores=4
[2015.06.15-22.05.29:537][  0]LogInit: High frequency timer resolution =3.418017 MHz
[2015.06.15-22.05.29:537][  0]LogMemory: Memory total: Physical=7.9GB (8GB approx)
[2015.06.15-22.05.29:537][  0]LogMemory: Platform Memory Stats for WindowsNoEditor
[2015.06.15-22.05.29:537][  0]LogMemory: Process Physical Memory: 31.18 MB used, 31.18 MB peak
[2015.06.15-22.05.29:537][  0]LogMemory: Process Virtual Memory: 19.73 MB used, 19.73 MB peak
[2015.06.15-22.05.29:537][  0]LogMemory: Physical Memory: 4856.66 MB used, 8073.93 MB total
[2015.06.15-22.05.29:537][  0]LogMemory: Virtual Memory: 181.07 MB used, 8388608.00 MB total
[2015.06.15-22.05.29:575][  0]LogTextLocalizationManager: The requested culture ('en_US') has no localization data; parent culture's ('en') localization data will be used.
[2015.06.15-22.05.29:770][  0]LogD3D11RHI: Found D3D11 adapter 0: AMD Radeon HD 7800 Series (Feature Level 11_0)
[2015.06.15-22.05.29:770][  0]LogD3D11RHI: Adapter has 1003MB of dedicated video memory, 0MB of dedicated system memory, and 3780MB of shared system memory, 2 output[s]
[2015.06.15-22.05.29:773][  0]LogD3D11RHI: Found D3D11 adapter 1: Intel(R) HD Graphics 4000 (Feature Level 11_0)
[2015.06.15-22.05.29:773][  0]LogD3D11RHI: Adapter has 64MB of dedicated video memory, 0MB of dedicated system memory, and 1632MB of shared system memory, 1 output[s]
[2015.06.15-22.05.29:773][  0]LogD3D11RHI: Chosen D3D11 Adapter Id = 0
[2015.06.15-22.05.29:782][  0]LogRHI: Texture pool is 702 MB (70% of 1003 MB)
[2015.06.15-22.05.29:787][  0]LogD3D11RHI: Async texture creation disabled: no driver support
[2015.06.15-22.05.29:880][  0]LogInit: Selected Device Profile: [WindowsNoEditor]
[2015.06.15-22.05.29:971][  0]LogInit: WinSock: version 1.1 (2.2), MaxSocks=32767, MaxUdp=65467
[2015.06.15-22.05.30:056][  0]LogWindowsMoviePlayer: Unable to load movie: ../../../DesertSurvival/Content/Movies/Default_Startup.mp4
[2015.06.15-22.05.30:090][  0]LogObj: 21750 objects as part of root set at end of initial load.
[2015.06.15-22.05.30:090][  0]LogUObjectAllocator: 4322120 out of 0 bytes used by permanent object pool.
[2015.06.15-22.05.30:090][  0]LogStreaming:Warning: Failed to read file '../../../Engine/Content/Editor/Slate/Common/TableViewHeader.png' error.
[2015.06.15-22.05.30:090][  0]LogSlate: Could not find file for Slate resource: ../../../Engine/Content/Editor/Slate/Common/TableViewHeader.png
[2015.06.15-22.05.30:091][  0]LogStreaming:Warning: Failed to read file '../../../Engine/Content/Editor/Slate//Docking/TabContentArea.png' error.
[2015.06.15-22.05.30:091][  0]LogSlate: Could not find file for Slate resource: ../../../Engine/Content/Editor/Slate//Docking/TabContentArea.png
[2015.06.15-22.05.30:091][  0]LogStreaming:Warning: Failed to read file '../../../Engine/Content/Editor/Slate/Common/ProgressBar_Background.png' error.
[2015.06.15-22.05.30:091][  0]LogSlate: Could not find file for Slate resource: ../../../Engine/Content/Editor/Slate/Common/ProgressBar_Background.png
[2015.06.15-22.05.30:091][  0]LogStreaming:Warning: Failed to read file '../../../Engine/Content/Editor/Slate/Common/TaskGraph_Normal.png' error.
[2015.06.15-22.05.30:091][  0]LogSlate: Could not find file for Slate resource: ../../../Engine/Content/Editor/Slate/Common/TaskGraph_Normal.png
[2015.06.15-22.05.30:091][  0]LogStreaming:Warning: Failed to read file '../../../Engine/Content/Editor/Slate/Common/TaskGraph_Selected.png' error.
[2015.06.15-22.05.30:091][  0]LogSlate: Could not find file for Slate resource: ../../../Engine/Content/Editor/Slate/Common/TaskGraph_Selected.png
[2015.06.15-22.05.30:091][  0]LogStreaming:Warning: Failed to read file '../../../Engine/Content/Editor/Slate/Common/TaskGraph_Mono.png' error.
[2015.06.15-22.05.30:091][  0]LogSlate: Could not find file for Slate resource: ../../../Engine/Content/Editor/Slate/Common/TaskGraph_Mono.png
[2015.06.15-22.05.30:091][  0]LogStreaming:Warning: Failed to read file '../../../Engine/Content/Editor/Slate/Common/SortUpArrow.png' error.
[2015.06.15-22.05.30:091][  0]LogSlate: Could not find file for Slate resource: ../../../Engine/Content/Editor/Slate/Common/SortUpArrow.png
[2015.06.15-22.05.30:091][  0]LogStreaming:Warning: Failed to read file '../../../Engine/Content/Editor/Slate/Common/SortDownArrow.png' error.
[2015.06.15-22.05.30:091][  0]LogSlate: Could not find file for Slate resource: ../../../Engine/Content/Editor/Slate/Common/SortDownArrow.png
[2015.06.15-22.05.30:091][  0]LogStreaming:Warning: Failed to read file '../../../Engine/Content/Editor/Slate/Icons/Home16x16.png' error.
[2015.06.15-22.05.30:091][  0]LogSlate: Could not find file for Slate resource: ../../../Engine/Content/Editor/Slate/Icons/Home16x16.png
[2015.06.15-22.05.30:091][  0]LogStreaming:Warning: Failed to read file '../../../Engine/Content/Editor/Slate/Icons/ToParent.png' error.
[2015.06.15-22.05.30:091][  0]LogSlate: Could not find file for Slate resource: ../../../Engine/Content/Editor/Slate/Icons/ToParent.png
[2015.06.15-22.05.30:091][  0]LogStreaming:Warning: Failed to read file '../../../Engine/Content/Editor/Slate/Common/ComboArrow.png' error.
[2015.06.15-22.05.30:091][  0]LogSlate: Could not find file for Slate resource: ../../../Engine/Content/Editor/Slate/Common/ComboArrow.png
[2015.06.15-22.05.30:102][  0]LogEngine: Initializing Engine...
[2015.06.15-22.05.30:104][  0]LogHMD: Can't find Oculus library dev build: is proper Runtime installed? Version: 0.6.0.0
[2015.06.15-22.05.30:106][  0]LogHMD:Warning: SteamVR failed to initialize.  Error: 100
[2015.06.15-22.05.30:135][  0]LogInit: XAudio2 using 'Speakers (Realtek High Definition Audio)' : 2 channels at 48 kHz using 32 bits per sample (channel mask 0x3)
[2015.06.15-22.05.30:146][  0]LogInit: FAudioDevice initialized.
[2015.06.15-22.05.30:146][  0]LogInit: Texture streaming: Disabled
[2015.06.15-22.05.30:146][  0]LogAnalytics: Creating configured Analytics provider AnalyticsET
[2015.06.15-22.05.30:146][  0]LogAnalytics: [UEGame.UnrealEngine.Release|85E7D6CD49F0F3FCF365188A5BDF5A03|UE4Game] APIServer = http://et2.epicgames.com/ET2/. AppVersion = 4.8.0-2579680+++depot+UE4-Releases+4.8
[2015.06.15-22.05.30:146][  0]LogAnalytics: [UEGame.UnrealEngine.Release|85E7D6CD49F0F3FCF365188A5BDF5A03|UE4Game] SetUserId 63bad7584199a80b18f5d19af3640327|847b49c4ca63452480b7439378717c51|d31b456e-061b-4b71-818e-0d4e346df735
[2015.06.15-22.05.30:147][  0]LogAnalytics: [UEGame.UnrealEngine.Release|85E7D6CD49F0F3FCF365188A5BDF5A03|UE4Game] AnalyticsET::StartSession
[2015.06.15-22.05.30:152][  0]LogNet: Browse: /Game/Maps/MainMenu?Name=Player
[2015.06.15-22.05.30:152][  0]LogLoad: LoadMap: /Game/Maps/MainMenu?Name=Player
[2015.06.15-22.05.30:167][  0]LogParticles: Destroying 0 GPU particle simulations for FXSystem 0x000000000943A0A0
[2015.06.15-22.05.30:171][  0]LogMemory: Platform Memory Stats for WindowsNoEditor
[2015.06.15-22.05.30:171][  0]LogMemory: Process Physical Memory: 137.86 MB used, 137.87 MB peak
[2015.06.15-22.05.30:171][  0]LogMemory: Process Virtual Memory: 115.41 MB used, 115.41 MB peak
[2015.06.15-22.05.30:171][  0]LogMemory: Physical Memory: 4942.14 MB used, 8073.93 MB total
[2015.06.15-22.05.30:171][  0]LogMemory: Virtual Memory: 468.61 MB used, 8388608.00 MB total
[2015.06.15-22.05.30:171][  0]LogMemory: 
[2015.06.15-22.05.30:171][  0]LogMemory: Allocator Stats for binned:
[2015.06.15-22.05.30:171][  0]LogMemory: Current Memory 36.99 MB used, plus 3.36 MB waste
[2015.06.15-22.05.30:171][  0]LogMemory: Peak Memory 46.25 MB used, plus 2.38 MB waste
[2015.06.15-22.05.30:171][  0]LogMemory: Current OS Memory 40.35 MB, peak 48.63 MB
[2015.06.15-22.05.30:171][  0]LogMemory: Current Waste 0.68 MB, peak 0.95 MB
[2015.06.15-22.05.30:171][  0]LogMemory: Current Used 36.99 MB, peak 46.25 MB
[2015.06.15-22.05.30:171][  0]LogMemory: Current Slack 2.68 MB
[2015.06.15-22.05.30:171][  0]LogMemory: Allocs       106539 Current /  1040419 Total
[2015.06.15-22.05.30:171][  0]LogMemory: 
[2015.06.15-22.05.30:171][  0]LogMemory: Block Size Num Pools Max Pools Cur Allocs Total Allocs Min Req Max Req Mem Used Mem Slack Mem Waste Efficiency
[2015.06.15-22.05.30:171][  0]LogMemory: ---------- --------- --------- ---------- ------------ ------- ------- -------- --------- --------- ----------
[2015.06.15-22.05.30:171][  0]LogMemory:          8         0         0          0            0       8       0       0K        0K        0K    100.00%
[2015.06.15-22.05.30:171][  0]LogMemory:         16         4         4      13245       209475      16      16     206K       50K        0K    100.00%
[2015.06.15-22.05.30:171][  0]LogMemory:         32         9         9      17583        95995      32      32     549K       27K        0K    100.00%
[2015.06.15-22.05.30:171][  0]LogMemory:         48         8         8       9243        41714      48      48     433K       79K        0K    100.00%
[2015.06.15-22.05.30:171][  0]LogMemory:         64        16        16      15934        73554      64      64     995K       29K        0K    100.00%
[2015.06.15-22.05.30:171][  0]LogMemory:         80         7         7       5534        44753      80      80     432K       16K        0K    100.00%
[2015.06.15-22.05.30:171][  0]LogMemory:         96         5         5       2956        33089      96      96     277K       43K        0K    100.00%
[2015.06.15-22.05.30:171][  0]LogMemory:        112         4         4       1511        27555     112     112     165K       91K        0K    100.00%
[2015.06.15-22.05.30:171][  0]LogMemory:        128        33        33      16709        43462     128     128    2088K       24K        0K    100.00%
[2015.06.15-22.05.30:171][  0]LogMemory:        160         7        13       2598        67653     144     160     405K       43K       16K     96.43%
[2015.06.15-22.05.30:171][  0]LogMemory:        192        17        17       5200       120975     176     192     975K      112K       40K     96.32%
[2015.06.15-22.05.30:171][  0]LogMemory:        224         4         4        970       101851     208     224     212K       44K        9K     96.48%
[2015.06.15-22.05.30:171][  0]LogMemory:        256        18        31       4374        63616     240     256    1093K       59K       49K     95.75%
[2015.06.15-22.05.30:171][  0]LogMemory:        288         5         5       1112        43315     272     288     312K        8K       12K     96.25%
[2015.06.15-22.05.30:171][  0]LogMemory:        320         4         4        689        15026     304     320     215K       40K        6K     97.66%
[2015.06.15-22.05.30:171][  0]LogMemory:        384        12        12       1948        17998     336     384     730K       35K       48K     93.75%
[2015.06.15-22.05.30:171][  0]LogMemory:        448        12        12       1674         9928     400     448     732K       35K       25K     96.74%
[2015.06.15-22.05.30:171][  0]LogMemory:        512        10        10       1152         6610     464     512     576K       64K       30K     95.31%
[2015.06.15-22.05.30:171][  0]LogMemory:        576        11        11        885         1914     528     576     497K      203K       29K     95.88%
[2015.06.15-22.05.30:171][  0]LogMemory:        640         9        10        574         1258     592     640     358K      216K       20K     96.53%
[2015.06.15-22.05.30:171][  0]LogMemory:        704         4         4        268          658     656     704     184K       72K        4K     98.44%
[2015.06.15-22.05.30:172][  0]LogMemory:        768         3         3        195         2513     720     768     146K       46K        3K     98.44%
[2015.06.15-22.05.30:172][  0]LogMemory:        896         3         4        206          665     784     896     180K       12K        9K     95.31%
[2015.06.15-22.05.30:172][  0]LogMemory:       1024         2         3        106          571     912    1024     106K       22K        2K     98.44%
[2015.06.15-22.05.30:172][  0]LogMemory:       1168         3         3        112          644    1040    1168     127K       65K        6K     96.88%
[2015.06.15-22.05.30:172][  0]LogMemory:       1360         7         7        278         3246    1184    1360     369K       78K       24K     94.64%
[2015.06.15-22.05.30:172][  0]LogMemory:       1632         7         8        265          654    1376    1632     422K       25K       27K     93.97%
[2015.06.15-22.05.30:172][  0]LogMemory:       2048         8         8        182          674    1648    2048     364K      148K       39K     92.38%
[2015.06.15-22.05.30:172][  0]LogMemory:       2336         3         4         72         3398    2064    2336     164K       28K       17K     91.15%
[2015.06.15-22.05.30:172][  0]LogMemory:       2720         5         6        104          504    2352    2720     276K       43K       14K     95.63%
[2015.06.15-22.05.30:172][  0]LogMemory:       3264        10        10        146         2147    2736    3264     465K      173K       24K     96.25%
[2015.06.15-22.05.30:172][  0]LogMemory:       4096        12        14        159          703    3280    4096     636K      132K       53K     93.10%
[2015.06.15-22.05.30:172][  0]LogMemory:       4672         7         9         77         1385    4112    4672     351K       97K       11K     97.54%
[2015.06.15-22.05.30:172][  0]LogMemory:       5456         9        14         94          392    4688    5456     500K       76K       41K     92.88%
[2015.06.15-22.05.30:172][  0]LogMemory:       6544        13        15        107          322    5472    6544     683K      148K       56K     93.27%
[2015.06.15-22.05.30:172][  0]LogMemory:       8192         7         9         46          920    6560    8192     368K       80K       26K     94.20%
[2015.06.15-22.05.30:172][  0]LogMemory:       9360         6         6         37          114    8208    9360     338K       46K       20K     94.79%
[2015.06.15-22.05.30:172][  0]LogMemory:      10912         4         5         24           60    9376   10896     255K        1K       18K     92.97%
[2015.06.15-22.05.30:172][  0]LogMemory:      13104         6         6         26           86   10976   13104     332K       52K       23K     94.01%
[2015.06.15-22.05.30:172][  0]LogMemory:      16384         9        11         27          159   13120   16384     432K      144K       27K     95.31%
[2015.06.15-22.05.30:172][  0]LogMemory:      21840        11        12         31           86   16400   21776     661K       43K      108K     84.66%
[2015.06.15-22.05.30:172][  0]LogMemory:      32768         7         8         14           72   21904   32736     448K        0K       96K     78.57%
[2015.06.15-22.05.30:172][  0]LogMemory: 
[2015.06.15-22.05.30:172][  0]LogMemory: 21824K allocated in pools (with 2749K slack and 932K waste). Efficiency 95.73%
[2015.06.15-22.05.30:172][  0]LogMemory: Allocations 106468 Current / 1039715 Total (in 341 pools)
[2015.06.15-22.05.30:172][  0]LogMemory: 
[2015.06.15-22.05.30:179][  0]LogLinker:Warning: CreateImport: Failed to load Outer for resource 'WidgetTree': WidgetBlueprint /Script/UMGEditor.Default__WidgetBlueprint
[2015.06.15-22.05.30:183][  0]LogModuleManager:Warning: ModuleManager: Module 'GameplayDebugger' not found - its StaticallyLinkedModuleInitializers function is null.
[2015.06.15-22.05.30:183][  0]LogAIModule: Creating AISystem for world MainMenu
[2015.06.15-22.05.30:184][  0]LogWorld: Game class is 'GameMode'
[2015.06.15-22.05.30:186][  0]LogWorld: Bringing World /Game/Maps/MainMenu.MainMenu up for play (max tick rate 0) at 2015.06.15-15.05.30
[2015.06.15-22.05.30:187][  0]LogWorld: Bringing up level for play took: 0.000582
[2015.06.15-22.05.30:187][  0]LogGameMode: Warning - PATHS NOT DEFINED or NO PLAYERSTART with positive rating
[2015.06.15-22.05.30:194][  0]LogInit:Display: Game Engine Initialized.
[2015.06.15-22.05.30:396][  0]LogAssetRegistry: FAssetRegistry took 0.0020 seconds to start up
[2015.06.15-22.05.30:396][  0]LogLoad: Full Startup: 1.69 seconds (BP compile: 0.00 seconds)
[2015.06.15-22.05.30:415][  0]LogContentStreaming: Texture pool size is 1000.000000MB
[2015.06.15-22.05.30:543][  2]LogRenderer: Reallocating scene render targets to support 1600x1000 (Frame:2).
[2015.06.15-22.05.34:969][259]LogBlueprintUserMessages: 127.0.0.1
[2015.06.15-22.05.35:066][265]LogBlueprintUserMessages: 127.0.0.1
[2015.06.15-22.05.35:066][265]LogBlueprintUserMessages: open 127.0.0.1
[2015.06.15-22.05.35:066][265]LogNet: Browse: 127.0.0.1//Game/Maps/MainMenu
[2015.06.15-22.05.35:066][265]LogInit: WinSock: Socket queue 32768 / 32768
[2015.06.15-22.05.35:069][265]LogInit: WinSock: I am DavoPCx64 (10.10.1.165:0)
[2015.06.15-22.05.35:070][265]LogNet: Game client on port 7777, rate 10000
[2015.06.15-22.05.35:070][265]LogNet: GetLocalNetworkVersion: GEngineNetVersion: 2579680, ProjectName: desertsurvival, ProjectVersion: 1.0.0.0, InternalProtocolVersion: 8, LocalNetworkVersion: 821238849
[2015.06.15-22.05.35:098][267]LogNet: Welcomed by server (Level: /Game/Maps/Map1, Game: /Game/Maps/SurvivalGameMode.SurvivalGameMode_C)
[2015.06.15-22.05.35:112][267]LogLoad: LoadMap: 127.0.0.1//Game/Maps/Map1?game=/Game/Maps/SurvivalGameMode.SurvivalGameMode_C
[2015.06.15-22.05.35:117][267]LogParticles: Destroying 0 GPU particle simulations for FXSystem 0x000000000943A000
[2015.06.15-22.05.35:123][267]LogMemory: Platform Memory Stats for WindowsNoEditor
[2015.06.15-22.05.35:123][267]LogMemory: Process Physical Memory: 158.79 MB used, 160.95 MB peak
[2015.06.15-22.05.35:123][267]LogMemory: Process Virtual Memory: 129.18 MB used, 134.64 MB peak
[2015.06.15-22.05.35:123][267]LogMemory: Physical Memory: 4951.70 MB used, 8073.93 MB total
[2015.06.15-22.05.35:123][267]LogMemory: Virtual Memory: 507.01 MB used, 8388608.00 MB total
[2015.06.15-22.05.35:123][267]LogMemory: 
[2015.06.15-22.05.35:124][267]LogMemory: Allocator Stats for binned:
[2015.06.15-22.05.35:124][267]LogMemory: Current Memory 40.91 MB used, plus 5.33 MB waste
[2015.06.15-22.05.35:124][267]LogMemory: Peak Memory 46.25 MB used, plus 3.08 MB waste
[2015.06.15-22.05.35:124][267]LogMemory: Current OS Memory 46.23 MB, peak 49.33 MB
[2015.06.15-22.05.35:124][267]LogMemory: Current Waste 0.75 MB, peak 0.95 MB
[2015.06.15-22.05.35:124][267]LogMemory: Current Used 40.91 MB, peak 46.25 MB
[2015.06.15-22.05.35:124][267]LogMemory: Current Slack 4.57 MB
[2015.06.15-22.05.35:124][267]LogMemory: Allocs       110216 Current /  1188788 Total
[2015.06.15-22.05.35:124][267]LogMemory: 
[2015.06.15-22.05.35:124][267]LogMemory: Block Size Num Pools Max Pools Cur Allocs Total Allocs Min Req Max Req Mem Used Mem Slack Mem Waste Efficiency
[2015.06.15-22.05.35:124][267]LogMemory: ---------- --------- --------- ---------- ------------ ------- ------- -------- --------- --------- ----------
[2015.06.15-22.05.35:124][267]LogMemory:          8         0         0          0            0       8       0       0K        0K        0K    100.00%
[2015.06.15-22.05.35:124][267]LogMemory:         16         4         4      14258       229354      16      16     222K       34K        0K    100.00%
[2015.06.15-22.05.35:124][267]LogMemory:         32        10        10      18472       106794      32      32     577K       63K        0K    100.00%
[2015.06.15-22.05.35:124][267]LogMemory:         48         8         8       9721        68881      48      48     455K       57K        0K    100.00%
[2015.06.15-22.05.35:124][267]LogMemory:         64        17        17      16324        87928      64      64    1020K       68K        0K    100.00%
[2015.06.15-22.05.35:124][267]LogMemory:         80         7         7       5603        48894      80      80     437K       11K        0K    100.00%
[2015.06.15-22.05.35:124][267]LogMemory:         96         5         5       3029        37308      96      96     283K       37K        0K    100.00%
[2015.06.15-22.05.35:124][267]LogMemory:        112         4         4       1590        47561     112     112     173K       83K        0K    100.00%
[2015.06.15-22.05.35:124][267]LogMemory:        128        33        33      16814        46055     128     128    2101K       11K        0K    100.00%
[2015.06.15-22.05.35:124][267]LogMemory:        160         7        13       2754        71117     144     160     430K       18K       18K     95.98%
[2015.06.15-22.05.35:124][267]LogMemory:        192        17        17       5245       125657     176     192     983K      104K       40K     96.32%
[2015.06.15-22.05.35:124][267]LogMemory:        224         4         4       1075       106098     208     224     235K       21K        9K     96.48%
[2015.06.15-22.05.35:124][267]LogMemory:        256        18        31       4399        67287     240     256    1099K       53K       47K     95.92%
[2015.06.15-22.05.35:124][267]LogMemory:        288         6         6       1118        44701     272     288     314K       70K       12K     96.88%
[2015.06.15-22.05.35:124][267]LogMemory:        320         4         4        715        16772     304     320     223K       32K        6K     97.66%
[2015.06.15-22.05.35:124][267]LogMemory:        384        12        12       1986        21902     336     384     744K       21K       49K     93.62%
[2015.06.15-22.05.35:124][267]LogMemory:        448        12        12       1717        13016     400     448     751K       16K       23K     97.01%
[2015.06.15-22.05.35:124][267]LogMemory:        512        10        10       1158         7086     464     512     579K       61K       29K     95.47%
[2015.06.15-22.05.35:124][267]LogMemory:        576        11        11        910         4129     528     576     511K      189K       19K     97.30%
[2015.06.15-22.05.35:124][267]LogMemory:        640         9        10        576         1562     592     640     360K      214K       18K     96.88%
[2015.06.15-22.05.35:124][267]LogMemory:        704         4         4        283         1011     656     704     194K       62K        4K     98.44%
[2015.06.15-22.05.35:124][267]LogMemory:        768         3         3        192         2830     720     768     144K       48K        3K     98.44%
[2015.06.15-22.05.35:124][267]LogMemory:        896         4         4        215         3729     784     896     188K       68K       16K     93.75%
[2015.06.15-22.05.35:124][267]LogMemory:       1024         2         3        102         1183     912    1024     102K       26K        1K     99.22%
[2015.06.15-22.05.35:124][267]LogMemory:       1168         3         3        117         1782    1040    1168     133K       59K        8K     95.83%
[2015.06.15-22.05.35:124][267]LogMemory:       1360         7         7        280         4004    1184    1360     371K       76K       25K     94.42%
[2015.06.15-22.05.35:124][267]LogMemory:       1632         8         8        266         2371    1376    1632     423K       87K       50K     90.23%
[2015.06.15-22.05.35:124][267]LogMemory:       2048         8         8        185         2076    1648    2048     370K      142K       33K     93.55%
[2015.06.15-22.05.35:124][267]LogMemory:       2336         3         4         70         3423    2064    2336     159K       33K       17K     91.15%
[2015.06.15-22.05.35:124][267]LogMemory:       2720         5         6        104          517    2352    2720     276K       43K       14K     95.63%
[2015.06.15-22.05.35:124][267]LogMemory:       3264        10        10        147         2963    2736    3264     468K      170K       33K     94.84%
[2015.06.15-22.05.35:124][267]LogMemory:       4096        12        14        154          759    3280    4096     616K      152K       48K     93.75%
[2015.06.15-22.05.35:124][267]LogMemory:       4672         6         9         74         1399    4112    4672     337K       47K       11K     97.14%
[2015.06.15-22.05.35:124][267]LogMemory:       5456         9        14         96          667    4688    5456     511K       65K       30K     94.79%
[2015.06.15-22.05.35:124][267]LogMemory:       6544        13        15        108          612    5472    6544     690K      141K       45K     94.59%
[2015.06.15-22.05.35:124][267]LogMemory:       8192         9        11         49         3520    6560    8192     392K      184K       42K     92.71%
[2015.06.15-22.05.35:124][267]LogMemory:       9360         6         7         36          189    8208    9360     329K       55K       23K     94.01%
[2015.06.15-22.05.35:124][267]LogMemory:      10912         4         5         22          601    9376   10896     234K       22K       14K     94.53%
[2015.06.15-22.05.35:124][267]LogMemory:      13104         6         6         28           95   10976   13104     358K       26K       24K     93.75%
[2015.06.15-22.05.35:124][267]LogMemory:      16384        11        13         34          201   13120   16384     544K      160K       32K     95.45%
[2015.06.15-22.05.35:124][267]LogMemory:      21840        12        12         30           93   16400   21776     639K      129K      104K     86.46%
[2015.06.15-22.05.35:124][267]LogMemory:      32768         8        10         14           81   21904   32736     448K       64K       98K     80.86%
[2015.06.15-22.05.35:124][267]LogMemory: 
[2015.06.15-22.05.35:124][267]LogMemory: 22464K allocated in pools (with 3022K slack and 945K waste). Efficiency 95.79%
[2015.06.15-22.05.35:124][267]LogMemory: Allocations 110071 Current / 1186209 Total (in 351 pools)
[2015.06.15-22.05.35:124][267]LogMemory: 
[2015.06.15-22.05.35:148][267]LogAIModule: Creating AISystem for world Map1
[2015.06.15-22.05.35:150][267]LogWorld: Bringing World /Game/Maps/Map1.Map1 up for play (max tick rate 0) at 2015.06.15-15.05.35
[2015.06.15-22.05.35:150][267]LogWorld: Bringing up level for play took: 0.000585
[2015.06.15-22.08.43:145][689]LogEngine: All Windows Closed
[2015.06.15-22.08.43:145][689]LogWindows: FPlatformMisc::RequestExit(0)
[2015.06.15-22.08.44:133][690]LogNet: World NetDriver shutdown IpNetDriver_0 [GameNetDriver]
[2015.06.15-22.08.44:133][690]LogNet: DestroyNamedNetDriver IpNetDriver_0 [GameNetDriver]
[2015.06.15-22.08.44:133][690]LogNet: UNetConnection::Close: Name: IpConnection_0, Driver: GameNetDriver IpNetDriver_0, PC: MPPlayerController_C_0, Owner: MPPlayerController_C_0, Channels: 201, RemoteAddr: 127.0.0.1:7777, Time: 2015.06.15-22.08.44
[2015.06.15-22.08.44:133][690]LogNet: UChannel::Close: Sending CloseBunch. ChIndex == 0. Name: ControlChannel_0
[2015.06.15-22.08.44:133][690]LogExit: GameNetDriver IpNetDriver_0 shut down
[2015.06.15-22.08.44:248][690]LogExit: Preparing to exit.
[2015.06.15-22.08.44:361][690]LogExit: Game engine shut down
[2015.06.15-22.08.44:362][690]LogParticles: Destroying 0 GPU particle simulations for FXSystem 0x00000000094319A0
[2015.06.15-22.08.44:443][690]LogExit: Object subsystem successfully closed.
[2015.06.15-22.08.44:484][690]LogModuleManager: Shutting down and abandoning module AssetRegistry (52)
[2015.06.15-22.08.44:485][690]LogModuleManager: Shutting down and abandoning module AutomationWorker (51)
[2015.06.15-22.08.44:485][690]LogModuleManager: Shutting down and abandoning module CharacterAI (50)
[2015.06.15-22.08.44:485][690]LogModuleManager: Shutting down and abandoning module AIModule (48)
[2015.06.15-22.08.44:485][690]LogModuleManager: Shutting down and abandoning module GameLiveStreaming (47)
[2015.06.15-22.08.44:485][690]LogModuleManager: Shutting down and abandoning module StreamingPauseRendering (46)
[2015.06.15-22.08.44:485][690]LogModuleManager: Shutting down and abandoning module AnalyticsET (45)
[2015.06.15-22.08.44:485][690]LogModuleManager: Shutting down and abandoning module Analytics (44)
[2015.06.15-22.08.44:485][690]LogModuleManager: Shutting down and abandoning module ProfilerService (43)
[2015.06.15-22.08.44:639][690]LogModuleManager: Shutting down and abandoning module TaskGraph (42)
[2015.06.15-22.08.44:639][690]LogModuleManager: Shutting down and abandoning module SlateRemote (41)
[2015.06.15-22.08.44:639][690]LogModuleManager: Shutting down and abandoning module SteamVRController (40)
[2015.06.15-22.08.44:639][690]LogModuleManager: Shutting down and abandoning module SteamVR (39)
[2015.06.15-22.08.44:639][690]LogModuleManager: Shutting down and abandoning module ProceduralMeshComponent (38)
[2015.06.15-22.08.44:639][690]LogModuleManager: Shutting down and abandoning module OculusRift (37)
[2015.06.15-22.08.44:639][690]LogModuleManager: Shutting down and abandoning module CustomMeshComponent (36)
[2015.06.15-22.08.44:639][690]LogModuleManager: Shutting down and abandoning module CableComponent (35)
[2015.06.15-22.08.44:639][690]LogModuleManager: Shutting down and abandoning module UdpMessaging (34)
[2015.06.15-22.08.44:639][690]LogModuleManager: Shutting down and abandoning module Paper2D (33)
[2015.06.15-22.08.44:639][690]LogModuleManager: Shutting down and abandoning module WindowsMoviePlayer (32)
[2015.06.15-22.08.44:640][690]LogModuleManager: Shutting down and abandoning module Media (31)
[2015.06.15-22.08.44:640][690]LogModuleManager: Shutting down and abandoning module WmfMedia (30)
[2015.06.15-22.08.44:640][690]LogModuleManager: Shutting down and abandoning module ImageWrapper (29)
[2015.06.15-22.08.44:640][690]LogModuleManager: Shutting down and abandoning module UMG (28)
[2015.06.15-22.08.44:640][690]LogModuleManager: Shutting down and abandoning module Slate (27)
[2015.06.15-22.08.44:640][690]LogModuleManager: Shutting down and abandoning module SessionServices (26)
[2015.06.15-22.08.44:640][690]LogModuleManager: Shutting down and abandoning module Messaging (25)
[2015.06.15-22.08.44:640][690]LogModuleManager: Shutting down and abandoning module HeadMountedDisplay (24)
[2015.06.15-22.08.44:640][690]LogModuleManager: Shutting down and abandoning module XAudio2 (23)
[2015.06.15-22.08.44:640][690]LogModuleManager: Shutting down and abandoning module Networking (21)
[2015.06.15-22.08.44:640][690]LogModuleManager: Shutting down and abandoning module Core (20)
[2015.06.15-22.08.44:640][690]LogModuleManager: Shutting down and abandoning module LeapMotionController (19)
[2015.06.15-22.08.44:650][690]LogModuleManager: Shutting down and abandoning module InputCore (18)
[2015.06.15-22.08.44:650][690]LogModuleManager: Shutting down and abandoning module OnlineSubsystem (16)
[2015.06.15-22.08.44:650][690]LogModuleManager: Shutting down and abandoning module HTTP (15)
[2015.06.15-22.08.44:650][690]LogModuleManager: Shutting down and abandoning module ExampleDeviceProfileSelector (14)
[2015.06.15-22.08.44:650][690]LogModuleManager: Shutting down and abandoning module ShaderCore (13)
[2015.06.15-22.08.44:650][690]LogModuleManager: Shutting down and abandoning module Landscape (12)
[2015.06.15-22.08.44:650][690]LogModuleManager: Shutting down and abandoning module SlateRHIRenderer (11)
[2015.06.15-22.08.44:650][690]LogModuleManager: Shutting down and abandoning module OpenGLDrv (10)
[2015.06.15-22.08.44:650][690]LogModuleManager: Shutting down and abandoning module D3D11RHI (9)
[2015.06.15-22.08.44:650][690]LogModuleManager: Shutting down and abandoning module Renderer (8)
[2015.06.15-22.08.44:650][690]LogModuleManager: Shutting down and abandoning module Engine (7)
[2015.06.15-22.08.44:650][690]LogModuleManager: Shutting down and abandoning module CoreUObject (6)
[2015.06.15-22.08.44:650][690]LogModuleManager: Shutting down and abandoning module NetworkFile (5)
[2015.06.15-22.08.44:651][690]LogModuleManager: Shutting down and abandoning module StreamingFile (4)
[2015.06.15-22.08.44:651][690]LogModuleManager: Shutting down and abandoning module SandboxFile (3)
[2015.06.15-22.08.44:651][690]LogModuleManager: Shutting down and abandoning module PakFile (1)
[2015.06.15-22.08.44:651][690]LogExit: Exiting.
[2015.06.15-22.08.44:652][690]Log file closed, 06/15/15 15:08:44
