[2015.08.24-08.11.26:678][  0]Log file open, 08/24/15 01:11:26
[2015.08.24-08.11.26:678][  0]LogInit:Display: Running engine for game: DesertSurvival
[2015.08.24-08.11.26:678][  0]LogInit:Display: RandInit(-1085787362) SRandInit(-1085787362).
[2015.08.24-08.11.26:678][  0]LogTaskGraph: Started task graph with 4 named threads and 7 total threads.
[2015.08.24-08.11.26:678][  0]LogStats: Stats thread started at 0.076530
[2015.08.24-08.11.26:678][  0]LogInit: Version: 4.9.0-2657513+++depot+UE4-Releases+4.9
[2015.08.24-08.11.26:678][  0]LogInit: API Version: 2657513
[2015.08.24-08.11.26:678][  0]LogInit: Compiled (64-bit): Aug 17 2015 02:17:11
[2015.08.24-08.11.26:678][  0]LogInit: Compiled with Visual C++: 18.00.21005.01
[2015.08.24-08.11.26:678][  0]LogInit: Build Configuration: Development
[2015.08.24-08.11.26:678][  0]LogInit: Branch Name: ++depot+UE4-Releases+4.9
[2015.08.24-08.11.26:678][  0]LogInit: Command line: 
[2015.08.24-08.11.26:678][  0]LogInit: Base directory: C:/Program Files/Epic Games/4.9/Engine/Binaries/Win64/
[2015.08.24-08.11.26:678][  0]LogInit: Rocket: 1
[2015.08.24-08.11.26:686][  0]LogInit: Using libcurl 7.41.0
[2015.08.24-08.11.26:686][  0]LogInit:  - built for x86_64-pc-win32
[2015.08.24-08.11.26:686][  0]LogInit:  - supports SSL with WinSSL
[2015.08.24-08.11.26:686][  0]LogInit:  - other features:
[2015.08.24-08.11.26:686][  0]LogInit:      CURL_VERSION_SSL
[2015.08.24-08.11.26:686][  0]LogInit:      CURL_VERSION_IPV6
[2015.08.24-08.11.26:686][  0]LogInit:      CURL_VERSION_ASYNCHDNS
[2015.08.24-08.11.26:686][  0]LogInit:      CURL_VERSION_LARGEFILE
[2015.08.24-08.11.26:686][  0]LogInit:      CURL_VERSION_IDN
[2015.08.24-08.11.26:686][  0]LogInit:  CurlRequestOptions (configurable via config and command line):
[2015.08.24-08.11.26:686][  0]LogInit:  - bVerifyPeer = true  - Libcurl will verify peer certificate
[2015.08.24-08.11.26:686][  0]LogInit:  - bUseHttpProxy = false  - Libcurl will NOT use HTTP proxy
[2015.08.24-08.11.26:686][  0]LogInit:  - bDontReuseConnections = false  - Libcurl will reuse connections
[2015.08.24-08.11.26:686][  0]LogInit:  - CertBundlePath = nullptr  - Libcurl will use whatever was configured at build time.
[2015.08.24-08.11.26:693][  0]LogInit: Presizing for 0 objects not considered by GC, pre-allocating 0 bytes.
[2015.08.24-08.11.26:700][  0]LogInit: Object subsystem initialized
[2015.08.24-08.11.26:702][  0]LogInit: Selected Device Profile: [Windows]
[2015.08.24-08.11.26:702][  0]LogInit: Applying CVar settings loaded from the selected device profile: [Windows]
[2015.08.24-08.11.26:711][  0]LogInit: Computer: DAVOPCX64
[2015.08.24-08.11.26:711][  0]LogInit: User: David
[2015.08.24-08.11.26:711][  0]LogInit: CPU Page size=4096, Cores=4
[2015.08.24-08.11.26:711][  0]LogInit: High frequency timer resolution =3.418017 MHz
[2015.08.24-08.11.26:711][  0]LogMemory: Memory total: Physical=7.9GB (8GB approx)
[2015.08.24-08.11.26:711][  0]LogMemory: Platform Memory Stats for Windows
[2015.08.24-08.11.26:711][  0]LogMemory: Process Physical Memory: 54.72 MB used, 54.72 MB peak
[2015.08.24-08.11.26:711][  0]LogMemory: Process Virtual Memory: 59.23 MB used, 59.23 MB peak
[2015.08.24-08.11.26:711][  0]LogMemory: Physical Memory: 3733.80 MB used, 8073.93 MB total
[2015.08.24-08.11.26:711][  0]LogMemory: Virtual Memory: 339.80 MB used, 8388608.00 MB total
[2015.08.24-08.11.26:748][  0]LogTextLocalizationManager: No specific translations for ('en-US') exist, so ('en') translations will be used.
[2015.08.24-08.11.27:660][  0]LogInput:Warning: Category Steam already has menu display info that is being replaced.
[2015.08.24-08.11.27:660][  0]LogInput:Warning: Category Steam already has menu display info that is being replaced.
[2015.08.24-08.11.27:708][  0]LogD3D11RHI: Found D3D11 adapter 0: AMD Radeon HD 7800 Series (Feature Level 11_0)
[2015.08.24-08.11.27:708][  0]LogD3D11RHI: Adapter has 1003MB of dedicated video memory, 0MB of dedicated system memory, and 3780MB of shared system memory, 2 output[s]
[2015.08.24-08.11.27:719][  0]LogD3D11RHI: Found D3D11 adapter 1: Intel(R) HD Graphics 4000 (Feature Level 11_0)
[2015.08.24-08.11.27:720][  0]LogD3D11RHI: Adapter has 64MB of dedicated video memory, 0MB of dedicated system memory, and 1632MB of shared system memory, 1 output[s]
[2015.08.24-08.11.27:720][  0]LogD3D11RHI: Chosen D3D11 Adapter Id = 0
[2015.08.24-08.11.27:733][  0]LogD3D11RHI: !Direct3DDevice
[2015.08.24-08.11.27:734][  0]LogRHI: Texture pool is 702 MB (70% of 1003 MB)
[2015.08.24-08.11.27:751][  0]LogD3D11RHI: Async texture creation disabled: no driver support
[2015.08.24-08.11.27:763][  0]LogShaderCompilers: Cleaned the shader compiler working directory '../../../../../../Users/David/Desktop/Git Hub/Desert-Survival/DesertSurvival 4.9/Intermediate/Shaders/WorkingDirectory/3108/'.
[2015.08.24-08.11.27:763][  0]LogShaderCompilers:Display: Using Local Shader Compiler.
[2015.08.24-08.11.29:037][  0]LogTemp:Display: Loaded TP AllDesktopTargetPlatform
[2015.08.24-08.11.29:042][  0]LogTemp:Display: Loaded TP WindowsClientTargetPlatform
[2015.08.24-08.11.29:047][  0]LogTemp:Display: Loaded TP WindowsNoEditorTargetPlatform
[2015.08.24-08.11.29:055][  0]LogTemp:Display: Loaded TP WindowsServerTargetPlatform
[2015.08.24-08.11.29:060][  0]LogTemp:Display: Loaded TP WindowsTargetPlatform
[2015.08.24-08.11.29:063][  0]LogTemp:Display: Loaded TP AndroidTargetPlatform
[2015.08.24-08.11.29:066][  0]LogTemp:Display: Loaded TP Android_ASTCTargetPlatform
[2015.08.24-08.11.29:070][  0]LogTemp:Display: Loaded TP Android_ATCTargetPlatform
[2015.08.24-08.11.29:073][  0]LogTemp:Display: Loaded TP Android_DXTTargetPlatform
[2015.08.24-08.11.29:076][  0]LogTemp:Display: Loaded TP Android_ETC1TargetPlatform
[2015.08.24-08.11.29:080][  0]LogTemp:Display: Loaded TP Android_ETC2TargetPlatform
[2015.08.24-08.11.29:086][  0]LogTemp:Display: Loaded TP Android_PVRTCTargetPlatform
[2015.08.24-08.11.29:087][  0]LogTemp:Display: Loaded TP HTML5TargetPlatform
[2015.08.24-08.11.29:103][  0]LogTemp:Display: Loaded TP IOSTargetPlatform
[2015.08.24-08.11.29:107][  0]LogTemp:Display: Loaded TP LinuxNoEditorTargetPlatform
[2015.08.24-08.11.29:110][  0]LogTemp:Display: Loaded TP LinuxServerTargetPlatform
[2015.08.24-08.11.29:115][  0]LogTemp:Display: Loaded TP LinuxTargetPlatform
[2015.08.24-08.11.29:115][  0]LogTargetPlatformManager:Display: Building Assets For Windows
[2015.08.24-08.11.29:196][  0]LogDerivedDataCache:Display: Max Cache Size: 512 MB
[2015.08.24-08.11.29:269][  0]LogDerivedDataCache: Loaded boot cache 0.07s 41MB C:/Users/David/AppData/Local/UnrealEngine/4.9/DerivedDataCache/Boot.ddc.
[2015.08.24-08.11.29:269][  0]LogDerivedDataCache:Display: Loaded Boot cache: C:/Users/David/AppData/Local/UnrealEngine/4.9/DerivedDataCache/Boot.ddc
[2015.08.24-08.11.29:269][  0]LogDerivedDataCache: FDerivedDataBackendGraph:  Pak pak cache file ../../../../../../Users/David/Desktop/Git Hub/Desert-Survival/DesertSurvival 4.9/DerivedDataCache/DDC.ddp not found, will not use a pak cache.
[2015.08.24-08.11.29:269][  0]LogDerivedDataCache: Unable to find inner node Pak for hierarchical cache Hierarchy.
[2015.08.24-08.11.29:269][  0]LogDerivedDataCache: FDerivedDataBackendGraph:  CompressedPak pak cache file ../../../../../../Users/David/Desktop/Git Hub/Desert-Survival/DesertSurvival 4.9/DerivedDataCache/Compressed.ddp not found, will not use a pak cache.
[2015.08.24-08.11.29:269][  0]LogDerivedDataCache: Unable to find inner node CompressedPak for hierarchical cache Hierarchy.
[2015.08.24-08.11.29:430][  0]LogDerivedDataCache:Display: Pak cache opened for reading ../../../Engine/DerivedDataCache/Compressed.ddp.
[2015.08.24-08.11.29:460][  0]LogDerivedDataCache: Using Local data cache path C:/Users/David/AppData/Local/UnrealEngine/Common/DerivedDataCache: Writable
[2015.08.24-08.11.29:649][  0]LogInit: Selected Device Profile: [Windows]
[2015.08.24-08.11.29:650][  0]LogContentStreaming: Texture pool size is 0.000000MB
[2015.08.24-08.11.29:705][  0]LogMeshUtilities: No automatic mesh reduction module available
[2015.08.24-08.11.29:705][  0]LogMeshUtilities: No automatic mesh merging module available
[2015.08.24-08.11.30:220][  0]LogInit: WinSock: version 1.1 (2.2), MaxSocks=32767, MaxUdp=65467
[2015.08.24-08.11.30:898][  0]UdpMessaging: Initializing bridge on interface 0.0.0.0:0 to multicast group 230.0.0.1:6666.
[2015.08.24-08.11.30:999][  0]LogAssetRegistry: FAssetRegistry took 0.0101 seconds to start up
[2015.08.24-08.11.31:169][  0]SourceControl: Info Source control is disabled
[2015.08.24-08.11.31:178][  0]SourceControl: Info Source control is disabled
[2015.08.24-08.11.31:189][  0]SourceControl: Info Source control is disabled
[2015.08.24-08.11.31:198][  0]SourceControl: Info Source control is disabled
[2015.08.24-08.11.31:342][  0]LogLinker:Warning: Asset '../../../Engine/Plugins/Runtime/LeapMotionController/Content/LM_PassthroughMaterial.uasset' has been saved with empty engine version. The asset will be loaded but may be incompatible.
[2015.08.24-08.11.31:432][  0]LogObj: 28361 objects as part of root set at end of initial load.
[2015.08.24-08.11.31:432][  0]LogUObjectAllocator: 6038864 out of 0 bytes used by permanent object pool.
[2015.08.24-08.11.31:489][  0]LogEngine: Initializing Engine...
[2015.08.24-08.11.31:491][  0]LogHMD: Can't find Oculus library dev build: is proper Runtime installed? Version: 0.6.0.0
[2015.08.24-08.11.31:491][  0]LogHMD: SteamVR failed to initialize.  Err: 100
[2015.08.24-08.11.31:633][  0]LogAIModule: Creating AISystem for world NewWorld
[2015.08.24-08.11.31:641][  0]LogInit: XAudio2 using 'Speakers (Realtek High Definition Audio)' : 2 channels at 48 kHz using 32 bits per sample (channel mask 0x3)
[2015.08.24-08.11.31:655][  0]LogInit: FAudioDevice initialized.
[2015.08.24-08.11.31:694][  0]LogDerivedDataCache: Saved boot cache 0.04s 41MB C:/Users/David/AppData/Local/UnrealEngine/4.9/DerivedDataCache/Boot.ddc.
[2015.08.24-08.11.31:703][  0]LogInit: Texture streaming: Enabled
[2015.08.24-08.11.31:708][  0]LogAnalytics: Creating configured Analytics provider AnalyticsET
[2015.08.24-08.11.31:708][  0]LogAnalytics: [UEEditor.Rocket.Release] APIServer = http://et2.epicgames.com/ET2/. AppVersion = 4.9.0-2657513+++depot+UE4-Releases+4.9
[2015.08.24-08.11.31:708][  0]LogAnalytics: [UEEditor.Rocket.Release] SetUserId 63bad7584199a80b18f5d19af3640327|847b49c4ca63452480b7439378717c51|d31b456e-061b-4b71-818e-0d4e346df735
[2015.08.24-08.11.31:708][  0]LogAnalytics: [UEEditor.Rocket.Release] AnalyticsET::StartSession
[2015.08.24-08.11.31:732][  0]LogInit: Transaction tracking system initialized
[2015.08.24-08.11.31:762][  0]BlueprintLog: New page: Editor Load
[2015.08.24-08.11.31:838][  0]LocalizationService: Info Localization service is disabled
[2015.08.24-08.11.32:273][  0]LogUObjectGlobals:Warning: Failed to find object 'Class /Engine/Tutorial/Mobile/SettingUpAndroidTutorial.SettingUpAndroidTutorial_C'
[2015.08.24-08.11.32:293][  0]LogConsoleResponse:Display: 
[2015.08.24-08.11.32:436][  0]LogFileCache: Scanning file cache for directory 'C:/Users/David/Desktop/Git Hub/Desert-Survival/DesertSurvival 4.9/Content/' took 0.01s
[2015.08.24-08.11.32:436][  0]LogCook:Display: Done creating registry. It took  0.00s.
[2015.08.24-08.11.32:488][  0]SourceControl: Info Source control is disabled
[2015.08.24-08.11.32:488][  0]Cmd: MAP LOAD FILE="../../../../../../Users/David/Desktop/Git Hub/Desert-Survival/DesertSurvival 4.9/Content/Maps/MainMenu.umap" TEMPLATE=0 SHOWPROGRESS=1 FEATURELEVEL=3
[2015.08.24-08.11.32:488][  0]LightingResults: New page: Lighting Build
[2015.08.24-08.11.32:491][  0]MapCheck: New page: Map Check
[2015.08.24-08.11.32:491][  0]LightingResults: New page: Lighting Build
[2015.08.24-08.11.32:501][  0]LogParticles: Destroying 0 GPU particle simulations for FXSystem 0x0000000021DBA160
[2015.08.24-08.11.32:850][  0]LogClass:Warning: UUserDefinedStructEditorData::RecreateDefaultInstance Cannot parse value. Property: Empty String: "(ItemID_2_5D57B4434F3ABEFE94F1C6991CF8059E=0,ItemName_12_BCBFC2D2459FFE399FDD1994C28E852A="Empty",ItemWeight_5_155072C14A51EB161C3CFC943D6A544A=0,ItemClass_15_BB4312D148700E75463EC4A5448CE160=BlueprintGeneratedClass'/Game/Items/EmptySlot.EmptySlot_C',ItemImage_23_D52448A140ABEB39E026D5BFAF0BFE71=None)"  Struct: /Game/PlayerStuffs/Structs/ItemIndex.ItemIndex 
[2015.08.24-08.11.32:879][  0]LogClass:Warning: UUserDefinedStructEditorData::RecreateDefaultInstance Cannot parse value. Property: Rock String: "(ItemID_2_5D57B4434F3ABEFE94F1C6991CF8059E=1000,ItemName_12_BCBFC2D2459FFE399FDD1994C28E852A="Rock",ItemWeight_5_155072C14A51EB161C3CFC943D6A544A=0,ItemClass_15_BB4312D148700E75463EC4A5448CE160=BlueprintGeneratedClass'/Game/Items/Rock_Obj.Rock_Obj_C',ItemImage_23_D52448A140ABEB39E026D5BFAF0BFE71=None)"  Struct: /Game/PlayerStuffs/Structs/ItemIndex.ItemIndex 
[2015.08.24-08.11.32:906][  0]LogClass:Warning: UUserDefinedStructEditorData::RecreateDefaultInstance Cannot parse value. Property: Ax String: "(ItemID_2_5D57B4434F3ABEFE94F1C6991CF8059E=1001,ItemName_12_BCBFC2D2459FFE399FDD1994C28E852A="Ax",ItemWeight_5_155072C14A51EB161C3CFC943D6A544A=0,ItemClass_15_BB4312D148700E75463EC4A5448CE160=BlueprintGeneratedClass'/Game/Items/Ax_obj.Ax_obj_C',ItemImage_23_D52448A140ABEB39E026D5BFAF0BFE71=None)"  Struct: /Game/PlayerStuffs/Structs/ItemIndex.ItemIndex 
[2015.08.24-08.11.32:938][  0]LogClass:Warning: UUserDefinedStructEditorData::RecreateDefaultInstance Cannot parse value. Property: Gun String: "(ItemID_2_5D57B4434F3ABEFE94F1C6991CF8059E=1002,ItemName_12_BCBFC2D2459FFE399FDD1994C28E852A="Gun",ItemWeight_5_155072C14A51EB161C3CFC943D6A544A=0,ItemClass_15_BB4312D148700E75463EC4A5448CE160=BlueprintGeneratedClass'/Game/Items/gun.gun_C',ItemImage_23_D52448A140ABEB39E026D5BFAF0BFE71=None)"  Struct: /Game/PlayerStuffs/Structs/ItemIndex.ItemIndex 
[2015.08.24-08.11.33:571][  0]LogBlueprint:Warning: [compiler PlayerHud] Warning Event Reply  Return Value  should not be empty.  Return a reply such as Handled or Unhandled.
[2015.08.24-08.11.33:571][  0]LogBlueprint:Warning: [compiler PlayerHud] Warning Event Reply  Return Value  should not be empty.  Return a reply such as Handled or Unhandled.
[2015.08.24-08.11.33:603][  0]LogBlueprint:Warning: [compiler PlayerHud] Warning [0007.50] Compile of PlayerHud successful, but with 2 Warning(s) [in 73 ms]
[2015.08.24-08.11.33:603][  0]LogBlueprint:Warning: [compiler PlayerHud] Warning [0007.50] Compile of PlayerHud successful, but with 3 Warning(s) [in 0 ms]
[2015.08.24-08.11.33:603][  0]LogBlueprint:Warning: [compiler PlayerHud] Warning [0007.50] Compile of PlayerHud successful, but with 4 Warning(s) [in 0 ms]
[2015.08.24-08.11.35:181][  0]LogBlueprint:Warning: [compiler PlayerHud] Warning Event Reply  Return Value  should not be empty.  Return a reply such as Handled or Unhandled.
[2015.08.24-08.11.35:181][  0]LogBlueprint:Warning: [compiler PlayerHud] Warning Event Reply  Return Value  should not be empty.  Return a reply such as Handled or Unhandled.
[2015.08.24-08.11.35:189][  0]LogBlueprint:Warning: [compiler PlayerHud] Warning [0009.09] Compile of PlayerHud successful, but with 2 Warning(s) [in 43 ms]
[2015.08.24-08.11.35:190][  0]LogBlueprint:Warning: [compiler PlayerHud] Warning [0009.09] Compile of PlayerHud successful, but with 3 Warning(s) [in 0 ms]
[2015.08.24-08.11.35:190][  0]LogBlueprint:Warning: [compiler PlayerHud] Warning [0009.09] Compile of PlayerHud successful, but with 4 Warning(s) [in 0 ms]
[2015.08.24-08.11.35:427][  0]LogMaterial: Missing cached shader map for material MetalAxe_Mat, compiling. 
[2015.08.24-08.11.35:498][  0]LogStaticMesh: Building static mesh MetalAxe...
[2015.08.24-08.11.35:561][  0]LogStaticMesh: Built static mesh [0.063445.2s] /Game/Items/Item_Models/MetalAxe.MetalAxe
[2015.08.24-08.11.35:684][  0]LogStaticMesh: Building static mesh Rock_FBX...
[2015.08.24-08.11.35:688][  0]LogStaticMesh: Built static mesh [0.003768.2s] /Game/Items/Item_Models/Rock_FBX.Rock_FBX
[2015.08.24-08.11.35:693][  0]LogMaterial: Missing cached shader map for material RockMaterial1, compiling. 
[2015.08.24-08.11.35:725][  0]LogMaterial: Missing cached shader map for material Material_002, compiling. 
[2015.08.24-08.11.35:908][  0]LogMaterial: Missing cached shader map for material TestMat, compiling. 
[2015.08.24-08.11.36:045][  0]LogMaterial: Missing cached shader map for material Player_Material, compiling. 
[2015.08.24-08.11.36:224][  0]LogMaterial: Missing cached shader map for material TestBlockMat2, compiling. 
[2015.08.24-08.11.36:266][  0]LogMaterial: Missing cached shader map for material ItemPickup, compiling. 
[2015.08.24-08.11.36:280][  0]LogMaterial: Missing cached shader map for material GlowingMat, compiling. 
[2015.08.24-08.11.36:673][  0]LogStaticMesh: Building static mesh MenuScreen...
[2015.08.24-08.11.36:682][  0]LogStaticMesh: Built static mesh [0.009701.2s] /Game/MiscObjects/MenuScreen.MenuScreen
[2015.08.24-08.11.36:939][  0]LogAIModule: Creating AISystem for world MainMenu
[2015.08.24-08.11.36:982][  0]LogEditorServer: Finished looking for orphan Actors (0.000 secs)
[2015.08.24-08.11.36:983][  0]Cmd: MAP CHECKDEP NOCLEARLOG
[2015.08.24-08.11.37:132][  0]MapCheck:Warning: Warning StaticMeshComponent0 StaticMeshComponent /Game/Maps/MainMenu.MainMenu:PersistentLevel.MenuScreen_3.StaticMeshComponent0 : Externally referenced 
[2015.08.24-08.11.37:132][  0]MapCheck: Info Map check complete: 0 Error(s), 1 Warning(s), took 148.474ms to complete.
[2015.08.24-08.11.37:253][  0]LogFileHelpers: Loading map 'MainMenu' took 4.765
[2015.08.24-08.11.38:262][  0]LogCollectionManager: Loaded 0 collections in 0.004842 seconds
[2015.08.24-08.11.38:376][  0]LogFileCache: Scanning file cache for directory 'C:/Users/David/Desktop/Git Hub/Desert-Survival/DesertSurvival 4.9/Saved/Collections/' took 0.01s
[2015.08.24-08.11.38:376][  0]LogFileCache: Scanning file cache for directory 'C:/Users/David/Desktop/Git Hub/Desert-Survival/DesertSurvival 4.9/Content/Developers/David/Collections/' took 0.01s
[2015.08.24-08.11.38:376][  0]LogFileCache: Scanning file cache for directory 'C:/Users/David/Desktop/Git Hub/Desert-Survival/DesertSurvival 4.9/Content/Collections/' took 0.01s
[2015.08.24-08.11.38:376][  0]LogContentBrowser: Native class hierarchy populated in 0.0188 seconds. Added 1867 classes and 333 folders.
[2015.08.24-08.11.38:483][  0]LogCollectionManager: Rebuilt the GUID cache for 0 collections in 0.000003 seconds
[2015.08.24-08.11.38:604][  0]LogContentBrowser: Native class hierarchy updated for 'WidgetCarousel' in 0.0010 seconds. Added 0 classes and 0 folders.
[2015.08.24-08.11.40:407][  0]LogContentBrowser: Native class hierarchy updated for 'AddContentDialog' in 0.0005 seconds. Added 0 classes and 0 folders.
[2015.08.24-08.11.40:484][  0]LogContentBrowser: Native class hierarchy updated for 'SceneOutliner' in 0.0006 seconds. Added 1 classes and 2 folders.
[2015.08.24-08.11.41:645][  0]LogCrashTracker: Crashtracker disabled due to settings.
[2015.08.24-08.11.41:824][  0]LogUObjectGlobals:Warning: Failed to find object 'Class None.'
[2015.08.24-08.11.41:871][  0]LogLoad: Full Startup: 15.77 seconds (BP compile: 1.49 seconds)
[2015.08.24-08.11.42:472][  0]LogContentStreaming: Texture pool size now 700 MB
[2015.08.24-08.11.43:260][  0]LogRenderer: Reallocating scene render targets to support 1240x632 (Frame:2).
[2015.08.24-08.11.48:083][ 13]LogAssetRegistry: Asset discovery search completed in 17.0942 seconds
[2015.08.24-08.11.48:083][ 13]LogCollectionManager: Rebuilt the object cache for 0 collections in 0.000001 seconds (found 0 objects)
[2015.08.24-08.11.48:083][ 13]LogCollectionManager: Fixed up redirectors for 0 collections in 0.000035 seconds (updated 0 objects)
[2015.08.24-08.15.36:669][449]LogPlayLevel: PlayLevel: No blueprints needed recompiling
[2015.08.24-08.15.36:707][449]PIE: New page: PIE session: MainMenu (Aug 23, 2015, 6:15:36 PM)
[2015.08.24-08.15.36:707][449]LogPlayLevel: Creating play world package: /Game/Maps/UEDPIE_1_MainMenu
[2015.08.24-08.15.36:710][449]LogPlayLevel: PIE: StaticDuplicateObject took: (0.003110s)
[2015.08.24-08.15.36:711][449]LogAIModule: Creating AISystem for world MainMenu
[2015.08.24-08.15.36:711][449]LogPlayLevel: PIE: World Init took: (0.000918s)
[2015.08.24-08.15.36:711][449]LogPlayLevel: PIE: Created PIE world by copying editor world from /Game/Maps/MainMenu.MainMenu to /Game/Maps/UEDPIE_1_MainMenu.MainMenu (0.004338s)
[2015.08.24-08.15.36:711][449]LogActorComponent: UnregisterComponent: (/Engine/Transient.CharMoveComp) Not registered. Aborting.
[2015.08.24-08.15.36:861][449]LogInit: XAudio2 using 'Speakers (Realtek High Definition Audio)' : 2 channels at 48 kHz using 32 bits per sample (channel mask 0x3)
[2015.08.24-08.15.36:873][449]LogInit: FAudioDevice initialized.
[2015.08.24-08.15.36:959][449]LogWorld: Game class is 'MainMenuGameMode_C'
[2015.08.24-08.15.36:992][449]LogWorld: Bringing World /Game/Maps/UEDPIE_1_MainMenu.MainMenu up for play (max tick rate 0) at 2015.08.24-01.15.36
[2015.08.24-08.15.36:993][449]LogActor:Warning: GameSession /Game/Maps/UEDPIE_1_MainMenu.MainMenu:PersistentLevel.GameSession_0 has natively added scene component(s), but none of them were set as the actor's RootComponent - picking one arbitrarily
[2015.08.24-08.15.36:993][449]LogActor:Warning: GameNetworkManager /Game/Maps/UEDPIE_1_MainMenu.MainMenu:PersistentLevel.GameNetworkManager_0 has natively added scene component(s), but none of them were set as the actor's RootComponent - picking one arbitrarily
[2015.08.24-08.15.36:993][449]LogWorld: Bringing up level for play took: 0.001396
[2015.08.24-08.15.37:147][449]LogInit: WinSock: Socket queue 131072 / 131072
[2015.08.24-08.15.37:153][449]LogInit: WinSock: I am DavoPCx64 (192.168.0.9:0)
[2015.08.24-08.15.37:170][449]LogNet: GameNetDriver IpNetDriver_0 IpNetDriver listening on port 7777
[2015.08.24-08.15.37:246][449]PIE: Info Play in editor start time for /Game/Maps/UEDPIE_1_MainMenu 0.573
[2015.08.24-08.15.37:288][449]PIE: New page: PIE session: MainMenu (Aug 23, 2015, 6:15:37 PM)
[2015.08.24-08.15.37:456][449]LogNet: Browse: 127.0.0.1//Game/Maps/MainMenu
[2015.08.24-08.15.37:456][449]LogInit: WinSock: Socket queue 32768 / 32768
[2015.08.24-08.15.37:457][449]LogNet: Game client on port 7777, rate 10000
[2015.08.24-08.15.37:457][449]LogNet: GetLocalNetworkVersion: GEngineNetVersion: 2657513, ProjectName: desertsurvival, ProjectVersion: 1.0.0.0, InternalProtocolVersion: 9, LocalNetworkVersion: 677911093
[2015.08.24-08.15.37:477][449]PIE: Info Play in editor start time for /Game/Maps/MainMenu 0.803
[2015.08.24-08.15.37:498][449]PIE: New page: PIE session: MainMenu (Aug 23, 2015, 6:15:37 PM)
[2015.08.24-08.15.37:601][449]LogNet: Browse: 127.0.0.1//Game/Maps/MainMenu
[2015.08.24-08.15.37:601][449]LogInit: WinSock: Socket queue 32768 / 32768
[2015.08.24-08.15.37:602][449]LogNet: Game client on port 7777, rate 10000
[2015.08.24-08.15.37:602][449]LogNet: GetLocalNetworkVersion: GEngineNetVersion: 2657513, ProjectName: desertsurvival, ProjectVersion: 1.0.0.0, InternalProtocolVersion: 9, LocalNetworkVersion: 677911093
[2015.08.24-08.15.37:622][449]PIE: Info Play in editor start time for /Game/Maps/MainMenu 0.948
[2015.08.24-08.15.37:668][449]LogNet: NotifyAcceptingConnection: Server MainMenu accept
[2015.08.24-08.15.37:668][449]LogNet: Open MainMenu 08/24/15 01:15:37 127.0.0.1
[2015.08.24-08.15.37:668][449]LogNet: Added client connection.  Remote address = 127.0.0.1:54242
[2015.08.24-08.15.37:668][449]LogNet: NotifyAcceptingChannel Control 0 server World /Game/Maps/UEDPIE_1_MainMenu.MainMenu: Accepted
[2015.08.24-08.15.37:668][449]LogNet: Remote platform little endian=1
[2015.08.24-08.15.37:668][449]LogNet: This platform little endian=1
[2015.08.24-08.15.37:668][449]LogNet: GetLocalNetworkVersion: GEngineNetVersion: 2657513, ProjectName: desertsurvival, ProjectVersion: 1.0.0.0, InternalProtocolVersion: 9, LocalNetworkVersion: 677911093
[2015.08.24-08.15.37:668][449]LogNet: NotifyAcceptingConnection: Server MainMenu accept
[2015.08.24-08.15.37:668][449]LogNet: Open MainMenu 08/24/15 01:15:37 127.0.0.1
[2015.08.24-08.15.37:668][449]LogNet: Added client connection.  Remote address = 127.0.0.1:54243
[2015.08.24-08.15.37:669][449]LogNet: NotifyAcceptingChannel Control 0 server World /Game/Maps/UEDPIE_1_MainMenu.MainMenu: Accepted
[2015.08.24-08.15.37:669][449]LogNet: Remote platform little endian=1
[2015.08.24-08.15.37:669][449]LogNet: This platform little endian=1
[2015.08.24-08.15.37:669][449]LogNet: GetLocalNetworkVersion: GEngineNetVersion: 2657513, ProjectName: desertsurvival, ProjectVersion: 1.0.0.0, InternalProtocolVersion: 9, LocalNetworkVersion: 677911093
[2015.08.24-08.15.37:795][450]LogNet: Login request: /Game/Maps/MainMenu userId: Invalid
[2015.08.24-08.15.37:795][450]LogNet: Login request: /Game/Maps/MainMenu userId: Invalid
[2015.08.24-08.15.37:803][450]LogNet: Welcomed by server (Level: /Game/Maps/UEDPIE_1_MainMenu, Game: /Game/Maps/MainMenuGameMode.MainMenuGameMode_C)
[2015.08.24-08.15.37:837][450]LogLoad: LoadMap: 127.0.0.1//Game/Maps/UEDPIE_1_MainMenu?game=/Game/Maps/MainMenuGameMode.MainMenuGameMode_C
[2015.08.24-08.15.37:872][450]LogParticles: Destroying 0 GPU particle simulations for FXSystem 0x00000000263C1580
[2015.08.24-08.15.37:877][450]Cmd: MEM
[2015.08.24-08.15.37:910][450]LogMemory: Platform Memory Stats for Windows
[2015.08.24-08.15.37:910][450]LogMemory: Process Physical Memory: 712.02 MB used, 712.02 MB peak
[2015.08.24-08.15.37:910][450]LogMemory: Process Virtual Memory: 634.88 MB used, 634.88 MB peak
[2015.08.24-08.15.37:910][450]LogMemory: Physical Memory: 4237.58 MB used, 8073.93 MB total
[2015.08.24-08.15.37:910][450]LogMemory: Virtual Memory: 1285.47 MB used, 8388608.00 MB total
[2015.08.24-08.15.37:911][450]LogMemory: 
[2015.08.24-08.15.37:911][450]Allocator Stats for TBB: (not implemented)
[2015.08.24-08.15.37:911][450]LogLinker: Can't find file for asset '/Game/Maps/UEDPIE_1_MainMenu' while loading NULL.
[2015.08.24-08.15.37:914][450]LogWorld: PIE: Copying PIE streaming level from /Game/Maps/MainMenu.MainMenu to /Game/Maps/UEDPIE_2_MainMenu.MainMenu. OwningWorld: None
[2015.08.24-08.15.37:914][450]LogAIModule: Creating AISystem for world MainMenu
[2015.08.24-08.15.37:918][450]LogWorld: Bringing World /Game/Maps/UEDPIE_2_MainMenu.MainMenu up for play (max tick rate 0) at 2015.08.24-01.15.37
[2015.08.24-08.15.37:918][450]LogWorld: Bringing up level for play took: 0.002635
[2015.08.24-08.15.37:919][450]LogNet: Welcomed by server (Level: /Game/Maps/UEDPIE_1_MainMenu, Game: /Game/Maps/MainMenuGameMode.MainMenuGameMode_C)
[2015.08.24-08.15.37:919][450]LogLoad: LoadMap: 127.0.0.1//Game/Maps/UEDPIE_1_MainMenu?game=/Game/Maps/MainMenuGameMode.MainMenuGameMode_C
[2015.08.24-08.15.37:932][450]LogParticles: Destroying 0 GPU particle simulations for FXSystem 0x00000000263C3BA0
[2015.08.24-08.15.37:935][450]Cmd: MEM
[2015.08.24-08.15.37:955][450]LogMemory: Platform Memory Stats for Windows
[2015.08.24-08.15.37:955][450]LogMemory: Process Physical Memory: 712.07 MB used, 712.07 MB peak
[2015.08.24-08.15.37:955][450]LogMemory: Process Virtual Memory: 634.88 MB used, 634.88 MB peak
[2015.08.24-08.15.37:955][450]LogMemory: Physical Memory: 4244.60 MB used, 8073.93 MB total
[2015.08.24-08.15.37:955][450]LogMemory: Virtual Memory: 1285.47 MB used, 8388608.00 MB total
[2015.08.24-08.15.37:955][450]LogMemory: 
[2015.08.24-08.15.37:955][450]Allocator Stats for TBB: (not implemented)
[2015.08.24-08.15.37:956][450]LogLinker: Can't find file for asset '/Game/Maps/UEDPIE_1_MainMenu' while loading NULL.
[2015.08.24-08.15.37:960][450]LogWorld: PIE: Copying PIE streaming level from /Game/Maps/MainMenu.MainMenu to /Game/Maps/UEDPIE_3_MainMenu.MainMenu. OwningWorld: None
[2015.08.24-08.15.37:960][450]LogAIModule: Creating AISystem for world MainMenu
[2015.08.24-08.15.37:962][450]LogWorld: Bringing World /Game/Maps/UEDPIE_3_MainMenu.MainMenu up for play (max tick rate 0) at 2015.08.24-01.15.37
[2015.08.24-08.15.37:962][450]LogWorld: Bringing up level for play took: 0.000877
[2015.08.24-08.15.37:990][451]LogNet: Client netspeed is 10000
[2015.08.24-08.15.37:990][451]LogNet: Join request: /Game/Maps/MainMenu?SplitscreenCount=1
[2015.08.24-08.15.38:021][451]LogNet: Join succeeded: 257
[2015.08.24-08.15.38:021][451]LogNet: Client netspeed is 10000
[2015.08.24-08.15.38:021][451]LogNet: Join request: /Game/Maps/MainMenu?SplitscreenCount=1
[2015.08.24-08.15.38:024][451]LogNet: Join succeeded: 258
[2015.08.24-08.15.49:181][  2]LogPackageName: SearchForPackageOnDisk took   0.061s to resolve Map1.umap.
[2015.08.24-08.15.49:231][  2]LogPackageName: SearchForPackageOnDisk took   0.050s to resolve Map1.umap.
[2015.08.24-08.15.49:231][  2]LogNet: Browse: /Game/Maps/Map1?listen
[2015.08.24-08.15.49:232][  2]LogLoad: LoadMap: /Game/Maps/Map1?listen
[2015.08.24-08.15.49:232][  2]LogNet: World NetDriver shutdown IpNetDriver_0 [GameNetDriver]
[2015.08.24-08.15.49:232][  2]LogNet: DestroyNamedNetDriver IpNetDriver_0 [GameNetDriver]
[2015.08.24-08.15.49:232][  2]LogNet: UNetConnection::Cleanup: Closing open connection. Name: IpConnection_3, RemoteAddr: 127.0.0.1:54243 Driver: GameNetDriver, PC: PlayerController_4, Owner: PlayerController_4
[2015.08.24-08.15.49:232][  2]LogNet: UNetConnection::Close: Name: IpConnection_3, Driver: GameNetDriver IpNetDriver_0, PC: PlayerController_4, Owner: PlayerController_4, Channels: 10, RemoteAddr: 127.0.0.1:54243, Time: 2015.08.24-08.15.49
[2015.08.24-08.15.49:232][  2]LogNet: UChannel::Close: Sending CloseBunch. ChIndex == 0. Name: ControlChannel_3
[2015.08.24-08.15.49:233][  2]LogNet: UNetConnection::Cleanup: Closing open connection. Name: IpConnection_2, RemoteAddr: 127.0.0.1:54242 Driver: GameNetDriver, PC: PlayerController_3, Owner: PlayerController_3
[2015.08.24-08.15.49:233][  2]LogNet: UNetConnection::Close: Name: IpConnection_2, Driver: GameNetDriver IpNetDriver_0, PC: PlayerController_3, Owner: PlayerController_3, Channels: 10, RemoteAddr: 127.0.0.1:54242, Time: 2015.08.24-08.15.49
[2015.08.24-08.15.49:233][  2]LogNet: UChannel::Close: Sending CloseBunch. ChIndex == 0. Name: ControlChannel_2
[2015.08.24-08.15.49:234][  2]LogExit: GameNetDriver IpNetDriver_0 shut down
[2015.08.24-08.15.49:249][  2]LogParticles: Destroying 0 GPU particle simulations for FXSystem 0x0000000029D216C0
[2015.08.24-08.15.49:251][  2]Cmd: MEM
[2015.08.24-08.15.49:268][  2]LogMemory: Platform Memory Stats for Windows
[2015.08.24-08.15.49:268][  2]LogMemory: Process Physical Memory: 716.16 MB used, 716.16 MB peak
[2015.08.24-08.15.49:268][  2]LogMemory: Process Virtual Memory: 637.67 MB used, 637.81 MB peak
[2015.08.24-08.15.49:268][  2]LogMemory: Physical Memory: 4312.56 MB used, 8073.93 MB total
[2015.08.24-08.15.49:268][  2]LogMemory: Virtual Memory: 1281.91 MB used, 8388608.00 MB total
[2015.08.24-08.15.49:268][  2]LogMemory: 
[2015.08.24-08.15.49:268][  2]Allocator Stats for TBB: (not implemented)
[2015.08.24-08.15.49:775][  2]LogMaterial: Missing cached shader map for material MetalCrate_Mat, compiling. 
[2015.08.24-08.15.49:784][  2]LogStaticMesh: Building static mesh MetalCrate...
[2015.08.24-08.15.49:788][  2]LogStaticMesh: Built static mesh [0.004556.2s] /Game/Items/Item_Models/MetalCrate/MetalCrate.MetalCrate
[2015.08.24-08.15.50:183][  2]LogMaterial: Missing cached shader map for material TestBlockMat, compiling. 
[2015.08.24-08.15.52:885][  2]LogAIModule: Creating AISystem for world Map1
[2015.08.24-08.15.52:886][  2]LogWorld: Game class is 'SurvivalGameMode_C'
[2015.08.24-08.15.52:886][  2]LogInit: WinSock: Socket queue 131072 / 131072
[2015.08.24-08.15.52:887][  2]LogNet: GameNetDriver IpNetDriver_3 IpNetDriver listening on port 7777
[2015.08.24-08.15.53:847][  2]LogWorld:Warning: *** WARNING - PATHS MAY NOT BE VALID ***
[2015.08.24-08.15.53:848][  2]LogWorld: Bringing World /Game/Maps/UEDPIE_1_Map1.Map1 up for play (max tick rate 0) at 2015.08.24-01.15.53
[2015.08.24-08.15.53:848][  2]LogActor:Warning: GameSession /Game/Maps/UEDPIE_1_Map1.Map1:PersistentLevel.GameSession_1 has natively added scene component(s), but none of them were set as the actor's RootComponent - picking one arbitrarily
[2015.08.24-08.15.53:848][  2]LogActor:Warning: GameNetworkManager /Game/Maps/UEDPIE_1_Map1.Map1:PersistentLevel.GameNetworkManager_1 has natively added scene component(s), but none of them were set as the actor's RootComponent - picking one arbitrarily
[2015.08.24-08.15.54:251][  2]LogWorld: Bringing up level for play took: 1.349495
[2015.08.24-08.15.54:252][  2]LogGameMode: Warning - PATHS NOT DEFINED or NO PLAYERSTART with positive rating
[2015.08.24-08.15.54:443][  2]LogBlueprintUserMessages: [SurvivalGameMode_C_0] Server: ServerSaveCreated
[2015.08.24-08.15.54:659][  2]LogNet:Warning: Network Failure: GameNetDriver[FailureReceived]: Host closed the connection.
[2015.08.24-08.15.54:659][  2]LogNet:Warning: Network Failure: GameNetDriver[FailureReceived]: Host closed the connection.
[2015.08.24-08.15.54:659][  2]LogNet:Warning: Network Failure: GameNetDriver[FailureReceived]: Host closed the connection.
[2015.08.24-08.15.54:659][  2]LogNet: NetworkFailure: FailureReceived, Error: 'Host closed the connection.'
[2015.08.24-08.15.54:671][  2]LogNet: UNetConnection::Close: Name: IpConnection_0, Driver: GameNetDriver IpNetDriver_1, PC: PlayerController_5, Owner: PlayerController_5, Channels: 10, RemoteAddr: 127.0.0.1:7777, Time: 2015.08.24-08.15.54
[2015.08.24-08.15.54:671][  2]LogNet: UChannel::Close: Sending CloseBunch. ChIndex == 0. Name: ControlChannel_0
[2015.08.24-08.15.54:671][  2]LogNet:Warning: Network Failure: GameNetDriver[ConnectionLost]: Your connection to the host has been lost.
[2015.08.24-08.15.54:672][  2]LogNet:Warning: Network Failure: GameNetDriver[ConnectionLost]: Your connection to the host has been lost.
[2015.08.24-08.15.54:672][  2]LogNet:Warning: Network Failure: GameNetDriver[ConnectionLost]: Your connection to the host has been lost.
[2015.08.24-08.15.54:672][  2]LogNet: NetworkFailure: ConnectionLost, Error: 'Your connection to the host has been lost.'
[2015.08.24-08.15.54:672][  2]LogNet:Warning: FObjectReplicator::UpdateUnmappedObjects: Connection->State == USOCK_Closed
[2015.08.24-08.15.54:672][  2]LogNet:Warning: FObjectReplicator::UpdateUnmappedObjects: Connection->State == USOCK_Closed
[2015.08.24-08.15.54:672][  2]LogNet:Warning: Network Failure: GameNetDriver[FailureReceived]: Host closed the connection.
[2015.08.24-08.15.54:672][  2]LogNet:Warning: Network Failure: GameNetDriver[FailureReceived]: Host closed the connection.
[2015.08.24-08.15.54:672][  2]LogNet:Warning: Network Failure: GameNetDriver[FailureReceived]: Host closed the connection.
[2015.08.24-08.15.54:672][  2]LogNet: NetworkFailure: FailureReceived, Error: 'Host closed the connection.'
[2015.08.24-08.15.54:672][  2]LogNet: UNetConnection::Close: Name: IpConnection_1, Driver: GameNetDriver IpNetDriver_2, PC: PlayerController_6, Owner: PlayerController_6, Channels: 10, RemoteAddr: 127.0.0.1:7777, Time: 2015.08.24-08.15.54
[2015.08.24-08.15.54:672][  2]LogNet: UChannel::Close: Sending CloseBunch. ChIndex == 0. Name: ControlChannel_1
[2015.08.24-08.15.54:672][  2]LogNet:Warning: Network Failure: GameNetDriver[ConnectionLost]: Your connection to the host has been lost.
[2015.08.24-08.15.54:672][  2]LogNet:Warning: Network Failure: GameNetDriver[ConnectionLost]: Your connection to the host has been lost.
[2015.08.24-08.15.54:672][  2]LogNet:Warning: Network Failure: GameNetDriver[ConnectionLost]: Your connection to the host has been lost.
[2015.08.24-08.15.54:672][  2]LogNet: NetworkFailure: ConnectionLost, Error: 'Your connection to the host has been lost.'
[2015.08.24-08.15.54:672][  2]LogNet:Warning: FObjectReplicator::UpdateUnmappedObjects: Connection->State == USOCK_Closed
[2015.08.24-08.15.54:672][  2]LogNet:Warning: FObjectReplicator::UpdateUnmappedObjects: Connection->State == USOCK_Closed
[2015.08.24-08.15.54:730][  3]LogNet: NotifyAcceptingConnection: Server Map1 accept
[2015.08.24-08.15.54:730][  3]LogNet: Open Map1 08/24/15 01:15:54 127.0.0.1
[2015.08.24-08.15.54:730][  3]LogNet: Added client connection.  Remote address = 127.0.0.1:54242
[2015.08.24-08.15.54:730][  3]LogNetTraffic:Warning: High single frame packet loss: 57
[2015.08.24-08.15.54:730][  3]LogSecurity:Warning: 127.0.0.1:54242: Malformed_Packet: UNetConnection::ReceivedPacket: Received control channel close before open
[2015.08.24-08.15.54:730][  3]LogSecurity:Warning: 127.0.0.1:54242: Closed: Connection closed
[2015.08.24-08.15.54:730][  3]LogNet: UNetConnection::Close: Name: IpConnection_4, Driver: GameNetDriver IpNetDriver_3, PC: NULL, Owner: NULL, Channels: 2, RemoteAddr: 127.0.0.1:54242, Time: 2015.08.24-08.15.54
[2015.08.24-08.15.54:730][  3]LogNet: UChannel::Close: Sending CloseBunch. ChIndex == 0. Name: ControlChannel_4
[2015.08.24-08.15.54:730][  3]LogNet: NotifyAcceptingConnection: Server Map1 accept
[2015.08.24-08.15.54:731][  3]LogNet: Open Map1 08/24/15 01:15:54 127.0.0.1
[2015.08.24-08.15.54:731][  3]LogNet: Added client connection.  Remote address = 127.0.0.1:54243
[2015.08.24-08.15.54:731][  3]LogNetTraffic:Warning: High single frame packet loss: 57
[2015.08.24-08.15.54:731][  3]LogSecurity:Warning: 127.0.0.1:54243: Malformed_Packet: UNetConnection::ReceivedPacket: Received control channel close before open
[2015.08.24-08.15.54:731][  3]LogSecurity:Warning: 127.0.0.1:54243: Closed: Connection closed
[2015.08.24-08.15.54:731][  3]LogNet: UNetConnection::Close: Name: IpConnection_5, Driver: GameNetDriver IpNetDriver_3, PC: NULL, Owner: NULL, Channels: 2, RemoteAddr: 127.0.0.1:54243, Time: 2015.08.24-08.15.54
[2015.08.24-08.15.54:731][  3]LogNet: UChannel::Close: Sending CloseBunch. ChIndex == 0. Name: ControlChannel_5
[2015.08.24-08.15.54:732][  3]LogBlueprintUserMessages: [SurvivalGameMode_C_0] Server: ---------------------------------------//////////////////////////ID ARRAY LOADED///////////////////////////------------------------
[2015.08.24-08.15.54:732][  3]LogBlueprintUserMessages: [SurvivalGameMode_C_0] Server: 813213827
[2015.08.24-08.15.54:825][  3]LogNet: Browse: /Game/Maps/MainMenu?closed
[2015.08.24-08.15.54:825][  3]LogNet: Failed; returning to Entry
[2015.08.24-08.15.54:825][  3]LogLoad: LoadMap: /Game/Maps/MainMenu?closed
[2015.08.24-08.15.54:825][  3]LogNet: World NetDriver shutdown IpNetDriver_1 [GameNetDriver]
[2015.08.24-08.15.54:825][  3]LogNet: DestroyNamedNetDriver IpNetDriver_1 [GameNetDriver]
[2015.08.24-08.15.54:825][  3]LogExit: GameNetDriver IpNetDriver_1 shut down
[2015.08.24-08.15.54:880][  3]LogParticles: Destroying 0 GPU particle simulations for FXSystem 0x000000002B55AAC0
[2015.08.24-08.15.54:886][  3]Cmd: MEM
[2015.08.24-08.15.54:908][  3]LogMemory: Platform Memory Stats for Windows
[2015.08.24-08.15.54:908][  3]LogMemory: Process Physical Memory: 883.53 MB used, 883.53 MB peak
[2015.08.24-08.15.54:908][  3]LogMemory: Process Virtual Memory: 818.20 MB used, 818.20 MB peak
[2015.08.24-08.15.54:908][  3]LogMemory: Physical Memory: 4518.69 MB used, 8073.93 MB total
[2015.08.24-08.15.54:908][  3]LogMemory: Virtual Memory: 1458.00 MB used, 8388608.00 MB total
[2015.08.24-08.15.54:908][  3]LogMemory: 
[2015.08.24-08.15.54:908][  3]Allocator Stats for TBB: (not implemented)
[2015.08.24-08.15.54:908][  3]LogPlayLevel: Creating play world package: /Game/Maps/UEDPIE_2_MainMenu
[2015.08.24-08.15.54:912][  3]LogPlayLevel: PIE: StaticDuplicateObject took: (0.003946s)
[2015.08.24-08.15.54:913][  3]LogAIModule: Creating AISystem for world MainMenu
[2015.08.24-08.15.54:913][  3]LogPlayLevel: PIE: World Init took: (0.000602s)
[2015.08.24-08.15.54:913][  3]LogPlayLevel: PIE: Created PIE world by copying editor world from /Game/Maps/MainMenu.MainMenu to /Game/Maps/UEDPIE_2_MainMenu.MainMenu (0.004871s)
[2015.08.24-08.15.54:913][  3]LogWorld: Game class is 'MainMenuGameMode_C'
[2015.08.24-08.15.54:915][  3]LogWorld: Bringing World /Game/Maps/UEDPIE_2_MainMenu.MainMenu up for play (max tick rate 0) at 2015.08.24-01.15.54
[2015.08.24-08.15.54:915][  3]LogActor:Warning: GameSession /Game/Maps/UEDPIE_2_MainMenu.MainMenu:PersistentLevel.GameSession_2 has natively added scene component(s), but none of them were set as the actor's RootComponent - picking one arbitrarily
[2015.08.24-08.15.54:916][  3]LogActor:Warning: GameNetworkManager /Game/Maps/UEDPIE_2_MainMenu.MainMenu:PersistentLevel.GameNetworkManager_2 has natively added scene component(s), but none of them were set as the actor's RootComponent - picking one arbitrarily
[2015.08.24-08.15.54:916][  3]LogWorld: Bringing up level for play took: 0.001286
[2015.08.24-08.15.54:917][  3]LogGameMode: Warning - PATHS NOT DEFINED or NO PLAYERSTART with positive rating
[2015.08.24-08.15.54:946][  3]LogNet: Browse: /Game/Maps/MainMenu?closed
[2015.08.24-08.15.54:946][  3]LogNet: Failed; returning to Entry
[2015.08.24-08.15.54:946][  3]LogLoad: LoadMap: /Game/Maps/MainMenu?closed
[2015.08.24-08.15.54:946][  3]LogNet: World NetDriver shutdown IpNetDriver_2 [GameNetDriver]
[2015.08.24-08.15.54:946][  3]LogNet: DestroyNamedNetDriver IpNetDriver_2 [GameNetDriver]
[2015.08.24-08.15.54:946][  3]LogExit: GameNetDriver IpNetDriver_2 shut down
[2015.08.24-08.15.54:974][  3]LogParticles: Destroying 0 GPU particle simulations for FXSystem 0x00000000263409A0
[2015.08.24-08.15.54:974][  3]Cmd: MEM
[2015.08.24-08.15.54:999][  3]LogMemory: Platform Memory Stats for Windows
[2015.08.24-08.15.54:999][  3]LogMemory: Process Physical Memory: 883.57 MB used, 883.57 MB peak
[2015.08.24-08.15.54:999][  3]LogMemory: Process Virtual Memory: 818.20 MB used, 818.20 MB peak
[2015.08.24-08.15.54:999][  3]LogMemory: Physical Memory: 4522.57 MB used, 8073.93 MB total
[2015.08.24-08.15.54:999][  3]LogMemory: Virtual Memory: 1458.00 MB used, 8388608.00 MB total
[2015.08.24-08.15.54:999][  3]LogMemory: 
[2015.08.24-08.15.54:999][  3]Allocator Stats for TBB: (not implemented)
[2015.08.24-08.15.55:000][  3]LogPlayLevel: Creating play world package: /Game/Maps/UEDPIE_3_MainMenu
[2015.08.24-08.15.55:005][  3]LogPlayLevel: PIE: StaticDuplicateObject took: (0.004913s)
[2015.08.24-08.15.55:005][  3]LogAIModule: Creating AISystem for world MainMenu
[2015.08.24-08.15.55:006][  3]LogPlayLevel: PIE: World Init took: (0.001204s)
[2015.08.24-08.15.55:006][  3]LogPlayLevel: PIE: Created PIE world by copying editor world from /Game/Maps/MainMenu.MainMenu to /Game/Maps/UEDPIE_3_MainMenu.MainMenu (0.006496s)
[2015.08.24-08.15.55:006][  3]LogWorld: Game class is 'MainMenuGameMode_C'
[2015.08.24-08.15.55:008][  3]LogWorld: Bringing World /Game/Maps/UEDPIE_3_MainMenu.MainMenu up for play (max tick rate 0) at 2015.08.24-01.15.55
[2015.08.24-08.15.55:008][  3]LogActor:Warning: GameSession /Game/Maps/UEDPIE_3_MainMenu.MainMenu:PersistentLevel.GameSession_3 has natively added scene component(s), but none of them were set as the actor's RootComponent - picking one arbitrarily
[2015.08.24-08.15.55:008][  3]LogActor:Warning: GameNetworkManager /Game/Maps/UEDPIE_3_MainMenu.MainMenu:PersistentLevel.GameNetworkManager_3 has natively added scene component(s), but none of them were set as the actor's RootComponent - picking one arbitrarily
[2015.08.24-08.15.55:008][  3]LogWorld: Bringing up level for play took: 0.001029
[2015.08.24-08.15.55:009][  3]LogGameMode: Warning - PATHS NOT DEFINED or NO PLAYERSTART with positive rating
[2015.08.24-08.15.55:054][  4]LogNet: NotifyAcceptingConnection: Server Map1 accept
[2015.08.24-08.15.55:054][  4]LogNet: Open Map1 08/24/15 01:15:55 127.0.0.1
[2015.08.24-08.15.55:054][  4]LogNet: Added client connection.  Remote address = 127.0.0.1:54242
[2015.08.24-08.15.55:054][  4]LogNetTraffic:Warning: High single frame packet loss: 58
[2015.08.24-08.15.55:054][  4]LogNet: NotifyAcceptingConnection: Server Map1 accept
[2015.08.24-08.15.55:054][  4]LogNet: Open Map1 08/24/15 01:15:55 127.0.0.1
[2015.08.24-08.15.55:055][  4]LogNet: Added client connection.  Remote address = 127.0.0.1:54243
[2015.08.24-08.15.55:055][  4]LogNetTraffic:Warning: High single frame packet loss: 58
[2015.08.24-08.15.55:286][ 14]LogNet: UNetConnection::Cleanup: Closing open connection. Name: IpConnection_6, RemoteAddr: 127.0.0.1:54242 Driver: GameNetDriver, PC: NoPC, Owner: No Owner
[2015.08.24-08.15.55:286][ 14]LogNet: UNetConnection::Close: Name: IpConnection_6, Driver: GameNetDriver IpNetDriver_3, PC: NULL, Owner: NULL, Channels: 1, RemoteAddr: 127.0.0.1:54242, Time: 2015.08.24-08.15.55
[2015.08.24-08.15.55:286][ 14]LogNet: UNetConnection::Cleanup: Closing open connection. Name: IpConnection_7, RemoteAddr: 127.0.0.1:54243 Driver: GameNetDriver, PC: NoPC, Owner: No Owner
[2015.08.24-08.15.55:286][ 14]LogNet: UNetConnection::Close: Name: IpConnection_7, Driver: GameNetDriver IpNetDriver_3, PC: NULL, Owner: NULL, Channels: 1, RemoteAddr: 127.0.0.1:54243, Time: 2015.08.24-08.15.55
[2015.08.24-08.15.55:819][ 35]LogBlueprintUserMessages: [SurvivalGameMode_C_0] Server: DavoHas Connected
[2015.08.24-08.15.55:820][ 35]LogBlueprintUserMessages: [MPPlayerController_C_0] Server: 56029
[2015.08.24-08.15.56:942][ 75]LogBlueprintUserMessages: [SurvivalGameMode_C_0] Server: LoadSuccess
[2015.08.24-08.15.56:943][ 75]LogBlueprintUserMessages: [SurvivalGameMode_C_0] Server: 56029
[2015.08.24-08.16.36:373][957]LogBlueprintUserMessages: [MainMenuWidget_C_4] 127.0.0.1
[2015.08.24-08.16.36:373][957]LogBlueprintUserMessages: [MainMenuWidget_C_4] open 127.0.0.1
[2015.08.24-08.16.36:377][957]LogNet: Browse: 127.0.0.1//Game/Maps/MainMenu
[2015.08.24-08.16.36:377][957]LogInit: WinSock: Socket queue 32768 / 32768
[2015.08.24-08.16.36:378][957]LogNet: Game client on port 7777, rate 10000
[2015.08.24-08.16.36:378][957]LogNet: GetLocalNetworkVersion: GEngineNetVersion: 2657513, ProjectName: desertsurvival, ProjectVersion: 1.0.0.0, InternalProtocolVersion: 9, LocalNetworkVersion: 677911093
[2015.08.24-08.16.36:398][958]LogNet: NotifyAcceptingConnection: Server Map1 accept
[2015.08.24-08.16.36:399][958]LogNet: Open Map1 08/24/15 01:16:36 127.0.0.1
[2015.08.24-08.16.36:399][958]LogNet: Added client connection.  Remote address = 127.0.0.1:54246
[2015.08.24-08.16.36:399][958]LogNet: NotifyAcceptingChannel Control 0 server World /Game/Maps/UEDPIE_1_Map1.Map1: Accepted
[2015.08.24-08.16.36:399][958]LogNet: Remote platform little endian=1
[2015.08.24-08.16.36:399][958]LogNet: This platform little endian=1
[2015.08.24-08.16.36:399][958]LogNet: GetLocalNetworkVersion: GEngineNetVersion: 2657513, ProjectName: desertsurvival, ProjectVersion: 1.0.0.0, InternalProtocolVersion: 9, LocalNetworkVersion: 677911093
[2015.08.24-08.16.36:420][959]LogNet: Login request: /Game/Maps/MainMenu userId: Invalid
[2015.08.24-08.16.36:422][959]LogNet: Welcomed by server (Level: /Game/Maps/UEDPIE_1_Map1, Game: /Game/Maps/SurvivalGameMode.SurvivalGameMode_C)
[2015.08.24-08.16.36:435][959]LogLoad: LoadMap: 127.0.0.1//Game/Maps/UEDPIE_1_Map1?game=/Game/Maps/SurvivalGameMode.SurvivalGameMode_C
[2015.08.24-08.16.36:466][959]LogParticles: Destroying 0 GPU particle simulations for FXSystem 0x0000000025CF9BC0
[2015.08.24-08.16.36:466][959]Cmd: MEM
[2015.08.24-08.16.36:494][959]LogMemory: Platform Memory Stats for Windows
[2015.08.24-08.16.36:494][959]LogMemory: Process Physical Memory: 925.33 MB used, 925.34 MB peak
[2015.08.24-08.16.36:494][959]LogMemory: Process Virtual Memory: 848.71 MB used, 848.71 MB peak
[2015.08.24-08.16.36:494][959]LogMemory: Physical Memory: 4549.75 MB used, 8073.93 MB total
[2015.08.24-08.16.36:494][959]LogMemory: Virtual Memory: 1492.50 MB used, 8388608.00 MB total
[2015.08.24-08.16.36:494][959]LogMemory: 
[2015.08.24-08.16.36:494][959]Allocator Stats for TBB: (not implemented)
[2015.08.24-08.16.36:494][959]LogLinker: Can't find file for asset '/Game/Maps/UEDPIE_1_Map1' while loading NULL.
[2015.08.24-08.16.37:110][959]LogAIModule: Creating AISystem for world Map1
[2015.08.24-08.16.37:307][959]LogWorld: Bringing World /Game/Maps/UEDPIE_3_Map1.Map1 up for play (max tick rate 0) at 2015.08.24-01.16.37
[2015.08.24-08.16.37:310][959]LogWorld: Bringing up level for play took: 0.199527
[2015.08.24-08.16.37:323][960]LogNet: Client netspeed is 10000
[2015.08.24-08.16.37:323][960]LogNet: Join request: /Game/Maps/MainMenu?SplitscreenCount=1
[2015.08.24-08.16.37:339][960]LogGameMode: Warning - PATHS NOT DEFINED or NO PLAYERSTART with positive rating
[2015.08.24-08.16.37:340][960]LogNet: Join succeeded: 262
[2015.08.24-08.16.38:433][  7]LogBlueprintUserMessages: [SurvivalGameMode_C_0] Server: dHas Connected
[2015.08.24-08.16.38:463][  8]LogBlueprintUserMessages: [MPPlayerController_C_1] Server: 56029
[2015.08.24-08.16.39:437][ 55]LogBlueprintUserMessages: [SurvivalGameMode_C_0] Server: 56029
[2015.08.24-08.16.39:472][ 56]LogBlueprintUserMessages: [SurvivalGameMode_C_0] Server: LoadSuccess
[2015.08.24-08.17.15:394][658]LogBlueprintUserMessages: [PlayerElement_C_3] Client -2: Cant Use
[2015.08.24-08.17.17:878][770]LogSpawn:Warning: SpawnActor failed because we are in the process of tearing down the world
[2015.08.24-08.17.17:926][770]LogBlueprintUserMessages: [SurvivalGameMode_C_0] Server: DavoHas Disconnected
[2015.08.24-08.17.17:926][770]LogSpawn:Warning: SpawnActor failed because we are in the process of tearing down the world
[2015.08.24-08.17.18:036][770]LogNet: UChannel::CleanUp: [GameNetDriver] [None] [None]. ChIndex == 0. Closing connection.
[2015.08.24-08.17.18:036][770]LogNet: UNetConnection::Close: Name: IpConnection_9, Driver: GameNetDriver None, PC: None, Owner: None, Channels: 5, RemoteAddr: 127.0.0.1:54246, Time: 2015.08.24-08.17.18
[2015.08.24-08.17.18:036][770]LogNet: UChannel::Close: Sending CloseBunch. ChIndex == 0. Name: ControlChannel_7
[2015.08.24-08.17.18:036][770]LogNet: UChannel::CleanUp: [GameNetDriver] [None] [None]. ChIndex == 0. Closing connection.
[2015.08.24-08.17.18:036][770]LogNet: UNetConnection::Close: Name: IpConnection_8, Driver: GameNetDriver IpNetDriver_4, PC: None, Owner: None, Channels: 5, RemoteAddr: 127.0.0.1:7777, Time: 2015.08.24-08.17.18
[2015.08.24-08.17.18:036][770]LogNet: UChannel::Close: Sending CloseBunch. ChIndex == 0. Name: ControlChannel_6
[2015.08.24-08.17.18:046][770]LogExit: GameNetDriver None shut down
[2015.08.24-08.17.18:049][770]LogParticles: Destroying 0 GPU particle simulations for FXSystem 0x000000002628AAC0
[2015.08.24-08.17.18:053][770]LogParticles: Destroying 0 GPU particle simulations for FXSystem 0x0000000023D64180
[2015.08.24-08.17.18:056][770]LogExit: GameNetDriver None shut down
[2015.08.24-08.17.18:061][770]LogParticles: Destroying 0 GPU particle simulations for FXSystem 0x00000000263418A0
[2015.08.24-08.33.20:404][528]LogActorComponent: UnregisterComponent: (/Engine/Transient.CharMoveComp) Not registered. Aborting.
[2015.08.24-08.33.20:969][529]Cmd: QUIT_EDITOR
[2015.08.24-08.33.22:161][529]LogExit: Preparing to exit.
[2015.08.24-08.33.23:042][529]LogExit: Editor shut down
[2015.08.24-08.33.23:042][529]LogExit: Transaction tracking system shut down
[2015.08.24-08.33.23:045][529]LogParticles: Destroying 0 GPU particle simulations for FXSystem 0x00000000281B8A40
[2015.08.24-08.33.23:045][529]LogParticles: Destroying 0 GPU particle simulations for FXSystem 0x000000002B6D7920
[2015.08.24-08.33.23:045][529]LogParticles: Destroying 0 GPU particle simulations for FXSystem 0x000000002B703740
[2015.08.24-08.33.23:046][529]LogParticles: Destroying 0 GPU particle simulations for FXSystem 0x000000002B55AF20
[2015.08.24-08.33.23:189][529]LogExit: Object subsystem successfully closed.
[2015.08.24-08.33.23:205][529]LogD3D11RHI: Shutdown
[2015.08.24-08.33.23:205][529]LogD3D11RHI: CleanupD3DDevice
[2015.08.24-08.33.23:251][529]LogD3D11RHI: ~FD3D11DynamicRHI
[2015.08.24-08.33.23:281][529]LogModuleManager: Shutting down and abandoning module CrashTracker (197)
[2015.08.24-08.33.23:281][529]LogModuleManager: Shutting down and abandoning module SceneOutliner (196)
[2015.08.24-08.33.23:281][529]LogModuleManager: Shutting down and abandoning module SuperSearch (195)
[2015.08.24-08.33.23:281][529]LogModuleManager: Shutting down and abandoning module WidgetCarousel (194)
[2015.08.24-08.33.23:281][529]LogModuleManager: Shutting down and abandoning module AddContentDialog (193)
[2015.08.24-08.33.23:300][529]LogModuleManager: Shutting down and abandoning module EditorWidgets (192)
[2015.08.24-08.33.23:300][529]LogModuleManager: Shutting down and abandoning module CollectionManager (191)
[2015.08.24-08.33.23:300][529]LogModuleManager: Shutting down and abandoning module StatsViewer (190)
[2015.08.24-08.33.23:300][529]LogModuleManager: Shutting down and abandoning module FoliageEdit (189)
[2015.08.24-08.33.23:300][529]LogModuleManager: Shutting down and abandoning module LandscapeEditor (188)
[2015.08.24-08.33.23:300][529]LogModuleManager: Shutting down and abandoning module ActorPickerMode (187)
[2015.08.24-08.33.23:300][529]LogModuleManager: Shutting down and abandoning module GeometryMode (186)
[2015.08.24-08.33.23:300][529]LogModuleManager: Shutting down and abandoning module TextureAlignMode (185)
[2015.08.24-08.33.23:300][529]LogModuleManager: Shutting down and abandoning module BspMode (184)
[2015.08.24-08.33.23:300][529]LogModuleManager: Shutting down and abandoning module PlacementMode (183)
[2015.08.24-08.33.23:300][529]LogModuleManager: Shutting down and abandoning module AutomationWorker (182)
[2015.08.24-08.33.23:300][529]LogModuleManager: Shutting down and abandoning module CharacterAI (181)
[2015.08.24-08.33.23:300][529]LogModuleManager: Shutting down and abandoning module SmartSnapping (180)
[2015.08.24-08.33.23:300][529]LogModuleManager: Shutting down and abandoning module ViewportSnapping (179)
[2015.08.24-08.33.23:300][529]LogModuleManager: Shutting down and abandoning module LogVisualizer (178)
[2015.08.24-08.33.23:300][529]LogModuleManager: Shutting down and abandoning module GameProjectGeneration (177)
[2015.08.24-08.33.23:300][529]LogModuleManager: Shutting down and abandoning module IntroTutorials (176)
[2015.08.24-08.33.23:300][529]LogModuleManager: Shutting down and abandoning module EditorLiveStreaming (175)
[2015.08.24-08.33.23:300][529]LogModuleManager: Shutting down and abandoning module IOSPlatformEditor (174)
[2015.08.24-08.33.23:300][529]LogModuleManager: Shutting down and abandoning module HTML5PlatformEditor (173)
[2015.08.24-08.33.23:300][529]LogModuleManager: Shutting down and abandoning module AndroidDeviceDetection (172)
[2015.08.24-08.33.24:167][529]LogModuleManager: Shutting down and abandoning module AndroidPlatformEditor (171)
[2015.08.24-08.33.24:167][529]LogModuleManager: Shutting down and abandoning module IOSRuntimeSettings (170)
[2015.08.24-08.33.24:167][529]LogModuleManager: Shutting down and abandoning module AndroidRuntimeSettings (169)
[2015.08.24-08.33.24:167][529]LogModuleManager: Shutting down and abandoning module MergeActors (168)
[2015.08.24-08.33.24:167][529]LogModuleManager: Shutting down and abandoning module SizeMap (167)
[2015.08.24-08.33.24:167][529]LogModuleManager: Shutting down and abandoning module TreeMap (166)
[2015.08.24-08.33.24:167][529]LogModuleManager: Shutting down and abandoning module ReferenceViewer (165)
[2015.08.24-08.33.24:167][529]LogModuleManager: Shutting down and abandoning module LocalizationService (164)
[2015.08.24-08.33.24:167][529]LogModuleManager: Shutting down and abandoning module LocalizationDashboard (163)
[2015.08.24-08.33.24:167][529]LogModuleManager: Shutting down and abandoning module HardwareTargeting (162)
[2015.08.24-08.33.24:167][529]LogModuleManager: Shutting down and abandoning module DeviceProfileEditor (161)
[2015.08.24-08.33.24:167][529]LogModuleManager: Shutting down and abandoning module UndoHistory (160)
[2015.08.24-08.33.24:167][529]LogModuleManager: Shutting down and abandoning module GameplayTagsEditor (159)
[2015.08.24-08.33.24:167][529]LogModuleManager: Shutting down and abandoning module UserFeedback (158)
[2015.08.24-08.33.24:167][529]LogModuleManager: Shutting down and abandoning module XmlParser (157)
[2015.08.24-08.33.24:167][529]LogModuleManager: Shutting down and abandoning module Blutility (156)
[2015.08.24-08.33.24:167][529]LogModuleManager: Shutting down and abandoning module ProjectTargetPlatformEditor (155)
[2015.08.24-08.33.24:167][529]LogModuleManager: Shutting down and abandoning module ProjectSettingsViewer (154)
[2015.08.24-08.33.24:167][529]LogModuleManager: Shutting down and abandoning module InputBindingEditor (153)
[2015.08.24-08.33.24:167][529]LogModuleManager: Shutting down and abandoning module EditorSettingsViewer (152)
[2015.08.24-08.33.24:167][529]LogModuleManager: Shutting down and abandoning module SettingsEditor (151)
[2015.08.24-08.33.24:167][529]LogModuleManager: Shutting down and abandoning module ProjectLauncher (150)
[2015.08.24-08.33.24:167][529]LogModuleManager: Shutting down and abandoning module SessionFrontend (149)
[2015.08.24-08.33.24:167][529]LogModuleManager: Shutting down and abandoning module ProfilerClient (148)
[2015.08.24-08.33.24:167][529]LogModuleManager: Shutting down and abandoning module TargetDeviceServices (147)
[2015.08.24-08.33.24:167][529]LogModuleManager: Shutting down and abandoning module DeviceManager (146)
[2015.08.24-08.33.24:168][529]LogModuleManager: Shutting down and abandoning module AutomationController (145)
[2015.08.24-08.33.24:168][529]LogModuleManager: Shutting down and abandoning module AutomationWindow (144)
[2015.08.24-08.33.24:168][529]LogModuleManager: Shutting down and abandoning module Layers (143)
[2015.08.24-08.33.24:168][529]LogModuleManager: Shutting down and abandoning module ComponentVisualizers (142)
[2015.08.24-08.33.24:168][529]LogModuleManager: Shutting down and abandoning module DetailCustomizations (141)
[2015.08.24-08.33.24:168][529]LogModuleManager: Shutting down and abandoning module PackagesDialog (140)
[2015.08.24-08.33.24:168][529]LogModuleManager: Shutting down and abandoning module Persona (139)
[2015.08.24-08.33.24:168][529]LogModuleManager: Shutting down and abandoning module Kismet (138)
[2015.08.24-08.33.24:168][529]LogModuleManager: Shutting down and abandoning module GraphEditor (137)
[2015.08.24-08.33.24:168][529]LogModuleManager: Shutting down and abandoning module ClassViewer (136)
[2015.08.24-08.33.24:168][529]LogModuleManager: Shutting down and abandoning module Toolbox (135)
[2015.08.24-08.33.24:168][529]LogModuleManager: Shutting down and abandoning module ModuleUI (134)
[2015.08.24-08.33.24:168][529]LogModuleManager: Shutting down and abandoning module MovieSceneTools (133)
[2015.08.24-08.33.24:168][529]LogModuleManager: Shutting down and abandoning module OutputLog (132)
[2015.08.24-08.33.24:168][529]LogModuleManager: Shutting down and abandoning module GammaUI (131)
[2015.08.24-08.33.24:168][529]LogModuleManager: Shutting down and abandoning module Documentation (130)
[2015.08.24-08.33.24:168][529]LogModuleManager: Shutting down and abandoning module GameLiveStreaming (129)
[2015.08.24-08.33.24:168][529]LogModuleManager: Shutting down and abandoning module StreamingPauseRendering (128)
[2015.08.24-08.33.24:168][529]LogModuleManager: Shutting down and abandoning module AnalyticsET (127)
[2015.08.24-08.33.24:168][529]LogModuleManager: Shutting down and abandoning module Analytics (126)
[2015.08.24-08.33.24:168][529]LogModuleManager: Shutting down and abandoning module AITestSuite (125)
[2015.08.24-08.33.24:168][529]LogModuleManager: Shutting down and abandoning module GameplayDebugger (124)
[2015.08.24-08.33.24:168][529]LogModuleManager: Shutting down and abandoning module AIModule (123)
[2015.08.24-08.33.24:168][529]LogModuleManager: Shutting down and abandoning module ProfilerService (122)
[2015.08.24-08.33.24:357][529]LogModuleManager: Shutting down and abandoning module TaskGraph (121)
[2015.08.24-08.33.24:357][529]LogModuleManager: Shutting down and abandoning module SlateRemote (120)
[2015.08.24-08.33.24:357][529]LogModuleManager: Shutting down and abandoning module SteamVRController (119)
[2015.08.24-08.33.24:357][529]LogModuleManager: Shutting down and abandoning module SteamVR (118)
[2015.08.24-08.33.24:357][529]LogModuleManager: Shutting down and abandoning module ProceduralMeshComponent (117)
[2015.08.24-08.33.24:357][529]LogModuleManager: Shutting down and abandoning module OculusRift (116)
[2015.08.24-08.33.24:357][529]LogModuleManager: Shutting down and abandoning module OculusLibrary (115)
[2015.08.24-08.33.24:357][529]LogModuleManager: Shutting down and abandoning module LeapMotionController (114)
[2015.08.24-08.33.24:364][529]LogModuleManager: Shutting down and abandoning module CustomMeshComponent (113)
[2015.08.24-08.33.24:364][529]LogModuleManager: Shutting down and abandoning module CableComponent (112)
[2015.08.24-08.33.24:364][529]LogModuleManager: Shutting down and abandoning module ArchVisCharacter (111)
[2015.08.24-08.33.24:364][529]LogModuleManager: Shutting down and abandoning module MessagingDebugger (110)
[2015.08.24-08.33.24:364][529]LogModuleManager: Shutting down and abandoning module MediaPlayerEditor (109)
[2015.08.24-08.33.24:364][529]LogModuleManager: Shutting down and abandoning module HTML5Networking (108)
[2015.08.24-08.33.24:364][529]LogModuleManager: Shutting down and abandoning module SpeedTreeImporter (107)
[2015.08.24-08.33.24:364][529]LogModuleManager: Shutting down and abandoning module PluginBrowser (106)
[2015.08.24-08.33.24:364][529]LogModuleManager: Shutting down and abandoning module EpicSurvey (105)
[2015.08.24-08.33.24:364][529]LogModuleManager: Shutting down and abandoning module DesktopPlatform (104)
[2015.08.24-08.33.24:364][529]LogModuleManager: Shutting down and abandoning module VisualStudioSourceCodeAccess (103)
[2015.08.24-08.33.24:364][529]LogModuleManager: Shutting down and abandoning module UObjectPlugin (102)
[2015.08.24-08.33.24:364][529]LogModuleManager: Shutting down and abandoning module SubversionSourceControl (101)
[2015.08.24-08.33.24:364][529]LogModuleManager: Shutting down and abandoning module PerforceSourceControl (100)
[2015.08.24-08.33.24:364][529]LogModuleManager: Shutting down and abandoning module SourceControl (99)
[2015.08.24-08.33.24:364][529]LogModuleManager: Shutting down and abandoning module GitSourceControl (98)
[2015.08.24-08.33.24:364][529]LogModuleManager: Shutting down and abandoning module LightPropagationVolumeEditor (97)
[2015.08.24-08.33.24:364][529]LogModuleManager: Shutting down and abandoning module PaperTiledImporter (96)
[2015.08.24-08.33.24:364][529]LogModuleManager: Shutting down and abandoning module PaperSpriteSheetImporter (95)
[2015.08.24-08.33.24:364][529]LogModuleManager: Shutting down and abandoning module MeshPaint (94)
[2015.08.24-08.33.24:364][529]LogModuleManager: Shutting down and abandoning module SlateReflector (93)
[2015.08.24-08.33.24:364][529]LogModuleManager: Shutting down and abandoning module HotReload (92)
[2015.08.24-08.33.24:364][529]LogModuleManager: Shutting down and abandoning module MainFrame (91)
[2015.08.24-08.33.24:364][529]LogModuleManager: Shutting down and abandoning module LevelEditor (90)
[2015.08.24-08.33.24:365][529]LogModuleManager: Shutting down and abandoning module DirectoryWatcher (89)
[2015.08.24-08.33.24:366][529]LogModuleManager: Shutting down and abandoning module AssetRegistry (88)
[2015.08.24-08.33.24:540][529]LogModuleManager: Shutting down and abandoning module ContentBrowser (87)
[2015.08.24-08.33.24:542][529]LogModuleManager: Shutting down and abandoning module Paper2DEditor (86)
[2015.08.24-08.33.24:542][529]LogModuleManager: Shutting down and abandoning module UdpMessaging (85)
[2015.08.24-08.33.24:642][529]LogModuleManager: Shutting down and abandoning module LightPropagationVolumeRuntime (84)
[2015.08.24-08.33.24:642][529]LogModuleManager: Shutting down and abandoning module Paper2D (83)
[2015.08.24-08.33.24:642][529]LogModuleManager: Shutting down and abandoning module WindowsMoviePlayer (82)
[2015.08.24-08.33.24:649][529]LogModuleManager: Shutting down and abandoning module Media (81)
[2015.08.24-08.33.24:649][529]LogModuleManager: Shutting down and abandoning module WmfMedia (80)
[2015.08.24-08.33.24:650][529]LogModuleManager: Shutting down and abandoning module OnlineBlueprintSupport (79)
[2015.08.24-08.33.24:650][529]LogModuleManager: Shutting down and abandoning module GameplayTasksEditor (78)
[2015.08.24-08.33.24:650][529]LogModuleManager: Shutting down and abandoning module PropertyEditor (77)
[2015.08.24-08.33.24:650][529]LogModuleManager: Shutting down and abandoning module BehaviorTreeEditor (76)
[2015.08.24-08.33.24:650][529]LogModuleManager: Shutting down and abandoning module FunctionalTesting (75)
[2015.08.24-08.33.24:650][529]LogModuleManager: Shutting down and abandoning module CollisionAnalyzer (74)
[2015.08.24-08.33.24:650][529]LogModuleManager: Shutting down and abandoning module WorkspaceMenuStructure (73)
[2015.08.24-08.33.24:650][529]LogModuleManager: Shutting down and abandoning module MessageLog (72)
[2015.08.24-08.33.24:650][529]LogModuleManager: Shutting down and abandoning module Sequencer (71)
[2015.08.24-08.33.24:651][529]LogModuleManager: Shutting down and abandoning module AssetTools (70)
[2015.08.24-08.33.24:651][529]LogModuleManager: Shutting down and abandoning module UMGEditor (69)
[2015.08.24-08.33.24:651][529]LogModuleManager: Shutting down and abandoning module UMG (68)
[2015.08.24-08.33.24:651][529]LogModuleManager: Shutting down and abandoning module Slate (67)
[2015.08.24-08.33.24:651][529]LogModuleManager: Shutting down and abandoning module EditorStyle (66)
[2015.08.24-08.33.24:658][529]LogModuleManager: Shutting down and abandoning module SessionServices (65)
[2015.08.24-08.33.24:658][529]LogModuleManager: Shutting down and abandoning module SourceCodeAccess (64)
[2015.08.24-08.33.24:658][529]LogModuleManager: Shutting down and abandoning module HeadMountedDisplay (63)
[2015.08.24-08.33.24:658][529]LogModuleManager: Shutting down and abandoning module XAudio2 (62)
[2015.08.24-08.33.24:658][529]LogModuleManager: Shutting down and abandoning module Networking (60)
[2015.08.24-08.33.24:658][529]LogModuleManager: Shutting down and abandoning module Core (59)
[2015.08.24-08.33.24:658][529]LogModuleManager: Shutting down and abandoning module KismetCompiler (58)
[2015.08.24-08.33.24:658][529]LogModuleManager: Shutting down and abandoning module PhysXFormats (57)
[2015.08.24-08.33.24:658][529]LogModuleManager: Shutting down and abandoning module MeshUtilities (56)
[2015.08.24-08.33.24:658][529]LogModuleManager: Shutting down and abandoning module CookingStats (55)
[2015.08.24-08.33.24:677][529]LogModuleManager: Shutting down and abandoning module DerivedDataCache (54)
[2015.08.24-08.33.24:736][529]LogDerivedDataCache: Shutdown
[2015.08.24-08.33.24:736][529]LogModuleManager: Shutting down and abandoning module ShaderFormatOpenGL (53)
[2015.08.24-08.33.24:736][529]LogModuleManager: Shutting down and abandoning module ShaderFormatD3D (52)
[2015.08.24-08.33.24:736][529]LogModuleManager: Shutting down and abandoning module MetalShaderFormat (51)
[2015.08.24-08.33.24:736][529]LogModuleManager: Shutting down and abandoning module TextureFormatUncompressed (50)
[2015.08.24-08.33.24:736][529]LogModuleManager: Shutting down and abandoning module TextureFormatPVR (49)
[2015.08.24-08.33.24:736][529]LogModuleManager: Shutting down and abandoning module TextureFormatIntelISPCTexComp (48)
[2015.08.24-08.33.24:736][529]LogModuleManager: Shutting down and abandoning module TextureFormatDXT (47)
[2015.08.24-08.33.24:736][529]LogModuleManager: Shutting down and abandoning module ImageWrapper (46)
[2015.08.24-08.33.24:736][529]LogModuleManager: Shutting down and abandoning module TextureFormatASTC (45)
[2015.08.24-08.33.24:736][529]LogModuleManager: Shutting down and abandoning module TextureFormatAndroid (44)
[2015.08.24-08.33.24:736][529]LogModuleManager: Shutting down and abandoning module AudioFormatOpus (43)
[2015.08.24-08.33.24:736][529]LogModuleManager: Shutting down and abandoning module AudioFormatOgg (42)
[2015.08.24-08.33.24:736][529]LogModuleManager: Shutting down and abandoning module AudioFormatADPCM (41)
[2015.08.24-08.33.24:736][529]LogModuleManager: Shutting down and abandoning module LinuxTargetPlatform (40)
[2015.08.24-08.33.24:736][529]LogModuleManager: Shutting down and abandoning module LinuxServerTargetPlatform (39)
[2015.08.24-08.33.24:736][529]LogModuleManager: Shutting down and abandoning module LinuxNoEditorTargetPlatform (38)
[2015.08.24-08.33.24:737][529]LogModuleManager: Shutting down and abandoning module Messaging (37)
[2015.08.24-08.33.24:737][529]LogModuleManager: Shutting down and abandoning module IOSTargetPlatform (36)
[2015.08.24-08.33.24:737][529]LogModuleManager: Shutting down and abandoning module HTML5TargetPlatform (35)
[2015.08.24-08.33.24:737][529]LogModuleManager: Shutting down and abandoning module Android_PVRTCTargetPlatform (34)
[2015.08.24-08.33.24:737][529]LogModuleManager: Shutting down and abandoning module Android_ETC2TargetPlatform (33)
[2015.08.24-08.33.24:737][529]LogModuleManager: Shutting down and abandoning module Android_ETC1TargetPlatform (32)
[2015.08.24-08.33.24:737][529]LogModuleManager: Shutting down and abandoning module Android_DXTTargetPlatform (31)
[2015.08.24-08.33.24:737][529]LogModuleManager: Shutting down and abandoning module Android_ATCTargetPlatform (30)
[2015.08.24-08.33.24:737][529]LogModuleManager: Shutting down and abandoning module Android_ASTCTargetPlatform (29)
[2015.08.24-08.33.24:737][529]LogModuleManager: Shutting down and abandoning module AndroidTargetPlatform (28)
[2015.08.24-08.33.24:737][529]LogModuleManager: Shutting down and abandoning module WindowsTargetPlatform (27)
[2015.08.24-08.33.24:737][529]LogModuleManager: Shutting down and abandoning module WindowsServerTargetPlatform (26)
[2015.08.24-08.33.24:737][529]LogModuleManager: Shutting down and abandoning module WindowsNoEditorTargetPlatform (25)
[2015.08.24-08.33.24:737][529]LogModuleManager: Shutting down and abandoning module WindowsClientTargetPlatform (24)
[2015.08.24-08.33.24:737][529]LogModuleManager: Shutting down and abandoning module AllDesktopTargetPlatform (23)
[2015.08.24-08.33.24:737][529]LogModuleManager: Shutting down and abandoning module TargetPlatform (22)
[2015.08.24-08.33.24:737][529]LogModuleManager: Shutting down and abandoning module InputCore (21)
[2015.08.24-08.33.24:737][529]LogModuleManager: Shutting down and abandoning module Settings (20)
[2015.08.24-08.33.24:737][529]LogModuleManager: Shutting down and abandoning module OnlineSubsystem (18)
[2015.08.24-08.33.24:737][529]LogModuleManager: Shutting down and abandoning module HTTP (17)
[2015.08.24-08.33.25:738][529]LogModuleManager: Shutting down and abandoning module XMPP (16)
[2015.08.24-08.33.25:738][529]LogModuleManager: Shutting down and abandoning module ExampleDeviceProfileSelector (15)
[2015.08.24-08.33.25:738][529]LogModuleManager: Shutting down and abandoning module TextureCompressor (14)
[2015.08.24-08.33.25:738][529]LogModuleManager: Shutting down and abandoning module ShaderCore (13)
[2015.08.24-08.33.25:738][529]LogModuleManager: Shutting down and abandoning module Landscape (12)
[2015.08.24-08.33.25:738][529]LogModuleManager: Shutting down and abandoning module SlateRHIRenderer (11)
[2015.08.24-08.33.25:739][529]LogModuleManager: Shutting down and abandoning module OpenGLDrv (10)
[2015.08.24-08.33.25:739][529]LogModuleManager: Shutting down and abandoning module D3D11RHI (9)
[2015.08.24-08.33.25:739][529]LogModuleManager: Shutting down and abandoning module AnimGraphRuntime (8)
[2015.08.24-08.33.25:739][529]LogModuleManager: Shutting down and abandoning module Renderer (7)
[2015.08.24-08.33.25:739][529]LogModuleManager: Shutting down and abandoning module Engine (6)
[2015.08.24-08.33.25:739][529]LogModuleManager: Shutting down and abandoning module CoreUObject (5)
[2015.08.24-08.33.25:739][529]LogModuleManager: Shutting down and abandoning module NetworkFile (4)
[2015.08.24-08.33.25:739][529]LogModuleManager: Shutting down and abandoning module StreamingFile (3)
[2015.08.24-08.33.25:739][529]LogModuleManager: Shutting down and abandoning module SandboxFile (2)
[2015.08.24-08.33.25:739][529]LogModuleManager: Shutting down and abandoning module PakFile (1)
[2015.08.24-08.33.25:740][529]LogExit: Exiting.
[2015.08.24-08.33.25:761][529]Log file closed, 08/24/15 01:33:25
